<?xml version="1.0" encoding="utf-8"?><testsuites name="pytest tests"><testsuite name="pytest" errors="0" failures="1" skipped="0" tests="11" time="3.786" timestamp="2026-03-09T08:26:43.676766+00:00" hostname="agent-env-ecf5c13d-ae2a-4ee7-80a6-7dd024e70288"><testcase classname="backend.tests.test_admin_crud_iteration97.TestAdminLogin" name="test_admin_login_success" time="0.344" /><testcase classname="backend.tests.test_admin_crud_iteration97.TestProjectCRUD" name="test_get_admin_projects" time="0.440" /><testcase classname="backend.tests.test_admin_crud_iteration97.TestProjectCRUD" name="test_create_project" time="0.100" /><testcase classname="backend.tests.test_admin_crud_iteration97.TestProjectCRUD" name="test_project_appears_in_list" time="0.342" /><testcase classname="backend.tests.test_admin_crud_iteration97.TestProjectCRUD" name="test_delete_project" time="0.331" /><testcase classname="backend.tests.test_admin_crud_iteration97.TestBlogCRUD" name="test_get_articles" time="0.418" /><testcase classname="backend.tests.test_admin_crud_iteration97.TestBlogCRUD" name="test_create_article" time="0.100" /><testcase classname="backend.tests.test_admin_crud_iteration97.TestBlogCRUD" name="test_article_appears_in_list" time="0.219"><failure message="AssertionError: Created article blog-verify-1d9af70c not found in list&#10;assert False">backend/tests/test_admin_crud_iteration97.py:236: in test_article_appears_in_list
    assert found, f"Created article {test_id} not found in list"
E   AssertionError: Created article blog-verify-1d9af70c not found in list
E   assert False</failure></testcase><testcase classname="backend.tests.test_admin_crud_iteration97.TestBlogCRUD" name="test_delete_article" time="0.369" /><testcase classname="backend.tests.test_admin_crud_iteration97.TestCleanup" name="test_cleanup_test_projects" time="0.625" /><testcase classname="backend.tests.test_admin_crud_iteration97.TestCleanup" name="test_cleanup_test_articles" time="0.428" /></testsuite></testsuites>