<?xml version="1.0" encoding="utf-8"?><testsuites name="pytest tests"><testsuite name="pytest" errors="0" failures="0" skipped="0" tests="11" time="2.931" timestamp="2026-03-09T05:20:23.977646+00:00" hostname="agent-env-ecf5c13d-ae2a-4ee7-80a6-7dd024e70288"><testcase classname="backend.tests.test_admin_projects_crud.TestAdminProjectsCRUD" name="test_01_admin_login" time="0.482" /><testcase classname="backend.tests.test_admin_projects_crud.TestAdminProjectsCRUD" name="test_02_admin_projects_endpoint_exists" time="0.438" /><testcase classname="backend.tests.test_admin_projects_crud.TestAdminProjectsCRUD" name="test_03_admin_projects_vs_public_projects" time="0.211" /><testcase classname="backend.tests.test_admin_projects_crud.TestAdminProjectsCRUD" name="test_04_create_project" time="0.117" /><testcase classname="backend.tests.test_admin_projects_crud.TestAdminProjectsCRUD" name="test_05_verify_created_project_in_list" time="0.142" /><testcase classname="backend.tests.test_admin_projects_crud.TestAdminProjectsCRUD" name="test_06_update_project" time="0.214" /><testcase classname="backend.tests.test_admin_projects_crud.TestAdminProjectsCRUD" name="test_07_verify_updated_project" time="0.102" /><testcase classname="backend.tests.test_admin_projects_crud.TestAdminProjectsCRUD" name="test_08_delete_project" time="0.203" /><testcase classname="backend.tests.test_admin_projects_crud.TestAdminProjectsCRUD" name="test_09_verify_project_deleted" time="0.102" /><testcase classname="backend.tests.test_admin_projects_crud.TestAdminProjectsCRUD" name="test_10_no_cache_headers" time="0.106" /><testcase classname="backend.tests.test_admin_projects_crud.TestCleanup" name="test_cleanup_test_projects" time="0.711" /></testsuite></testsuites>