<?xml version="1.0" encoding="utf-8"?><testsuites name="pytest tests"><testsuite name="pytest" errors="0" failures="0" skipped="0" tests="12" time="3.471" timestamp="2026-02-26T06:17:46.603781+00:00" hostname="agent-env-ee3891f7-80a5-4799-bda1-60cb6cd42361"><testcase classname="backend.tests.test_admin_cms_extended.TestAdminAuth" name="test_admin_login" time="0.400" /><testcase classname="backend.tests.test_admin_cms_extended.TestBrandsAPI" name="test_get_brands_list" time="0.124" /><testcase classname="backend.tests.test_admin_cms_extended.TestBrandsAPI" name="test_get_brand_detail_lutron" time="0.102" /><testcase classname="backend.tests.test_admin_cms_extended.TestBrandsAPI" name="test_update_brand_with_feature_cards" time="0.673" /><testcase classname="backend.tests.test_admin_cms_extended.TestBrandsAPI" name="test_update_brand_with_gallery_images" time="0.339" /><testcase classname="backend.tests.test_admin_cms_extended.TestBrandsAPI" name="test_update_brand_with_related_solutions" time="0.340" /><testcase classname="backend.tests.test_admin_cms_extended.TestProjectsAPI" name="test_get_projects_list" time="0.103" /><testcase classname="backend.tests.test_admin_cms_extended.TestProjectsAPI" name="test_create_project_with_extended_fields" time="0.656" /><testcase classname="backend.tests.test_admin_cms_extended.TestProjectsAPI" name="test_update_project_with_extended_fields" time="0.343" /><testcase classname="backend.tests.test_admin_cms_extended.TestBrandsModelFields" name="test_brands_have_gallery_images_field" time="0.110" /><testcase classname="backend.tests.test_admin_cms_extended.TestBrandsModelFields" name="test_brands_have_feature_cards_field" time="0.124" /><testcase classname="backend.tests.test_admin_cms_extended.TestBrandsModelFields" name="test_brands_have_related_solutions_field" time="0.105" /></testsuite></testsuites>