<?xml version="1.0" encoding="utf-8"?><testsuites name="pytest tests"><testsuite name="pytest" errors="0" failures="4" skipped="0" tests="12" time="3.610" timestamp="2026-02-26T06:16:58.444678+00:00" hostname="agent-env-ee3891f7-80a5-4799-bda1-60cb6cd42361"><testcase classname="backend.tests.test_admin_cms_extended.TestAdminAuth" name="test_admin_login" time="0.467" /><testcase classname="backend.tests.test_admin_cms_extended.TestBrandsAPI" name="test_get_brands_list" time="0.139" /><testcase classname="backend.tests.test_admin_cms_extended.TestBrandsAPI" name="test_get_brand_detail_lutron" time="0.115" /><testcase classname="backend.tests.test_admin_cms_extended.TestBrandsAPI" name="test_update_brand_with_feature_cards" time="0.709"><failure message="AssertionError: Expected 2 feature cards, got 0&#10;assert 0 == 2&#10; +  where 0 = len([])">backend/tests/test_admin_cms_extended.py:122: in test_update_brand_with_feature_cards
    assert len(saved_cards) == 2, f"Expected 2 feature cards, got {len(saved_cards)}"
E   AssertionError: Expected 2 feature cards, got 0
E   assert 0 == 2
E    +  where 0 = len([])</failure></testcase><testcase classname="backend.tests.test_admin_cms_extended.TestBrandsAPI" name="test_update_brand_with_gallery_images" time="0.317"><failure message="AssertionError: Expected 3 gallery images, got 0&#10;assert 0 == 3&#10; +  where 0 = len([])">backend/tests/test_admin_cms_extended.py:156: in test_update_brand_with_gallery_images
    assert len(saved_gallery) == 3, f"Expected 3 gallery images, got {len(saved_gallery)}"
E   AssertionError: Expected 3 gallery images, got 0
E   assert 0 == 3
E    +  where 0 = len([])</failure></testcase><testcase classname="backend.tests.test_admin_cms_extended.TestBrandsAPI" name="test_update_brand_with_related_solutions" time="0.324"><failure message="AssertionError: Expected 3 related solutions, got 0&#10;assert 0 == 3&#10; +  where 0 = len([])">backend/tests/test_admin_cms_extended.py:185: in test_update_brand_with_related_solutions
    assert len(saved_solutions) == 3, f"Expected 3 related solutions, got {len(saved_solutions)}"
E   AssertionError: Expected 3 related solutions, got 0
E   assert 0 == 3
E    +  where 0 = len([])</failure></testcase><testcase classname="backend.tests.test_admin_cms_extended.TestProjectsAPI" name="test_get_projects_list" time="0.126" /><testcase classname="backend.tests.test_admin_cms_extended.TestProjectsAPI" name="test_create_project_with_extended_fields" time="0.545"><failure message="AssertionError: category not saved: None&#10;assert None == 'Smart Villa'&#10; +  where None = &lt;built-in method get of dict object at 0xf96f8553d240&gt;('category')&#10; +    where &lt;built-in method get of dict object at 0xf96f8553d240&gt; = {'budget_range': None, 'challenge': 'The client wanted a fully integrated smart home that could be controlled from anywhere in the world.', 'client_name': None, 'client_role': None, ...}.get">backend/tests/test_admin_cms_extended.py:254: in test_create_project_with_extended_fields
    assert created_project.get("category") == "Smart Villa", f"category not saved: {created_project.get('category')}"
E   AssertionError: category not saved: None
E   assert None == 'Smart Villa'
E    +  where None = &lt;built-in method get of dict object at 0xf96f8553d240&gt;('category')
E    +    where &lt;built-in method get of dict object at 0xf96f8553d240&gt; = {'budget_range': None, 'challenge': 'The client wanted a fully integrated smart home that could be controlled from anywhere in the world.', 'client_name': None, 'client_role': None, ...}.get</failure></testcase><testcase classname="backend.tests.test_admin_cms_extended.TestProjectsAPI" name="test_update_project_with_extended_fields" time="0.342" /><testcase classname="backend.tests.test_admin_cms_extended.TestBrandsModelFields" name="test_brands_have_gallery_images_field" time="0.097" /><testcase classname="backend.tests.test_admin_cms_extended.TestBrandsModelFields" name="test_brands_have_feature_cards_field" time="0.101" /><testcase classname="backend.tests.test_admin_cms_extended.TestBrandsModelFields" name="test_brands_have_related_solutions_field" time="0.108" /></testsuite></testsuites>