<?xml version="1.0" encoding="utf-8"?><testsuites name="pytest tests"><testsuite name="pytest" errors="0" failures="0" skipped="0" tests="8" time="18.873" timestamp="2026-03-01T15:15:16.917530+00:00" hostname="agent-env-3f2efc45-576c-43f9-a2c8-eb7ba2cdeb19"><testcase classname="tests.test_aura_chatbot.TestAuraChatbot" name="test_send_message_basic" time="3.741" /><testcase classname="tests.test_aura_chatbot.TestAuraChatbot" name="test_send_message_smart_home_query" time="6.392" /><testcase classname="tests.test_aura_chatbot.TestAuraChatbot" name="test_get_session_new" time="0.132" /><testcase classname="tests.test_aura_chatbot.TestAuraChatbot" name="test_get_session_with_history" time="3.033" /><testcase classname="tests.test_aura_chatbot.TestAuraChatbot" name="test_delete_session" time="1.617" /><testcase classname="tests.test_aura_chatbot.TestAuraChatbot" name="test_lead_score_calculation" time="3.603" /><testcase classname="tests.test_aura_chatbot.TestAuraChatbot" name="test_get_leads_endpoint" time="0.131" /><testcase classname="tests.test_aura_chatbot.TestAuraChatbot" name="test_get_leads_with_min_score" time="0.103" /></testsuite></testsuites>