<?xml version="1.0" encoding="utf-8"?><testsuites name="pytest tests"><testsuite name="pytest" errors="0" failures="0" skipped="0" tests="9" time="1.884" timestamp="2026-03-02T09:00:38.875688+00:00" hostname="agent-env-417639f0-7c15-4d20-a4ea-509292e701c6"><testcase classname="backend.tests.test_blog_articles_api.TestArticlesAPI" name="test_articles_endpoint_returns_200" time="0.175" /><testcase classname="backend.tests.test_blog_articles_api.TestArticlesAPI" name="test_articles_count_is_53" time="0.117" /><testcase classname="backend.tests.test_blog_articles_api.TestArticlesAPI" name="test_all_articles_have_images" time="0.135" /><testcase classname="backend.tests.test_blog_articles_api.TestArticlesAPI" name="test_first_12_articles_have_unique_images" time="0.123" /><testcase classname="backend.tests.test_blog_articles_api.TestArticlesAPI" name="test_articles_have_required_fields" time="0.112" /><testcase classname="backend.tests.test_blog_articles_api.TestArticlesAPI" name="test_article_images_are_valid_urls" time="0.798" /><testcase classname="backend.tests.test_blog_articles_api.TestArticleCategories" name="test_categories_exist" time="0.095" /><testcase classname="backend.tests.test_blog_articles_api.TestArticleCategories" name="test_smart_home_category_exists" time="0.106" /><testcase classname="backend.tests.test_blog_articles_api.TestHealthEndpoint" name="test_health_endpoint" time="0.116" /></testsuite></testsuites>