<?xml version="1.0" encoding="utf-8"?><testsuites name="pytest tests"><testsuite name="pytest" errors="0" failures="0" skipped="0" tests="22" time="3.598" timestamp="2026-02-25T19:12:42.862109+00:00" hostname="agent-env-efbff260-06f8-4f3e-ab1b-ae42ec8549a0"><testcase classname="backend.tests.test_boardrooms_redesign.TestBoardroomsAuditoriumsAPI" name="test_boardrooms_api_returns_200" time="0.187" /><testcase classname="backend.tests.test_boardrooms_redesign.TestBoardroomsAuditoriumsAPI" name="test_boardrooms_has_correct_title_and_category" time="0.147" /><testcase classname="backend.tests.test_boardrooms_redesign.TestBoardroomsAuditoriumsAPI" name="test_boardrooms_has_12_features" time="0.198" /><testcase classname="backend.tests.test_boardrooms_redesign.TestBoardroomsAuditoriumsAPI" name="test_boardrooms_has_10_brands" time="0.136" /><testcase classname="backend.tests.test_boardrooms_redesign.TestBoardroomsAuditoriumsAPI" name="test_boardrooms_has_8_related_products" time="0.156" /><testcase classname="backend.tests.test_boardrooms_redesign.TestBoardroomsAuditoriumsAPI" name="test_boardrooms_has_6_gallery_images" time="0.132" /><testcase classname="backend.tests.test_boardrooms_redesign.TestBoardroomsAuditoriumsAPI" name="test_boardrooms_has_3_feature_cards" time="0.152" /><testcase classname="backend.tests.test_boardrooms_redesign.TestBoardroomsAuditoriumsAPI" name="test_boardrooms_has_4_faqs" time="0.121" /><testcase classname="backend.tests.test_boardrooms_redesign.TestBoardroomsAuditoriumsAPI" name="test_boardrooms_has_long_description" time="0.128" /><testcase classname="backend.tests.test_boardrooms_redesign.TestRelatedProductsExist" name="test_conference_room_av_systems_exists" time="0.234" /><testcase classname="backend.tests.test_boardrooms_redesign.TestRelatedProductsExist" name="test_video_walls_exists" time="0.181" /><testcase classname="backend.tests.test_boardrooms_redesign.TestRelatedProductsExist" name="test_lighting_automation_exists" time="0.151" /><testcase classname="backend.tests.test_boardrooms_redesign.TestRelatedProductsExist" name="test_audio_systems_exists" time="0.166" /><testcase classname="backend.tests.test_boardrooms_redesign.TestRelatedProductsExist" name="test_climate_control_exists" time="0.120" /><testcase classname="backend.tests.test_boardrooms_redesign.TestRelatedProductsExist" name="test_access_control_exists" time="0.160" /><testcase classname="backend.tests.test_boardrooms_redesign.TestRelatedProductsExist" name="test_networking_exists" time="0.131" /><testcase classname="backend.tests.test_boardrooms_redesign.TestRelatedProductsExist" name="test_security_surveillance_exists" time="0.128" /><testcase classname="backend.tests.test_boardrooms_redesign.TestBrandsAPIEndpoints" name="test_brands_api_returns_brands" time="0.154" /><testcase classname="backend.tests.test_boardrooms_redesign.TestBrandsAPIEndpoints" name="test_crestron_brand_exists" time="0.115" /><testcase classname="backend.tests.test_boardrooms_redesign.TestRegressionPages" name="test_lighting_automation_page" time="0.145" /><testcase classname="backend.tests.test_boardrooms_redesign.TestRegressionPages" name="test_homepage_accessible" time="0.232" /><testcase classname="backend.tests.test_boardrooms_redesign.TestRegressionPages" name="test_solutions_list_api" time="0.256" /></testsuite></testsuites>