<?xml version="1.0" encoding="utf-8"?><testsuites name="pytest tests"><testsuite name="pytest" errors="0" failures="2" skipped="0" tests="16" time="2.628" timestamp="2026-03-05T18:00:37.768928+00:00" hostname="agent-env-1faafc10-f995-409d-8fde-74086cfd17cd"><testcase classname="backend.tests.test_brand_product_mapping.TestBrandSlugFiltering" name="test_borresen_brand_returns_18_products" time="0.268" /><testcase classname="backend.tests.test_brand_product_mapping.TestBrandSlugFiltering" name="test_rotel_brand_returns_10_products" time="0.120" /><testcase classname="backend.tests.test_brand_product_mapping.TestBrandSlugFiltering" name="test_bowers_wilkins_brand_returns_16_products" time="0.114" /><testcase classname="backend.tests.test_brand_product_mapping.TestBrandSlugFiltering" name="test_aavik_brand_returns_20_products" time="0.134" /><testcase classname="backend.tests.test_brand_product_mapping.TestBrandSlugFiltering" name="test_sonos_brand_returns_9_products" time="0.179" /><testcase classname="backend.tests.test_brand_product_mapping.TestBrandSlugFiltering" name="test_ansuz_brand_returns_0_products" time="0.112" /><testcase classname="backend.tests.test_brand_product_mapping.TestBrandSlugFiltering" name="test_bang_olufsen_brand_returns_0_products" time="0.124" /><testcase classname="backend.tests.test_brand_product_mapping.TestProductOrganizedBySeries" name="test_borresen_products_have_series" time="0.110" /><testcase classname="backend.tests.test_brand_product_mapping.TestProductOrganizedBySeries" name="test_rotel_products_have_series" time="0.117" /><testcase classname="backend.tests.test_brand_product_mapping.TestProductImagesExist" name="test_borresen_products_have_images" time="0.127" /><testcase classname="backend.tests.test_brand_product_mapping.TestProductImagesExist" name="test_rotel_products_have_images" time="0.104" /><testcase classname="backend.tests.test_brand_product_mapping.TestProductImagesExist" name="test_product_image_accessible" time="0.251"><failure message="AssertionError: Image https://project-sync-test-1.preview.emergentagent.com/api/uploads/files/products/A14MKII.webp not accessible, got status 405&#10;assert 405 in [200, 301, 302]&#10; +  where 405 = &lt;Response [405]&gt;.status_code">backend/tests/test_brand_product_mapping.py:128: in test_product_image_accessible
    assert img_response.status_code in [200, 301, 302], \
E   AssertionError: Image https://project-sync-test-1.preview.emergentagent.com/api/uploads/files/products/A14MKII.webp not accessible, got status 405
E   assert 405 in [200, 301, 302]
E    +  where 405 = &lt;Response [405]&gt;.status_code</failure></testcase><testcase classname="backend.tests.test_brand_product_mapping.TestProductDetailPages" name="test_product_detail_endpoint" time="0.324" /><testcase classname="backend.tests.test_brand_product_mapping.TestProductDetailPages" name="test_nonexistent_product_returns_404" time="0.128" /><testcase classname="backend.tests.test_brand_product_mapping.TestBrandProductLinkIntegration" name="test_brand_endpoint_exists" time="0.138"><failure message="AssertionError: assert 'Børresen Acoustics' == 'Borresen'&#10;  &#10;  - Borresen&#10;  + Børresen Acoustics">backend/tests/test_brand_product_mapping.py:171: in test_brand_endpoint_exists
    assert brand['name'] == 'Borresen'
E   AssertionError: assert 'Børresen Acoustics' == 'Borresen'
E     
E     - Borresen
E     + Børresen Acoustics</failure></testcase><testcase classname="backend.tests.test_brand_product_mapping.TestBrandProductLinkIntegration" name="test_brand_products_via_brand_query" time="0.134" /></testsuite></testsuites>