<?xml version="1.0" encoding="utf-8"?><testsuites name="pytest tests"><testsuite name="pytest" errors="0" failures="0" skipped="0" tests="11" time="2.692" timestamp="2026-03-05T19:19:27.928555+00:00" hostname="agent-env-c81a113a-cc17-4cc4-879f-90f8fc3c475d"><testcase classname="backend.tests.test_bulk_import_export_gallery.TestCSVExport" name="test_export_returns_csv" time="0.166" /><testcase classname="backend.tests.test_bulk_import_export_gallery.TestCSVExport" name="test_export_has_correct_headers" time="0.135" /><testcase classname="backend.tests.test_bulk_import_export_gallery.TestCSVExport" name="test_export_contains_all_products" time="0.123" /><testcase classname="backend.tests.test_bulk_import_export_gallery.TestCSVExport" name="test_export_multivalue_fields_pipe_separated" time="0.111" /><testcase classname="backend.tests.test_bulk_import_export_gallery.TestCSVImport" name="test_import_creates_new_product" time="0.344" /><testcase classname="backend.tests.test_bulk_import_export_gallery.TestCSVImport" name="test_import_updates_existing_product_by_slug" time="0.497" /><testcase classname="backend.tests.test_bulk_import_export_gallery.TestCSVImport" name="test_import_reports_errors_for_missing_required_fields" time="0.117" /><testcase classname="backend.tests.test_bulk_import_export_gallery.TestProductGalleryImages" name="test_update_product_images_array" time="0.474" /><testcase classname="backend.tests.test_bulk_import_export_gallery.TestProductGalleryImages" name="test_product_with_gallery_has_images_field" time="0.144" /><testcase classname="backend.tests.test_bulk_import_export_gallery.TestProductDetailGallery" name="test_product_detail_returns_images_array" time="0.279" /><testcase classname="backend.tests.test_bulk_import_export_gallery.TestProductDetailGallery" name="test_create_product_with_gallery_images" time="0.197" /></testsuite></testsuites>