<?xml version="1.0" encoding="utf-8"?><testsuites name="pytest tests"><testsuite name="pytest" errors="0" failures="1" skipped="0" tests="14" time="4.136" timestamp="2026-02-26T06:44:36.153963+00:00" hostname="agent-env-ee3891f7-80a5-4799-bda1-60cb6cd42361"><testcase classname="tests.test_catalogues.TestCataloguesPublicAPI" name="test_get_catalogues_list" time="0.185" /><testcase classname="tests.test_catalogues.TestCataloguesPublicAPI" name="test_get_catalogues_returns_data_structure" time="0.127" /><testcase classname="tests.test_catalogues.TestCataloguesPublicAPI" name="test_get_catalogue_by_slug" time="0.122" /><testcase classname="tests.test_catalogues.TestCataloguesPublicAPI" name="test_get_catalogue_not_found" time="0.107" /><testcase classname="tests.test_catalogues.TestCataloguesPublicAPI" name="test_catalogues_filter_by_category" time="0.113" /><testcase classname="tests.test_catalogues.TestPDFServing" name="test_pdf_file_serves_with_200" time="0.117" /><testcase classname="tests.test_catalogues.TestPDFServing" name="test_pdf_file_not_found" time="0.146" /><testcase classname="tests.test_catalogues.TestCataloguesAdminAPI" name="test_admin_login" time="0.344" /><testcase classname="tests.test_catalogues.TestCataloguesAdminAPI" name="test_admin_get_catalogues" time="0.448" /><testcase classname="tests.test_catalogues.TestCataloguesAdminAPI" name="test_admin_catalogues_unauthorized" time="0.111"><failure message="AssertionError: Expected 401, got 403&#10;assert 403 == 401&#10; +  where 403 = &lt;Response [403]&gt;.status_code">tests/test_catalogues.py:112: in test_admin_catalogues_unauthorized
    assert response.status_code == 401, f"Expected 401, got {response.status_code}"
E   AssertionError: Expected 401, got 403
E   assert 403 == 401
E    +  where 403 = &lt;Response [403]&gt;.status_code</failure></testcase><testcase classname="tests.test_catalogues.TestCataloguesAdminAPI" name="test_admin_create_catalogue" time="0.578" /><testcase classname="tests.test_catalogues.TestCataloguesAdminAPI" name="test_admin_update_catalogue" time="0.789" /><testcase classname="tests.test_catalogues.TestCataloguesAdminAPI" name="test_admin_delete_catalogue" time="0.668" /><testcase classname="tests.test_catalogues.TestPDFUploadEndpoint" name="test_pdf_upload_endpoint_exists" time="0.108" /></testsuite></testsuites>