<?xml version="1.0" encoding="utf-8"?><testsuites name="pytest tests"><testsuite name="pytest" errors="0" failures="0" skipped="0" tests="14" time="3.968" timestamp="2026-02-26T06:48:13.770634+00:00" hostname="agent-env-ee3891f7-80a5-4799-bda1-60cb6cd42361"><testcase classname="tests.test_catalogues.TestCataloguesPublicAPI" name="test_get_catalogues_list" time="0.126" /><testcase classname="tests.test_catalogues.TestCataloguesPublicAPI" name="test_get_catalogues_returns_data_structure" time="0.119" /><testcase classname="tests.test_catalogues.TestCataloguesPublicAPI" name="test_get_catalogue_by_slug" time="0.106" /><testcase classname="tests.test_catalogues.TestCataloguesPublicAPI" name="test_get_catalogue_not_found" time="0.100" /><testcase classname="tests.test_catalogues.TestCataloguesPublicAPI" name="test_catalogues_filter_by_category" time="0.105" /><testcase classname="tests.test_catalogues.TestPDFServing" name="test_pdf_file_serves_with_200" time="0.131" /><testcase classname="tests.test_catalogues.TestPDFServing" name="test_pdf_file_not_found" time="0.102" /><testcase classname="tests.test_catalogues.TestCataloguesAdminAPI" name="test_admin_login" time="0.333" /><testcase classname="tests.test_catalogues.TestCataloguesAdminAPI" name="test_admin_get_catalogues" time="0.441" /><testcase classname="tests.test_catalogues.TestCataloguesAdminAPI" name="test_admin_catalogues_unauthorized" time="0.110" /><testcase classname="tests.test_catalogues.TestCataloguesAdminAPI" name="test_admin_create_catalogue" time="0.533" /><testcase classname="tests.test_catalogues.TestCataloguesAdminAPI" name="test_admin_update_catalogue" time="0.846" /><testcase classname="tests.test_catalogues.TestCataloguesAdminAPI" name="test_admin_delete_catalogue" time="0.715" /><testcase classname="tests.test_catalogues.TestPDFUploadEndpoint" name="test_pdf_upload_endpoint_exists" time="0.100" /></testsuite></testsuites>