<?xml version="1.0" encoding="utf-8"?><testsuites name="pytest tests"><testsuite name="pytest" errors="0" failures="0" skipped="0" tests="11" time="6.426" timestamp="2026-03-05T18:34:17.409985+00:00" hostname="agent-env-1faafc10-f995-409d-8fde-74086cfd17cd"><testcase classname="backend.tests.test_catalog_admin_crud.TestCatalogAdminCRUD" name="test_01_list_products" time="0.727" /><testcase classname="backend.tests.test_catalog_admin_crud.TestCatalogAdminCRUD" name="test_02_search_products" time="0.487" /><testcase classname="backend.tests.test_catalog_admin_crud.TestCatalogAdminCRUD" name="test_03_filter_by_category" time="0.476" /><testcase classname="backend.tests.test_catalog_admin_crud.TestCatalogAdminCRUD" name="test_04_filter_by_brand" time="0.467" /><testcase classname="backend.tests.test_catalog_admin_crud.TestCatalogAdminCRUD" name="test_05_pagination" time="0.626" /><testcase classname="backend.tests.test_catalog_admin_crud.TestCatalogAdminCRUD" name="test_06_create_product" time="0.742" /><testcase classname="backend.tests.test_catalog_admin_crud.TestCatalogAdminCRUD" name="test_07_update_product" time="0.754" /><testcase classname="backend.tests.test_catalog_admin_crud.TestCatalogAdminCRUD" name="test_08_delete_product" time="0.689" /><testcase classname="backend.tests.test_catalog_admin_crud.TestCatalogAdminCRUD" name="test_09_get_categories" time="0.478" /><testcase classname="backend.tests.test_catalog_admin_crud.TestCatalogAdminCRUD" name="test_10_get_brands" time="0.442" /><testcase classname="backend.tests.test_catalog_admin_crud.TestCatalogAdminCRUD" name="test_11_product_count_217" time="0.460" /></testsuite></testsuites>