<?xml version="1.0" encoding="utf-8"?><testsuites name="pytest tests"><testsuite name="pytest" errors="0" failures="0" skipped="0" tests="15" time="2.056" timestamp="2026-03-06T10:17:22.078801+00:00" hostname="agent-env-c81a113a-cc17-4cc4-879f-90f8fc3c475d"><testcase classname="backend.tests.test_cdn_image_migration_v92.TestProductsCatalogCDN" name="test_products_list_returns_cdn_urls" time="0.254" /><testcase classname="backend.tests.test_cdn_image_migration_v92.TestProductsCatalogCDN" name="test_products_webp_format" time="0.112" /><testcase classname="backend.tests.test_cdn_image_migration_v92.TestPropertyTypesAPI" name="test_property_types_returns_cdn_urls" time="0.115" /><testcase classname="backend.tests.test_cdn_image_migration_v92.TestPropertyTypesAPI" name="test_property_types_detail" time="0.207" /><testcase classname="backend.tests.test_cdn_image_migration_v92.TestCDNImageAccess" name="test_logo_webp_accessible" time="0.108" /><testcase classname="backend.tests.test_cdn_image_migration_v92.TestCDNImageAccess" name="test_logo_black_webp_accessible" time="0.284" /><testcase classname="backend.tests.test_cdn_image_migration_v92.TestCDNImageAccess" name="test_cdn_cache_headers" time="0.070" /><testcase classname="backend.tests.test_cdn_image_migration_v92.TestCDNImageAccess" name="test_cloudflare_edge_caching" time="0.069" /><testcase classname="backend.tests.test_cdn_image_migration_v92.TestSpecialtyRoomsCDN" name="test_specialty_rooms_cdn_urls" time="0.116" /><testcase classname="backend.tests.test_cdn_image_migration_v92.TestBrandsAPI" name="test_brands_no_unsplash" time="0.110" /><testcase classname="backend.tests.test_cdn_image_migration_v92.TestHomepageAPI" name="test_featured_products_cdn" time="0.103" /><testcase classname="backend.tests.test_cdn_image_migration_v92.TestHomepageAPI" name="test_solutions_api_cdn" time="0.109" /><testcase classname="backend.tests.test_cdn_image_migration_v92.TestHealthAndBasics" name="test_health_endpoint" time="0.103" /><testcase classname="backend.tests.test_cdn_image_migration_v92.TestHealthAndBasics" name="test_packages_control_systems" time="0.118" /><testcase classname="backend.tests.test_cdn_image_migration_v92.TestHealthAndBasics" name="test_packages_enhancements" time="0.111" /></testsuite></testsuites>