<?xml version="1.0" encoding="utf-8"?><testsuites name="pytest tests"><testsuite name="pytest" errors="0" failures="0" skipped="0" tests="14" time="1.762" timestamp="2026-02-26T04:46:11.403018+00:00" hostname="agent-env-dea4c369-a3c6-429f-9840-8995dbb5f76b"><testcase classname="backend.tests.test_cms_extensions.TestSpecialtyRoomsAPI" name="test_get_specialty_rooms_count" time="0.169" /><testcase classname="backend.tests.test_cms_extensions.TestSpecialtyRoomsAPI" name="test_specialty_rooms_have_faqs_field" time="0.110" /><testcase classname="backend.tests.test_cms_extensions.TestSpecialtyRoomsAPI" name="test_specialty_rooms_have_feature_cards_field" time="0.112" /><testcase classname="backend.tests.test_cms_extensions.TestSpecialtyRoomsAPI" name="test_specialty_rooms_data_structure" time="0.152" /><testcase classname="backend.tests.test_cms_extensions.TestLocationsAPI" name="test_get_locations_count" time="0.116" /><testcase classname="backend.tests.test_cms_extensions.TestLocationsAPI" name="test_locations_have_expected_names" time="0.123" /><testcase classname="backend.tests.test_cms_extensions.TestLocationsAPI" name="test_locations_data_structure" time="0.105" /><testcase classname="backend.tests.test_cms_extensions.TestLocationsAPI" name="test_get_single_location" time="0.138" /><testcase classname="backend.tests.test_cms_extensions.TestLocationsAPI" name="test_location_has_editable_fields" time="0.106" /><testcase classname="backend.tests.test_cms_extensions.TestLocationsAPI" name="test_location_update_endpoint_exists" time="0.119" /><testcase classname="backend.tests.test_cms_extensions.TestIntelligenceFeaturesAdminAPI" name="test_intelligence_features_requires_auth" time="0.107" /><testcase classname="backend.tests.test_cms_extensions.TestIntelligenceFeaturesAdminAPI" name="test_intelligence_stats_requires_auth" time="0.109" /><testcase classname="backend.tests.test_cms_extensions.TestGeoPagesRegression" name="test_geo_pages_list" time="0.124" /><testcase classname="backend.tests.test_cms_extensions.TestGeoPagesRegression" name="test_geo_page_by_slug" time="0.107" /></testsuite></testsuites>