<?xml version="1.0" encoding="utf-8"?><testsuites name="pytest tests"><testsuite name="pytest" errors="0" failures="0" skipped="0" tests="16" time="5.536" timestamp="2026-02-25T14:11:23.613639+00:00" hostname="agent-env-78ebdb8d-78fb-480d-aa10-fabe7e457f0e"><testcase classname="backend.tests.test_cms_expanded.TestCMSEndpointsHealth" name="test_backend_health" time="0.230" /><testcase classname="backend.tests.test_cms_expanded.TestCMSEndpointsHealth" name="test_cms_section_endpoint_exists" time="0.163" /><testcase classname="backend.tests.test_cms_expanded.TestCMSEndpointsHealth" name="test_cms_bulk_sections_endpoint_exists" time="0.335" /><testcase classname="backend.tests.test_cms_expanded.TestHomepageCMS" name="test_homepage_hero_exists" time="0.116" /><testcase classname="backend.tests.test_cms_expanded.TestHomepageCMS" name="test_homepage_experience_cta_exists" time="0.113" /><testcase classname="backend.tests.test_cms_expanded.TestHomepageCMS" name="test_homepage_calculator_cards_exists" time="0.110" /><testcase classname="backend.tests.test_cms_expanded.TestHomepageCMS" name="test_homepage_trusted_uae_exists" time="0.164" /><testcase classname="backend.tests.test_cms_expanded.TestSolutionsCMS" name="test_solution_page_cms_key_format" time="1.111" /><testcase classname="backend.tests.test_cms_expanded.TestSolutionsCMS" name="test_bulk_fetch_solution_pages" time="0.131" /><testcase classname="backend.tests.test_cms_expanded.TestSolutionsCMS" name="test_solution_cms_data_structure" time="0.120" /><testcase classname="backend.tests.test_cms_expanded.TestLocationsCMS" name="test_location_page_cms_endpoints" time="0.640" /><testcase classname="backend.tests.test_cms_expanded.TestLocationsCMS" name="test_bulk_fetch_location_pages" time="0.150" /><testcase classname="backend.tests.test_cms_expanded.TestContentPagesCMS" name="test_content_page_cms_endpoints" time="0.867" /><testcase classname="backend.tests.test_cms_expanded.TestPersonasCMS" name="test_persona_page_cms_endpoints" time="0.492" /><testcase classname="backend.tests.test_cms_expanded.TestAdminCMSSaveEndpoint" name="test_admin_settings_put_endpoint" time="0.242" /><testcase classname="backend.tests.test_cms_expanded.TestCMSCaching" name="test_cms_returns_consistent_data" time="0.374" /></testsuite></testsuites>