<?xml version="1.0" encoding="utf-8"?><testsuites name="pytest tests"><testsuite name="pytest" errors="0" failures="0" skipped="0" tests="9" time="1.364" timestamp="2026-02-26T07:16:48.019984+00:00" hostname="agent-env-ee3891f7-80a5-4799-bda1-60cb6cd42361"><testcase classname="backend.tests.test_cms_dynamic_pages.TestCMSSectionAPIs" name="test_cms_page_why_lexa" time="0.289" /><testcase classname="backend.tests.test_cms_dynamic_pages.TestCMSSectionAPIs" name="test_cms_page_big_homes_break_smart" time="0.143" /><testcase classname="backend.tests.test_cms_dynamic_pages.TestCMSSectionAPIs" name="test_cms_page_villa_operating_model" time="0.159" /><testcase classname="backend.tests.test_cms_dynamic_pages.TestCMSSectionAPIs" name="test_cms_page_integrations" time="0.107" /><testcase classname="backend.tests.test_cms_dynamic_pages.TestCMSSectionAPIs" name="test_cms_page_case_studies" time="0.115" /><testcase classname="backend.tests.test_cms_dynamic_pages.TestCMSSectionAPIs" name="test_cms_page_glossary" time="0.138" /><testcase classname="backend.tests.test_cms_dynamic_pages.TestCMSBulkEndpoint" name="test_bulk_cms_sections" time="0.097" /><testcase classname="backend.tests.test_cms_dynamic_pages.TestCMSAPIResponseFormat" name="test_cms_section_response_format" time="0.103" /><testcase classname="backend.tests.test_cms_dynamic_pages.TestCMSAPIResponseFormat" name="test_cms_nonexistent_section_returns_null_value" time="0.148" /></testsuite></testsuites>