<?xml version="1.0" encoding="utf-8"?><testsuites name="pytest tests"><testsuite name="pytest" errors="0" failures="0" skipped="0" tests="16" time="6.867" timestamp="2026-02-25T16:29:17.903943+00:00" hostname="agent-env-2e8f289e-0c41-4308-ab01-a13f0dfa8ac6"><testcase classname="tests.test_cms_seo_metadata.TestAdminAuth" name="test_admin_login_success" time="0.431" /><testcase classname="tests.test_cms_seo_metadata.TestCMSSEOEndpoints" name="test_get_cms_section_seo_global" time="0.271" /><testcase classname="tests.test_cms_seo_metadata.TestCMSSEOEndpoints" name="test_get_cms_section_nonexistent" time="0.243" /><testcase classname="tests.test_cms_seo_metadata.TestCMSSEOEndpoints" name="test_get_cms_sections_bulk" time="0.140" /><testcase classname="tests.test_cms_seo_metadata.TestCMSSEOEndpoints" name="test_put_seo_setting_work_with_us" time="0.712" /><testcase classname="tests.test_cms_seo_metadata.TestCMSSEOEndpoints" name="test_put_seo_setting_partner_with_us" time="0.664" /><testcase classname="tests.test_cms_seo_metadata.TestCMSSEOEndpoints" name="test_put_seo_setting_vendor_supplier" time="0.646" /><testcase classname="tests.test_cms_seo_metadata.TestCMSSEOEndpoints" name="test_put_seo_global_settings" time="0.816" /><testcase classname="tests.test_cms_seo_metadata.TestCMSSEOEndpoints" name="test_put_seo_solutions_slug" time="0.699" /><testcase classname="tests.test_cms_seo_metadata.TestCMSSEOFallback" name="test_cms_section_returns_null_for_missing" time="0.148" /><testcase classname="tests.test_cms_seo_metadata.TestCMSSEOFallback" name="test_bulk_sections_includes_all_keys" time="0.114" /><testcase classname="tests.test_cms_seo_metadata.TestAdminCMSPageSEOSections" name="test_admin_can_get_seo_work_with_us_setting" time="0.553" /><testcase classname="tests.test_cms_seo_metadata.TestAdminCMSPageSEOSections" name="test_admin_can_get_seo_partner_with_us_setting" time="0.526" /><testcase classname="tests.test_cms_seo_metadata.TestAdminCMSPageSEOSections" name="test_admin_can_get_seo_vendor_supplier_setting" time="0.523" /><testcase classname="tests.test_cms_seo_metadata.TestCacheHeaders" name="test_cms_section_has_cache_control" time="0.193" /><testcase classname="tests.test_cms_seo_metadata.TestHealthAndBasicAPIs" name="test_api_health" time="0.117" /></testsuite></testsuites>