<?xml version="1.0" encoding="utf-8"?><testsuites name="pytest tests"><testsuite name="pytest" errors="0" failures="2" skipped="0" tests="17" time="3.362" timestamp="2026-02-25T13:19:00.013562+00:00" hostname="agent-env-585ccbca-61c9-4faf-a2ca-c802294128ff"><testcase classname="tests.test_cms_api.TestPublicCMSEndpoints" name="test_get_homepage_hero_section" time="0.178" /><testcase classname="tests.test_cms_api.TestPublicCMSEndpoints" name="test_get_experience_cta_section" time="0.154" /><testcase classname="tests.test_cms_api.TestPublicCMSEndpoints" name="test_get_calculator_cards_section" time="0.154" /><testcase classname="tests.test_cms_api.TestPublicCMSEndpoints" name="test_get_trusted_uae_section" time="0.138" /><testcase classname="tests.test_cms_api.TestPublicCMSEndpoints" name="test_get_careers_positions_section" time="0.118" /><testcase classname="tests.test_cms_api.TestPublicCMSEndpoints" name="test_get_nonexistent_section" time="0.168" /><testcase classname="tests.test_cms_api.TestBulkCMSEndpoints" name="test_get_bulk_cms_sections" time="0.118" /><testcase classname="tests.test_cms_api.TestBulkCMSEndpoints" name="test_get_all_cms_sections_bulk" time="0.118" /><testcase classname="tests.test_cms_api.TestBulkCMSEndpoints" name="test_get_bulk_with_empty_keys" time="0.144" /><testcase classname="tests.test_cms_api.TestAdminCMSEndpoints" name="test_admin_login" time="0.356" /><testcase classname="tests.test_cms_api.TestAdminCMSEndpoints" name="test_admin_update_cms_section" time="0.807"><failure message="AssertionError: Update should persist&#10;assert 'INTEGRATED LUXURY LIVING' == 'TEST_HEADING_7b014ecf'&#10;  &#10;  - TEST_HEADING_7b014ecf&#10;  + INTEGRATED LUXURY LIVING">tests/test_cms_api.py:207: in test_admin_update_cms_section
    assert verify_data["heading_en"] == test_heading, "Update should persist"
E   AssertionError: Update should persist
E   assert 'INTEGRATED LUXURY LIVING' == 'TEST_HEADING_7b014ecf'
E     
E     - TEST_HEADING_7b014ecf
E     + INTEGRATED LUXURY LIVING</failure></testcase><testcase classname="tests.test_cms_api.TestAdminCMSEndpoints" name="test_admin_update_without_auth" time="0.125"><failure message="AssertionError: Should reject unauthorized request&#10;assert 200 in [401, 403]&#10; +  where 200 = &lt;Response [200]&gt;.status_code">tests/test_cms_api.py:223: in test_admin_update_without_auth
    assert response.status_code in [401, 403], "Should reject unauthorized request"
E   AssertionError: Should reject unauthorized request
E   assert 200 in [401, 403]
E    +  where 200 = &lt;Response [200]&gt;.status_code</failure></testcase><testcase classname="tests.test_cms_api.TestCMSDataIntegrity" name="test_homepage_hero_structure_for_herocurator" time="0.112" /><testcase classname="tests.test_cms_api.TestCMSDataIntegrity" name="test_experience_cta_structure" time="0.127" /><testcase classname="tests.test_cms_api.TestCMSDataIntegrity" name="test_calculator_cards_structure" time="0.104" /><testcase classname="tests.test_cms_api.TestCMSDataIntegrity" name="test_trusted_uae_structure" time="0.102" /><testcase classname="tests.test_cms_api.TestCMSDataIntegrity" name="test_careers_positions_structure" time="0.120" /></testsuite></testsuites>