<?xml version="1.0" encoding="utf-8"?><testsuites name="pytest tests"><testsuite name="pytest" errors="0" failures="2" skipped="0" tests="16" time="7.001" timestamp="2026-02-25T16:28:51.015180+00:00" hostname="agent-env-2e8f289e-0c41-4308-ab01-a13f0dfa8ac6"><testcase classname="tests.test_cms_seo_metadata.TestAdminAuth" name="test_admin_login_success" time="0.621"><failure message="AssertionError: Token not in response&#10;assert 'token' in {'access_token': 'eyJhbGciOiJIUzI1NiIsInR5cCI6IkpXVCJ9.eyJzdWIiOiJhZG1pbiIsImV4cCI6MTc3MjEyMzMzMX0.G0510iErtaEiqy5IYNhrXAi9hU9SPpqD9N5DFf_X4Ks', 'token_type': 'bearer'}">tests/test_cms_seo_metadata.py:27: in test_admin_login_success
    assert "token" in data, "Token not in response"
E   AssertionError: Token not in response
E   assert 'token' in {'access_token': 'eyJhbGciOiJIUzI1NiIsInR5cCI6IkpXVCJ9.eyJzdWIiOiJhZG1pbiIsImV4cCI6MTc3MjEyMzMzMX0.G0510iErtaEiqy5IYNhrXAi9hU9SPpqD9N5DFf_X4Ks', 'token_type': 'bearer'}</failure></testcase><testcase classname="tests.test_cms_seo_metadata.TestCMSSEOEndpoints" name="test_get_cms_section_seo_global" time="0.166" /><testcase classname="tests.test_cms_seo_metadata.TestCMSSEOEndpoints" name="test_get_cms_section_nonexistent" time="0.135" /><testcase classname="tests.test_cms_seo_metadata.TestCMSSEOEndpoints" name="test_get_cms_sections_bulk" time="0.128" /><testcase classname="tests.test_cms_seo_metadata.TestCMSSEOEndpoints" name="test_put_seo_setting_work_with_us" time="0.613" /><testcase classname="tests.test_cms_seo_metadata.TestCMSSEOEndpoints" name="test_put_seo_setting_partner_with_us" time="0.731" /><testcase classname="tests.test_cms_seo_metadata.TestCMSSEOEndpoints" name="test_put_seo_setting_vendor_supplier" time="0.621" /><testcase classname="tests.test_cms_seo_metadata.TestCMSSEOEndpoints" name="test_put_seo_global_settings" time="0.689" /><testcase classname="tests.test_cms_seo_metadata.TestCMSSEOEndpoints" name="test_put_seo_solutions_slug" time="0.707" /><testcase classname="tests.test_cms_seo_metadata.TestCMSSEOFallback" name="test_cms_section_returns_null_for_missing" time="0.188" /><testcase classname="tests.test_cms_seo_metadata.TestCMSSEOFallback" name="test_bulk_sections_includes_all_keys" time="0.207" /><testcase classname="tests.test_cms_seo_metadata.TestAdminCMSPageSEOSections" name="test_admin_can_get_seo_work_with_us_setting" time="0.619" /><testcase classname="tests.test_cms_seo_metadata.TestAdminCMSPageSEOSections" name="test_admin_can_get_seo_partner_with_us_setting" time="0.477" /><testcase classname="tests.test_cms_seo_metadata.TestAdminCMSPageSEOSections" name="test_admin_can_get_seo_vendor_supplier_setting" time="0.569" /><testcase classname="tests.test_cms_seo_metadata.TestCacheHeaders" name="test_cms_section_has_cache_control" time="0.138"><failure message="AssertionError: Cache-Control should have caching directives: no-store, no-cache, must-revalidate&#10;assert ('max-age' in 'no-store, no-cache, must-revalidate' or 'public' in 'no-store, no-cache, must-revalidate')">tests/test_cms_seo_metadata.py:279: in test_cms_section_has_cache_control
    assert "max-age" in cache_control or "public" in cache_control, \
E   AssertionError: Cache-Control should have caching directives: no-store, no-cache, must-revalidate
E   assert ('max-age' in 'no-store, no-cache, must-revalidate' or 'public' in 'no-store, no-cache, must-revalidate')</failure></testcase><testcase classname="tests.test_cms_seo_metadata.TestHealthAndBasicAPIs" name="test_api_health" time="0.181" /></testsuite></testsuites>