<?xml version="1.0" encoding="utf-8"?><testsuites name="pytest tests"><testsuite name="pytest" errors="0" failures="0" skipped="0" tests="40" time="15.148" timestamp="2026-02-25T17:35:25.034911+00:00" hostname="agent-env-2e8f289e-0c41-4308-ab01-a13f0dfa8ac6"><testcase classname="backend.tests.test_comprehensive_regression.TestModule1Auth" name="test_admin_login_valid" time="0.529" /><testcase classname="backend.tests.test_comprehensive_regression.TestModule1Auth" name="test_admin_login_invalid_credentials" time="0.140" /><testcase classname="backend.tests.test_comprehensive_regression.TestModule1Auth" name="test_admin_verify_with_token" time="0.143" /><testcase classname="backend.tests.test_comprehensive_regression.TestModule1Auth" name="test_admin_verify_without_token" time="0.146" /><testcase classname="backend.tests.test_comprehensive_regression.TestModule2CMS" name="test_get_cms_sections_bulk" time="0.151" /><testcase classname="backend.tests.test_comprehensive_regression.TestModule2CMS" name="test_get_cms_section_by_key" time="0.179" /><testcase classname="backend.tests.test_comprehensive_regression.TestModule2CMS" name="test_cms_register_defaults" time="0.152" /><testcase classname="backend.tests.test_comprehensive_regression.TestModule2CMS" name="test_cms_cache_headers" time="0.204" /><testcase classname="backend.tests.test_comprehensive_regression.TestModule3Solutions" name="test_get_solutions_list" time="0.351" /><testcase classname="backend.tests.test_comprehensive_regression.TestModule3Solutions" name="test_get_solutions_featured" time="0.156" /><testcase classname="backend.tests.test_comprehensive_regression.TestModule3Solutions" name="test_get_solutions_mega_menu" time="0.121" /><testcase classname="backend.tests.test_comprehensive_regression.TestModule3Solutions" name="test_get_solution_by_slug" time="0.370" /><testcase classname="backend.tests.test_comprehensive_regression.TestModule4Services" name="test_get_services_list" time="0.134" /><testcase classname="backend.tests.test_comprehensive_regression.TestModule4Services" name="test_get_service_by_slug" time="0.187" /><testcase classname="backend.tests.test_comprehensive_regression.TestModule5Projects" name="test_get_projects_list" time="0.140" /><testcase classname="backend.tests.test_comprehensive_regression.TestModule5Projects" name="test_get_project_by_id" time="0.310" /><testcase classname="backend.tests.test_comprehensive_regression.TestModule6Packages" name="test_get_property_types" time="0.148" /><testcase classname="backend.tests.test_comprehensive_regression.TestModule6Packages" name="test_get_specialty_rooms" time="0.138" /><testcase classname="backend.tests.test_comprehensive_regression.TestModule6Packages" name="test_get_enhancements" time="0.154" /><testcase classname="backend.tests.test_comprehensive_regression.TestModule7Articles" name="test_get_articles_list" time="0.177" /><testcase classname="backend.tests.test_comprehensive_regression.TestModule7Articles" name="test_get_article_by_slug" time="0.320" /><testcase classname="backend.tests.test_comprehensive_regression.TestModule7Articles" name="test_get_article_categories" time="0.230" /><testcase classname="backend.tests.test_comprehensive_regression.TestModule8BrandsProducts" name="test_get_brands" time="0.158" /><testcase classname="backend.tests.test_comprehensive_regression.TestModule8BrandsProducts" name="test_get_products" time="0.187" /><testcase classname="backend.tests.test_comprehensive_regression.TestModule9Testimonials" name="test_get_testimonials" time="0.120" /><testcase classname="backend.tests.test_comprehensive_regression.TestModule10Submissions" name="test_consultation_submission" time="1.544" /><testcase classname="backend.tests.test_comprehensive_regression.TestModule10Submissions" name="test_contact_submission" time="0.864" /><testcase classname="backend.tests.test_comprehensive_regression.TestModule11Calculator" name="test_cost_calculator" time="0.121" /><testcase classname="backend.tests.test_comprehensive_regression.TestModule11Calculator" name="test_roi_calculator" time="0.122" /><testcase classname="backend.tests.test_comprehensive_regression.TestModule12AdminCRUD" name="test_create_solution" time="0.575" /><testcase classname="backend.tests.test_comprehensive_regression.TestModule12AdminCRUD" name="test_update_solution" time="1.972" /><testcase classname="backend.tests.test_comprehensive_regression.TestModule12AdminCRUD" name="test_delete_solution" time="0.614" /><testcase classname="backend.tests.test_comprehensive_regression.TestModule13AdminSettings" name="test_get_setting" time="0.661" /><testcase classname="backend.tests.test_comprehensive_regression.TestModule13AdminSettings" name="test_update_setting" time="0.520" /><testcase classname="backend.tests.test_comprehensive_regression.TestModule14SEO" name="test_sitemap_data_api" time="0.140" /><testcase classname="backend.tests.test_comprehensive_regression.TestModule14SEO" name="test_sitemap_xml" time="2.177" /><testcase classname="backend.tests.test_comprehensive_regression.TestModule14SEO" name="test_robots_txt" time="0.180" /><testcase classname="backend.tests.test_comprehensive_regression.TestHealthAndBasics" name="test_health_endpoint" time="0.144" /><testcase classname="backend.tests.test_comprehensive_regression.TestHealthAndBasics" name="test_api_root" time="0.159" /><testcase classname="backend.tests.test_comprehensive_regression.TestHealthAndBasics" name="test_settings_endpoint" time="0.195" /></testsuite></testsuites>