<?xml version="1.0" encoding="utf-8"?><testsuites name="pytest tests"><testsuite name="pytest" errors="0" failures="1" skipped="0" tests="16" time="2.991" timestamp="2026-03-04T14:28:26.579896+00:00" hostname="agent-env-89bb505b-5571-4e6e-8fb7-49f24ed86f79"><testcase classname="tests.test_comprehensive_qa.TestHealthAndBasicAPIs" name="test_health_endpoint" time="0.155" /><testcase classname="tests.test_comprehensive_qa.TestHealthAndBasicAPIs" name="test_solutions_api" time="0.210" /><testcase classname="tests.test_comprehensive_qa.TestHealthAndBasicAPIs" name="test_services_api" time="0.114" /><testcase classname="tests.test_comprehensive_qa.TestHealthAndBasicAPIs" name="test_articles_api" time="0.108" /><testcase classname="tests.test_comprehensive_qa.TestHealthAndBasicAPIs" name="test_projects_api" time="0.114" /><testcase classname="tests.test_comprehensive_qa.TestHealthAndBasicAPIs" name="test_brands_api" time="0.125" /><testcase classname="tests.test_comprehensive_qa.TestHealthAndBasicAPIs" name="test_testimonials_api" time="0.126" /><testcase classname="tests.test_comprehensive_qa.TestHealthAndBasicAPIs" name="test_property_types_api" time="0.116"><failure message="AssertionError: assert False&#10; +  where False = isinstance({'packages': [{'description': 'Complete smart home orchestration for expansive estates with intelligent integration across all living spaces, outdoor areas, and staff quarters.', 'display_order': 1, 'hero_image': 'https://static.prod-images.emergentagent.com/jobs/94a1fe5f-abfa-4a63-b3ef-fd905e8c4bb0/images/652685c5fcc4fe419533d65239747e742e04f783ff9cc531f51a8c058955b31a.png', 'image': 'https://static.prod-images.emergentagent.com/jobs/94a1fe5f-abfa-4a63-b3ef-fd905e8c4bb0/images/652685c5fcc4fe419533d65239747e742e04f783ff9cc531f51a8c058955b31a.png', ...}, {'description': 'Elevated smart living for luxury penthouses with floor-to-ceiling automation, motorized shades, climate zones, and entertainment systems optimized for high-rise living.', 'display_order': 2, 'hero_image': 'https://static.prod-images.emergentagent.com/jobs/94a1fe5f-abfa-4a63-b3ef-fd905e8c4bb0/images/2ed51491b457899b2b796aae0871781bafb04f0ec076eee8e62bb2f8d1468fd0.png', 'image': 'https://static.prod-images.emergentagent.com/jobs/94a1fe5f-abfa-4a63-b3ef-fd905e8c4bb0/images/2ed51491b457899b2b796aae0871781bafb04f0ec076eee8e62bb2f8d1468fd0.png', ...}, {'description': 'Sophisticated automation for urban luxury living wit...g', ...}, {'description': 'Smart-enabled studio apartments perfect for developer projects. Pre-wired automation packages that attract modern renters and buyers.', 'display_order': 4, 'hero_image': 'https://static.prod-images.emergentagent.com/jobs/94a1fe5f-abfa-4a63-b3ef-fd905e8c4bb0/images/bad1cc08d3a3127f92a2f653798c2801e814e03efcda763679a79970534ee549.png', 'image': 'https://static.prod-images.emergentagent.com/jobs/94a1fe5f-abfa-4a63-b3ef-fd905e8c4bb0/images/bad1cc08d3a3127f92a2f653798c2801e814e03efcda763679a79970534ee549.png', ...}, {'description': 'Complete smart home packages for 1BR apartments. Pre-configured systems for consistent developer deployment across multiple units.', 'display_order': 5, 'hero_image': 'https://images.unsplash.com/photo-1560448204-e02f11c3d0e2?q=85', 'image': 'https://images.unsplash.com/photo-1560448204-e02f11c3d0e2?q=85', ...}, {'description': 'Smart home automation for 2BR apartments. Ideal for families and developers seeking premium smart-enabled units.', 'display_order': 6, 'hero_image': 'https://images.unsplash.com/photo-1522708323590-d24dbb6b0267?q=85', 'image': 'https://images.unsplash.com/photo-1522708323590-d24dbb6b0267?q=85', ...}, ...]}, list)">tests/test_comprehensive_qa.py:84: in test_property_types_api
    assert isinstance(data, list)
E   AssertionError: assert False
E    +  where False = isinstance({'packages': [{'description': 'Complete smart home orchestration for expansive estates with intelligent integration across all living spaces, outdoor areas, and staff quarters.', 'display_order': 1, 'hero_image': 'https://static.prod-images.emergentagent.com/jobs/94a1fe5f-abfa-4a63-b3ef-fd905e8c4bb0/images/652685c5fcc4fe419533d65239747e742e04f783ff9cc531f51a8c058955b31a.png', 'image': 'https://static.prod-images.emergentagent.com/jobs/94a1fe5f-abfa-4a63-b3ef-fd905e8c4bb0/images/652685c5fcc4fe419533d65239747e742e04f783ff9cc531f51a8c058955b31a.png', ...}, {'description': 'Elevated smart living for luxury penthouses with floor-to-ceiling automation, motorized shades, climate zones, and entertainment systems optimized for high-rise living.', 'display_order': 2, 'hero_image': 'https://static.prod-images.emergentagent.com/jobs/94a1fe5f-abfa-4a63-b3ef-fd905e8c4bb0/images/2ed51491b457899b2b796aae0871781bafb04f0ec076eee8e62bb2f8d1468fd0.png', 'image': 'https://static.prod-images.emergentagent.com/jobs/94a1fe5f-abfa-4a63-b3ef-fd905e8c4bb0/images/2ed51491b457899b2b796aae0871781bafb04f0ec076eee8e62bb2f8d1468fd0.png', ...}, {'description': 'Sophisticated automation for urban luxury living wit...g', ...}, {'description': 'Smart-enabled studio apartments perfect for developer projects. Pre-wired automation packages that attract modern renters and buyers.', 'display_order': 4, 'hero_image': 'https://static.prod-images.emergentagent.com/jobs/94a1fe5f-abfa-4a63-b3ef-fd905e8c4bb0/images/bad1cc08d3a3127f92a2f653798c2801e814e03efcda763679a79970534ee549.png', 'image': 'https://static.prod-images.emergentagent.com/jobs/94a1fe5f-abfa-4a63-b3ef-fd905e8c4bb0/images/bad1cc08d3a3127f92a2f653798c2801e814e03efcda763679a79970534ee549.png', ...}, {'description': 'Complete smart home packages for 1BR apartments. Pre-configured systems for consistent developer deployment across multiple units.', 'display_order': 5, 'hero_image': 'https://images.unsplash.com/photo-1560448204-e02f11c3d0e2?q=85', 'image': 'https://images.unsplash.com/photo-1560448204-e02f11c3d0e2?q=85', ...}, {'description': 'Smart home automation for 2BR apartments. Ideal for families and developers seeking premium smart-enabled units.', 'display_order': 6, 'hero_image': 'https://images.unsplash.com/photo-1522708323590-d24dbb6b0267?q=85', 'image': 'https://images.unsplash.com/photo-1522708323590-d24dbb6b0267?q=85', ...}, ...]}, list)</failure></testcase><testcase classname="tests.test_comprehensive_qa.TestHealthAndBasicAPIs" name="test_catalogues_api" time="0.109" /><testcase classname="tests.test_comprehensive_qa.TestAdminAuthentication" name="test_admin_login_success" time="0.381" /><testcase classname="tests.test_comprehensive_qa.TestAdminAuthentication" name="test_admin_login_invalid_credentials" time="0.116" /><testcase classname="tests.test_comprehensive_qa.TestDetailEndpoints" name="test_solution_detail" time="0.238" /><testcase classname="tests.test_comprehensive_qa.TestDetailEndpoints" name="test_service_detail" time="0.221" /><testcase classname="tests.test_comprehensive_qa.TestDetailEndpoints" name="test_article_detail" time="0.226" /><testcase classname="tests.test_comprehensive_qa.TestDetailEndpoints" name="test_project_detail" time="0.247" /><testcase classname="tests.test_comprehensive_qa.TestDetailEndpoints" name="test_brand_detail" time="0.235" /></testsuite></testsuites>