<?xml version="1.0" encoding="utf-8"?><testsuites name="pytest tests"><testsuite name="pytest" errors="0" failures="0" skipped="0" tests="54" time="14.647" timestamp="2026-02-26T08:47:10.943300+00:00" hostname="agent-env-2a413a3a-70c9-4f9d-96f9-fd4109e07356"><testcase classname="backend.tests.test_comprehensive_crud_audit.TestAdminAuth" name="test_admin_login_success" time="0.453" /><testcase classname="backend.tests.test_comprehensive_crud_audit.TestAdminAuth" name="test_admin_login_invalid_credentials" time="0.334" /><testcase classname="backend.tests.test_comprehensive_crud_audit.TestAdminAuth" name="test_admin_verify_token" time="0.443" /><testcase classname="backend.tests.test_comprehensive_crud_audit.TestSolutionsCRUD" name="test_get_solutions" time="0.162" /><testcase classname="backend.tests.test_comprehensive_crud_audit.TestSolutionsCRUD" name="test_get_solution_by_slug" time="0.265" /><testcase classname="backend.tests.test_comprehensive_crud_audit.TestSolutionsCRUD" name="test_crud_solution_full_cycle" time="0.657" /><testcase classname="backend.tests.test_comprehensive_crud_audit.TestServicesCRUD" name="test_get_services" time="0.107" /><testcase classname="backend.tests.test_comprehensive_crud_audit.TestServicesCRUD" name="test_get_service_by_slug" time="0.201" /><testcase classname="backend.tests.test_comprehensive_crud_audit.TestProjectsCRUD" name="test_get_projects" time="0.106" /><testcase classname="backend.tests.test_comprehensive_crud_audit.TestProjectsCRUD" name="test_get_project_by_id" time="0.217" /><testcase classname="backend.tests.test_comprehensive_crud_audit.TestProjectsCRUD" name="test_crud_project_full_cycle" time="0.317" /><testcase classname="backend.tests.test_comprehensive_crud_audit.TestBrandsCRUD" name="test_get_brands" time="0.119" /><testcase classname="backend.tests.test_comprehensive_crud_audit.TestBrandsCRUD" name="test_get_brand_by_slug" time="0.228" /><testcase classname="backend.tests.test_comprehensive_crud_audit.TestBrandsCRUD" name="test_crud_brand_full_cycle" time="0.348" /><testcase classname="backend.tests.test_comprehensive_crud_audit.TestArticlesCRUD" name="test_get_articles" time="0.162" /><testcase classname="backend.tests.test_comprehensive_crud_audit.TestArticlesCRUD" name="test_crud_article_full_cycle" time="0.323" /><testcase classname="backend.tests.test_comprehensive_crud_audit.TestNewsCRUD" name="test_crud_news_full_cycle" time="0.530" /><testcase classname="backend.tests.test_comprehensive_crud_audit.TestProductsCRUD" name="test_get_products" time="0.098" /><testcase classname="backend.tests.test_comprehensive_crud_audit.TestProductsCRUD" name="test_crud_product_full_cycle" time="0.361" /><testcase classname="backend.tests.test_comprehensive_crud_audit.TestCataloguesCRUD" name="test_get_catalogues" time="0.098" /><testcase classname="backend.tests.test_comprehensive_crud_audit.TestCataloguesCRUD" name="test_get_admin_catalogues" time="0.116" /><testcase classname="backend.tests.test_comprehensive_crud_audit.TestCataloguesCRUD" name="test_crud_catalogue_full_cycle" time="0.315" /><testcase classname="backend.tests.test_comprehensive_crud_audit.TestCMSSettings" name="test_get_all_settings" time="0.105" /><testcase classname="backend.tests.test_comprehensive_crud_audit.TestCMSSettings" name="test_get_setting_by_key" time="0.111" /><testcase classname="backend.tests.test_comprehensive_crud_audit.TestCMSSettings" name="test_update_setting" time="0.194" /><testcase classname="backend.tests.test_comprehensive_crud_audit.TestVideosCRUD" name="test_get_videos" time="0.109" /><testcase classname="backend.tests.test_comprehensive_crud_audit.TestVideosCRUD" name="test_crud_video_full_cycle" time="0.326" /><testcase classname="backend.tests.test_comprehensive_crud_audit.TestIntelligenceFeatures" name="test_get_intelligence_features" time="0.286" /><testcase classname="backend.tests.test_comprehensive_crud_audit.TestIntelligenceFeatures" name="test_get_feature_categories" time="0.104" /><testcase classname="backend.tests.test_comprehensive_crud_audit.TestIntelligenceFeatures" name="test_crud_intelligence_feature" time="0.369" /><testcase classname="backend.tests.test_comprehensive_crud_audit.TestGeoPages" name="test_get_geo_pages" time="0.119" /><testcase classname="backend.tests.test_comprehensive_crud_audit.TestGeoPages" name="test_crud_geo_page_full_cycle" time="0.417" /><testcase classname="backend.tests.test_comprehensive_crud_audit.TestLocations" name="test_get_locations" time="0.105" /><testcase classname="backend.tests.test_comprehensive_crud_audit.TestPackages" name="test_get_property_types" time="0.105" /><testcase classname="backend.tests.test_comprehensive_crud_audit.TestPackages" name="test_get_specialty_rooms" time="0.103" /><testcase classname="backend.tests.test_comprehensive_crud_audit.TestPackages" name="test_get_enhancements" time="0.110" /><testcase classname="backend.tests.test_comprehensive_crud_audit.TestPackages" name="test_get_control_systems" time="0.102" /><testcase classname="backend.tests.test_comprehensive_crud_audit.TestPackages" name="test_get_brand_options" time="0.101" /><testcase classname="backend.tests.test_comprehensive_crud_audit.TestBookings" name="test_consultation_booking" time="1.619" /><testcase classname="backend.tests.test_comprehensive_crud_audit.TestBookings" name="test_contact_booking" time="1.190" /><testcase classname="backend.tests.test_comprehensive_crud_audit.TestSubmissions" name="test_contact_submission" time="1.523" /><testcase classname="backend.tests.test_comprehensive_crud_audit.TestAdminStats" name="test_get_admin_stats" time="0.111" /><testcase classname="backend.tests.test_comprehensive_crud_audit.TestAdminSubmissions" name="test_get_consultation_submissions" time="0.097" /><testcase classname="backend.tests.test_comprehensive_crud_audit.TestAdminSubmissions" name="test_get_contact_submissions" time="0.108" /><testcase classname="backend.tests.test_comprehensive_crud_audit.TestPricing" name="test_get_all_pricing" time="0.131" /><testcase classname="backend.tests.test_comprehensive_crud_audit.TestPricing" name="test_get_calculator_solutions" time="0.102" /><testcase classname="backend.tests.test_comprehensive_crud_audit.TestPricing" name="test_get_budget_ranges" time="0.102" /><testcase classname="backend.tests.test_comprehensive_crud_audit.TestCalculator" name="test_calculator_estimate" time="0.114" /><testcase classname="backend.tests.test_comprehensive_crud_audit.TestSEO" name="test_get_organization_schema" time="0.100" /><testcase classname="backend.tests.test_comprehensive_crud_audit.TestSEO" name="test_get_sitemap_data" time="0.119" /><testcase classname="backend.tests.test_comprehensive_crud_audit.TestAdminContent" name="test_get_admin_content_solutions" time="0.136" /><testcase classname="backend.tests.test_comprehensive_crud_audit.TestAdminContent" name="test_get_admin_content_settings" time="0.114" /><testcase classname="backend.tests.test_comprehensive_crud_audit.TestAdminSystem" name="test_get_system_health" time="0.118" /><testcase classname="backend.tests.test_comprehensive_crud_audit.TestAdminSystem" name="test_get_system_version" time="0.106" /></testsuite></testsuites>