<?xml version="1.0" encoding="utf-8"?><testsuites name="pytest tests"><testsuite name="pytest" errors="0" failures="3" skipped="0" tests="54" time="13.794" timestamp="2026-02-26T08:44:53.493554+00:00" hostname="agent-env-2a413a3a-70c9-4f9d-96f9-fd4109e07356"><testcase classname="backend.tests.test_comprehensive_crud_audit.TestAdminAuth" name="test_admin_login_success" time="0.404" /><testcase classname="backend.tests.test_comprehensive_crud_audit.TestAdminAuth" name="test_admin_login_invalid_credentials" time="0.331" /><testcase classname="backend.tests.test_comprehensive_crud_audit.TestAdminAuth" name="test_admin_verify_token" time="0.444" /><testcase classname="backend.tests.test_comprehensive_crud_audit.TestSolutionsCRUD" name="test_get_solutions" time="0.149" /><testcase classname="backend.tests.test_comprehensive_crud_audit.TestSolutionsCRUD" name="test_get_solution_by_slug" time="0.260" /><testcase classname="backend.tests.test_comprehensive_crud_audit.TestSolutionsCRUD" name="test_crud_solution_full_cycle" time="0.639" /><testcase classname="backend.tests.test_comprehensive_crud_audit.TestServicesCRUD" name="test_get_services" time="0.114" /><testcase classname="backend.tests.test_comprehensive_crud_audit.TestServicesCRUD" name="test_get_service_by_slug" time="0.206" /><testcase classname="backend.tests.test_comprehensive_crud_audit.TestProjectsCRUD" name="test_get_projects" time="0.105" /><testcase classname="backend.tests.test_comprehensive_crud_audit.TestProjectsCRUD" name="test_get_project_by_id" time="0.210" /><testcase classname="backend.tests.test_comprehensive_crud_audit.TestProjectsCRUD" name="test_crud_project_full_cycle" time="0.328" /><testcase classname="backend.tests.test_comprehensive_crud_audit.TestBrandsCRUD" name="test_get_brands" time="0.118" /><testcase classname="backend.tests.test_comprehensive_crud_audit.TestBrandsCRUD" name="test_get_brand_by_slug" time="0.236" /><testcase classname="backend.tests.test_comprehensive_crud_audit.TestBrandsCRUD" name="test_crud_brand_full_cycle" time="0.317" /><testcase classname="backend.tests.test_comprehensive_crud_audit.TestArticlesCRUD" name="test_get_articles" time="0.152" /><testcase classname="backend.tests.test_comprehensive_crud_audit.TestArticlesCRUD" name="test_crud_article_full_cycle" time="0.328" /><testcase classname="backend.tests.test_comprehensive_crud_audit.TestNewsCRUD" name="test_crud_news_full_cycle" time="0.239"><failure message="AssertionError: Update failed: {&quot;detail&quot;:&quot;News not found&quot;}&#10;assert 404 == 200&#10; +  where 404 = &lt;Response [404]&gt;.status_code">backend/tests/test_comprehensive_crud_audit.py:401: in test_crud_news_full_cycle
    assert response.status_code == 200, f"Update failed: {response.text}"
E   AssertionError: Update failed: {"detail":"News not found"}
E   assert 404 == 200
E    +  where 404 = &lt;Response [404]&gt;.status_code</failure></testcase><testcase classname="backend.tests.test_comprehensive_crud_audit.TestProductsCRUD" name="test_get_products" time="0.099" /><testcase classname="backend.tests.test_comprehensive_crud_audit.TestProductsCRUD" name="test_crud_product_full_cycle" time="0.386" /><testcase classname="backend.tests.test_comprehensive_crud_audit.TestCataloguesCRUD" name="test_get_catalogues" time="0.126" /><testcase classname="backend.tests.test_comprehensive_crud_audit.TestCataloguesCRUD" name="test_get_admin_catalogues" time="0.105" /><testcase classname="backend.tests.test_comprehensive_crud_audit.TestCataloguesCRUD" name="test_crud_catalogue_full_cycle" time="0.410" /><testcase classname="backend.tests.test_comprehensive_crud_audit.TestCMSSettings" name="test_get_all_settings" time="0.120" /><testcase classname="backend.tests.test_comprehensive_crud_audit.TestCMSSettings" name="test_get_setting_by_key" time="0.098" /><testcase classname="backend.tests.test_comprehensive_crud_audit.TestCMSSettings" name="test_update_setting" time="0.212" /><testcase classname="backend.tests.test_comprehensive_crud_audit.TestVideosCRUD" name="test_get_videos" time="0.120" /><testcase classname="backend.tests.test_comprehensive_crud_audit.TestVideosCRUD" name="test_crud_video_full_cycle" time="0.206"><failure message="AssertionError: Update failed: {&quot;detail&quot;:&quot;Video not found&quot;}&#10;assert 404 == 200&#10; +  where 404 = &lt;Response [404]&gt;.status_code">backend/tests/test_comprehensive_crud_audit.py:593: in test_crud_video_full_cycle
    assert response.status_code == 200, f"Update failed: {response.text}"
E   AssertionError: Update failed: {"detail":"Video not found"}
E   assert 404 == 200
E    +  where 404 = &lt;Response [404]&gt;.status_code</failure></testcase><testcase classname="backend.tests.test_comprehensive_crud_audit.TestIntelligenceFeatures" name="test_get_intelligence_features" time="0.277" /><testcase classname="backend.tests.test_comprehensive_crud_audit.TestIntelligenceFeatures" name="test_get_feature_categories" time="0.109" /><testcase classname="backend.tests.test_comprehensive_crud_audit.TestIntelligenceFeatures" name="test_crud_intelligence_feature" time="0.117"><failure message="AssertionError: Create failed: {&quot;detail&quot;:[{&quot;type&quot;:&quot;missing&quot;,&quot;loc&quot;:[&quot;body&quot;,&quot;title&quot;],&quot;msg&quot;:&quot;Field required&quot;,&quot;input&quot;:{&quot;id&quot;:&quot;test-e6cf64ff&quot;,&quot;slug&quot;:&quot;test-feature-test-e6cf64ff&quot;,&quot;name&quot;:&quot;TEST Intelligence Feature&quot;,&quot;category&quot;:&quot;scene_automation&quot;,&quot;description&quot;:&quot;Test feature for CRUD audit&quot;,&quot;iq_points&quot;:5,&quot;featured&quot;:false,&quot;display_order&quot;:999},&quot;url&quot;:&quot;https://errors.pydantic.dev/2.12/v/missing&quot;},{&quot;type&quot;:&quot;missing&quot;,&quot;loc&quot;:[&quot;body&quot;,&quot;icon&quot;],&quot;msg&quot;:&quot;Field required&quot;,&quot;input&quot;:{&quot;id&quot;:&quot;test-e6cf64ff&quot;,&quot;slug&quot;:&quot;test-feature-test-e6cf64ff&quot;,&quot;name&quot;:&quot;TEST Intelligence Feature&quot;,&quot;category&quot;:&quot;scene_automation&quot;,&quot;description&quot;:&quot;Test feature for CRUD audit&quot;,&quot;iq_points&quot;:5,&quot;featured&quot;:false,&quot;display_order&quot;:999},&quot;url&quot;:&quot;https://errors.pydantic.dev/2.12/v/missing&quot;},{&quot;type&quot;:&quot;missing&quot;,&quot;loc&quot;:[&quot;body&quot;,&quot;short_description&quot;],&quot;msg&quot;:&quot;Field required&quot;,&quot;input&quot;:{&quot;id&quot;:&quot;test-e6cf64ff&quot;,&quot;slug&quot;:&quot;test-feature-test-e6cf64ff&quot;,&quot;name&quot;:&quot;TEST Intelligence Feature&quot;,&quot;category&quot;:&quot;scene_automation&quot;,&quot;description&quot;:&quot;Test feature for CRUD audit&quot;,&quot;iq_points&quot;:5,&quot;featured&quot;:false,&quot;display_order&quot;:999},&quot;url&quot;:&quot;https://errors.pydantic.dev/2.12/v/missing&quot;},{&quot;type&quot;:&quot;missing&quot;,&quot;loc&quot;:[&quot;body&quot;,&quot;detailed_description&quot;],&quot;msg&quot;:&quot;Field required&quot;,&quot;input&quot;:{&quot;id&quot;:&quot;test-e6cf64ff&quot;,&quot;slug&quot;:&quot;test-feature-test-e6cf64ff&quot;,&quot;name&quot;:&quot;TEST Intelligence Feature&quot;,&quot;category&quot;:&quot;scene_automation&quot;,&quot;description&quot;:&quot;Test feature for CRUD audit&quot;,&quot;iq_points&quot;:5,&quot;featured&quot;:false,&quot;display_order&quot;:999},&quot;url&quot;:&quot;https://errors.pydantic.dev/2.12/v/missing&quot;},{&quot;type&quot;:&quot;missing&quot;,&quot;loc&quot;:[&quot;body&quot;,&quot;scoring_category&quot;],&quot;msg&quot;:&quot;Field required&quot;,&quot;input&quot;:{&quot;id&quot;:&quot;test-e6cf64ff&quot;,&quot;slug&quot;:&quot;test-feature-test-e6cf64ff&quot;,&quot;name&quot;:&quot;TEST Intelligence Feature&quot;,&quot;category&quot;:&quot;scene_automation&quot;,&quot;description&quot;:&quot;Test feature for CRUD audit&quot;,&quot;iq_points&quot;:5,&quot;featured&quot;:false,&quot;display_order&quot;:999},&quot;url&quot;:&quot;https://errors.pydantic.dev/2.12/v/missing&quot;}]}&#10;assert 422 == 200&#10; +  where 422 = &lt;Response [422]&gt;.status_code">backend/tests/test_comprehensive_crud_audit.py:642: in test_crud_intelligence_feature
    assert response.status_code == 200, f"Create failed: {response.text}"
E   AssertionError: Create failed: {"detail":[{"type":"missing","loc":["body","title"],"msg":"Field required","input":{"id":"test-e6cf64ff","slug":"test-feature-test-e6cf64ff","name":"TEST Intelligence Feature","category":"scene_automation","description":"Test feature for CRUD audit","iq_points":5,"featured":false,"display_order":999},"url":"https://errors.pydantic.dev/2.12/v/missing"},{"type":"missing","loc":["body","icon"],"msg":"Field required","input":{"id":"test-e6cf64ff","slug":"test-feature-test-e6cf64ff","name":"TEST Intelligence Feature","category":"scene_automation","description":"Test feature for CRUD audit","iq_points":5,"featured":false,"display_order":999},"url":"https://errors.pydantic.dev/2.12/v/missing"},{"type":"missing","loc":["body","short_description"],"msg":"Field required","input":{"id":"test-e6cf64ff","slug":"test-feature-test-e6cf64ff","name":"TEST Intelligence Feature","category":"scene_automation","description":"Test feature for CRUD audit","iq_points":5,"featured":false,"display_order":999},"url":"https://errors.pydantic.dev/2.12/v/missing"},{"type":"missing","loc":["body","detailed_description"],"msg":"Field required","input":{"id":"test-e6cf64ff","slug":"test-feature-test-e6cf64ff","name":"TEST Intelligence Feature","category":"scene_automation","description":"Test feature for CRUD audit","iq_points":5,"featured":false,"display_order":999},"url":"https://errors.pydantic.dev/2.12/v/missing"},{"type":"missing","loc":["body","scoring_category"],"msg":"Field required","input":{"id":"test-e6cf64ff","slug":"test-feature-test-e6cf64ff","name":"TEST Intelligence Feature","category":"scene_automation","description":"Test feature for CRUD audit","iq_points":5,"featured":false,"display_order":999},"url":"https://errors.pydantic.dev/2.12/v/missing"}]}
E   assert 422 == 200
E    +  where 422 = &lt;Response [422]&gt;.status_code</failure></testcase><testcase classname="backend.tests.test_comprehensive_crud_audit.TestGeoPages" name="test_get_geo_pages" time="0.108" /><testcase classname="backend.tests.test_comprehensive_crud_audit.TestGeoPages" name="test_crud_geo_page_full_cycle" time="0.416" /><testcase classname="backend.tests.test_comprehensive_crud_audit.TestLocations" name="test_get_locations" time="0.103" /><testcase classname="backend.tests.test_comprehensive_crud_audit.TestPackages" name="test_get_property_types" time="0.102" /><testcase classname="backend.tests.test_comprehensive_crud_audit.TestPackages" name="test_get_specialty_rooms" time="0.099" /><testcase classname="backend.tests.test_comprehensive_crud_audit.TestPackages" name="test_get_enhancements" time="0.107" /><testcase classname="backend.tests.test_comprehensive_crud_audit.TestPackages" name="test_get_control_systems" time="0.103" /><testcase classname="backend.tests.test_comprehensive_crud_audit.TestPackages" name="test_get_brand_options" time="0.105" /><testcase classname="backend.tests.test_comprehensive_crud_audit.TestBookings" name="test_consultation_booking" time="1.583" /><testcase classname="backend.tests.test_comprehensive_crud_audit.TestBookings" name="test_contact_booking" time="1.112" /><testcase classname="backend.tests.test_comprehensive_crud_audit.TestSubmissions" name="test_contact_submission" time="1.427" /><testcase classname="backend.tests.test_comprehensive_crud_audit.TestAdminStats" name="test_get_admin_stats" time="0.120" /><testcase classname="backend.tests.test_comprehensive_crud_audit.TestAdminSubmissions" name="test_get_consultation_submissions" time="0.099" /><testcase classname="backend.tests.test_comprehensive_crud_audit.TestAdminSubmissions" name="test_get_contact_submissions" time="0.101" /><testcase classname="backend.tests.test_comprehensive_crud_audit.TestPricing" name="test_get_all_pricing" time="0.116" /><testcase classname="backend.tests.test_comprehensive_crud_audit.TestPricing" name="test_get_calculator_solutions" time="0.098" /><testcase classname="backend.tests.test_comprehensive_crud_audit.TestPricing" name="test_get_budget_ranges" time="0.131" /><testcase classname="backend.tests.test_comprehensive_crud_audit.TestCalculator" name="test_calculator_estimate" time="0.101" /><testcase classname="backend.tests.test_comprehensive_crud_audit.TestSEO" name="test_get_organization_schema" time="0.104" /><testcase classname="backend.tests.test_comprehensive_crud_audit.TestSEO" name="test_get_sitemap_data" time="0.110" /><testcase classname="backend.tests.test_comprehensive_crud_audit.TestAdminContent" name="test_get_admin_content_solutions" time="0.138" /><testcase classname="backend.tests.test_comprehensive_crud_audit.TestAdminContent" name="test_get_admin_content_settings" time="0.107" /><testcase classname="backend.tests.test_comprehensive_crud_audit.TestAdminSystem" name="test_get_system_health" time="0.111" /><testcase classname="backend.tests.test_comprehensive_crud_audit.TestAdminSystem" name="test_get_system_version" time="0.105" /></testsuite></testsuites>