<?xml version="1.0" encoding="utf-8"?><testsuites name="pytest tests"><testsuite name="pytest" errors="0" failures="0" skipped="0" tests="27" time="16.140" timestamp="2026-02-26T08:57:06.188674+00:00" hostname="agent-env-2a413a3a-70c9-4f9d-96f9-fd4109e07356"><testcase classname="backend.tests.test_deep_verification.TestSolutionsDataIntegrity" name="test_solutions_have_required_fields" time="0.181" /><testcase classname="backend.tests.test_deep_verification.TestServicesDataIntegrity" name="test_services_have_required_fields" time="0.100" /><testcase classname="backend.tests.test_deep_verification.TestBrandsDataIntegrity" name="test_brands_have_required_fields" time="0.112" /><testcase classname="backend.tests.test_deep_verification.TestProjectsDataIntegrity" name="test_projects_have_required_fields" time="0.126" /><testcase classname="backend.tests.test_deep_verification.TestArticlesDataIntegrity" name="test_articles_have_required_fields" time="0.153" /><testcase classname="backend.tests.test_deep_verification.TestCMSSettingsDataIntegrity" name="test_page_careers_structure" time="0.104" /><testcase classname="backend.tests.test_deep_verification.TestGeoPagesDataIntegrity" name="test_geo_pages_structure" time="0.101" /><testcase classname="backend.tests.test_deep_verification.TestIntelligenceFeaturesDataIntegrity" name="test_intelligence_features_structure" time="0.300" /><testcase classname="backend.tests.test_deep_verification.TestCataloguesDataIntegrity" name="test_catalogues_structure" time="0.102" /><testcase classname="backend.tests.test_deep_verification.TestCalculatorBusinessLogic" name="test_calculator_returns_sensible_price" time="0.116" /><testcase classname="backend.tests.test_deep_verification.TestCalculatorBusinessLogic" name="test_calculator_price_increases_with_more_solutions" time="0.205" /><testcase classname="backend.tests.test_deep_verification.TestPackagesBusinessLogic" name="test_property_types_tier_ordering" time="0.103" /><testcase classname="backend.tests.test_deep_verification.TestPackagesBusinessLogic" name="test_specialty_rooms_price_range" time="0.104" /><testcase classname="backend.tests.test_deep_verification.TestPricingDataIntegrity" name="test_pricing_no_negative_values" time="0.125" /><testcase classname="backend.tests.test_deep_verification.TestIntelligenceScoreCalculation" name="test_calculate_score_returns_valid_range" time="0.454" /><testcase classname="backend.tests.test_deep_verification.TestFormSubmissionsDataPersistence" name="test_consultation_saves_and_retrieves" time="2.048" /><testcase classname="backend.tests.test_deep_verification.TestFormSubmissionsDataPersistence" name="test_contact_saves_and_retrieves" time="1.732" /><testcase classname="backend.tests.test_deep_verification.TestScheduleVisitICS" name="test_schedule_visit_returns_ics_url" time="2.804" /><testcase classname="backend.tests.test_deep_verification.TestVillaDesignSubmission" name="test_villa_design_submission_saves" time="0.102" /><testcase classname="backend.tests.test_deep_verification.TestAdminCRUDEdgeCases" name="test_admin_update_nonexistent_returns_404" time="0.108" /><testcase classname="backend.tests.test_deep_verification.TestAdminCRUDEdgeCases" name="test_admin_delete_nonexistent_returns_404" time="0.107" /><testcase classname="backend.tests.test_deep_verification.TestAdminCRUDEdgeCases" name="test_admin_endpoints_require_auth" time="0.336" /><testcase classname="backend.tests.test_deep_verification.TestIntegrationHealth" name="test_system_health_shows_services" time="0.137" /><testcase classname="backend.tests.test_deep_verification.TestAIChatbot" name="test_ai_chatbot_returns_coherent_response" time="5.959" /><testcase classname="backend.tests.test_deep_verification.TestSEOAndSitemap" name="test_organization_schema_valid_jsonld" time="0.142" /><testcase classname="backend.tests.test_deep_verification.TestSEOAndSitemap" name="test_sitemap_data_covers_dynamic_pages" time="0.104" /><testcase classname="backend.tests.test_deep_verification.TestAdminSubmissionsRetrieval" name="test_admin_stats_returns_counts" time="0.109" /></testsuite></testsuites>