<?xml version="1.0" encoding="utf-8"?><testsuites name="pytest tests"><testsuite name="pytest" errors="0" failures="2" skipped="0" tests="27" time="15.976" timestamp="2026-02-26T08:55:33.594682+00:00" hostname="agent-env-2a413a3a-70c9-4f9d-96f9-fd4109e07356"><testcase classname="backend.tests.test_deep_verification.TestSolutionsDataIntegrity" name="test_solutions_have_required_fields" time="0.271" /><testcase classname="backend.tests.test_deep_verification.TestServicesDataIntegrity" name="test_services_have_required_fields" time="0.115" /><testcase classname="backend.tests.test_deep_verification.TestBrandsDataIntegrity" name="test_brands_have_required_fields" time="0.109" /><testcase classname="backend.tests.test_deep_verification.TestProjectsDataIntegrity" name="test_projects_have_required_fields" time="0.110" /><testcase classname="backend.tests.test_deep_verification.TestArticlesDataIntegrity" name="test_articles_have_required_fields" time="0.158" /><testcase classname="backend.tests.test_deep_verification.TestCMSSettingsDataIntegrity" name="test_page_careers_structure" time="0.108" /><testcase classname="backend.tests.test_deep_verification.TestGeoPagesDataIntegrity" name="test_geo_pages_structure" time="0.111" /><testcase classname="backend.tests.test_deep_verification.TestIntelligenceFeaturesDataIntegrity" name="test_intelligence_features_structure" time="0.281" /><testcase classname="backend.tests.test_deep_verification.TestCataloguesDataIntegrity" name="test_catalogues_structure" time="0.104" /><testcase classname="backend.tests.test_deep_verification.TestCalculatorBusinessLogic" name="test_calculator_returns_sensible_price" time="0.116" /><testcase classname="backend.tests.test_deep_verification.TestCalculatorBusinessLogic" name="test_calculator_price_increases_with_more_solutions" time="0.261" /><testcase classname="backend.tests.test_deep_verification.TestPackagesBusinessLogic" name="test_property_types_tier_ordering" time="0.110" /><testcase classname="backend.tests.test_deep_verification.TestPackagesBusinessLogic" name="test_specialty_rooms_price_range" time="0.107" /><testcase classname="backend.tests.test_deep_verification.TestPricingDataIntegrity" name="test_pricing_no_negative_values" time="0.103" /><testcase classname="backend.tests.test_deep_verification.TestIntelligenceScoreCalculation" name="test_calculate_score_returns_valid_range" time="0.451"><failure message="AssertionError: Failed: {&quot;detail&quot;:[{&quot;type&quot;:&quot;missing&quot;,&quot;loc&quot;:[&quot;body&quot;,&quot;selected_features&quot;,0,&quot;category&quot;],&quot;msg&quot;:&quot;Field required&quot;,&quot;input&quot;:{&quot;feature_id&quot;:&quot;620771a0-641a-411a-9662-cd0835daf9e6&quot;},&quot;url&quot;:&quot;https://errors.pydantic.dev/2.12/v/missing&quot;},{&quot;type&quot;:&quot;missing&quot;,&quot;loc&quot;:[&quot;body&quot;,&quot;selected_features&quot;,1,&quot;category&quot;],&quot;msg&quot;:&quot;Field required&quot;,&quot;input&quot;:{&quot;feature_id&quot;:&quot;29b67257-7fd9-4ddd-93a9-5861af92050e&quot;},&quot;url&quot;:&quot;https://errors.pydantic.dev/2.12/v/missing&quot;},{&quot;type&quot;:&quot;missing&quot;,&quot;loc&quot;:[&quot;body&quot;,&quot;selected_features&quot;,2,&quot;category&quot;],&quot;msg&quot;:&quot;Field required&quot;,&quot;input&quot;:{&quot;feature_id&quot;:&quot;11ab25e9-e598-426f-a51d-5b685a066053&quot;},&quot;url&quot;:&quot;https://errors.pydantic.dev/2.12/v/missing&quot;},{&quot;type&quot;:&quot;missing&quot;,&quot;loc&quot;:[&quot;body&quot;,&quot;selected_features&quot;,3,&quot;category&quot;],&quot;msg&quot;:&quot;Field required&quot;,&quot;input&quot;:{&quot;feature_id&quot;:&quot;bfbb44b3-820a-4d8b-a94e-cdf024c94c0e&quot;},&quot;url&quot;:&quot;https://errors.pydantic.dev/2.12/v/missing&quot;},{&quot;type&quot;:&quot;missing&quot;,&quot;loc&quot;:[&quot;body&quot;,&quot;selected_features&quot;,4,&quot;category&quot;],&quot;msg&quot;:&quot;Field required&quot;,&quot;input&quot;:{&quot;feature_id&quot;:&quot;a2a40af6-86e9-46a5-b103-e056b8e59141&quot;},&quot;url&quot;:&quot;https://errors.pydantic.dev/2.12/v/missing&quot;},{&quot;type&quot;:&quot;model_attributes_type&quot;,&quot;loc&quot;:[&quot;body&quot;,&quot;lifestyle_selections&quot;,0],&quot;msg&quot;:&quot;Input should be a valid dictionary or object to extract fields from&quot;,&quot;input&quot;:&quot;convenience&quot;,&quot;url&quot;:&quot;https://errors.pydantic.dev/2.12/v/model_attributes_type&quot;},{&quot;type&quot;:&quot;model_attributes_type&quot;,&quot;loc&quot;:[&quot;body&quot;,&quot;lifestyle_selections&quot;,1],&quot;msg&quot;:&quot;Input should be a valid dictionary or object to extract fields from&quot;,&quot;input&quot;:&quot;security&quot;,&quot;url&quot;:&quot;https://errors.pydantic.dev/2.12/v/model_attributes_type&quot;}]}&#10;assert 422 == 200&#10; +  where 422 = &lt;Response [422]&gt;.status_code">backend/tests/test_deep_verification.py:493: in test_calculate_score_returns_valid_range
    assert response.status_code == 200, f"Failed: {response.text}"
E   AssertionError: Failed: {"detail":[{"type":"missing","loc":["body","selected_features",0,"category"],"msg":"Field required","input":{"feature_id":"620771a0-641a-411a-9662-cd0835daf9e6"},"url":"https://errors.pydantic.dev/2.12/v/missing"},{"type":"missing","loc":["body","selected_features",1,"category"],"msg":"Field required","input":{"feature_id":"29b67257-7fd9-4ddd-93a9-5861af92050e"},"url":"https://errors.pydantic.dev/2.12/v/missing"},{"type":"missing","loc":["body","selected_features",2,"category"],"msg":"Field required","input":{"feature_id":"11ab25e9-e598-426f-a51d-5b685a066053"},"url":"https://errors.pydantic.dev/2.12/v/missing"},{"type":"missing","loc":["body","selected_features",3,"category"],"msg":"Field required","input":{"feature_id":"bfbb44b3-820a-4d8b-a94e-cdf024c94c0e"},"url":"https://errors.pydantic.dev/2.12/v/missing"},{"type":"missing","loc":["body","selected_features",4,"category"],"msg":"Field required","input":{"feature_id":"a2a40af6-86e9-46a5-b103-e056b8e59141"},"url":"https://errors.pydantic.dev/2.12/v/missing"},{"type":"model_attributes_type","loc":["body","lifestyle_selections",0],"msg":"Input should be a valid dictionary or object to extract fields from","input":"convenience","url":"https://errors.pydantic.dev/2.12/v/model_attributes_type"},{"type":"model_attributes_type","loc":["body","lifestyle_selections",1],"msg":"Input should be a valid dictionary or object to extract fields from","input":"security","url":"https://errors.pydantic.dev/2.12/v/model_attributes_type"}]}
E   assert 422 == 200
E    +  where 422 = &lt;Response [422]&gt;.status_code</failure></testcase><testcase classname="backend.tests.test_deep_verification.TestFormSubmissionsDataPersistence" name="test_consultation_saves_and_retrieves" time="2.232"><failure message="AssertionError: Submitted consultation not found in admin view&#10;assert False">backend/tests/test_deep_verification.py:535: in test_consultation_saves_and_retrieves
    assert found, f"Submitted consultation not found in admin view"
E   AssertionError: Submitted consultation not found in admin view
E   assert False</failure></testcase><testcase classname="backend.tests.test_deep_verification.TestFormSubmissionsDataPersistence" name="test_contact_saves_and_retrieves" time="1.690" /><testcase classname="backend.tests.test_deep_verification.TestScheduleVisitICS" name="test_schedule_visit_returns_ics_url" time="3.253" /><testcase classname="backend.tests.test_deep_verification.TestVillaDesignSubmission" name="test_villa_design_submission_saves" time="0.115" /><testcase classname="backend.tests.test_deep_verification.TestAdminCRUDEdgeCases" name="test_admin_update_nonexistent_returns_404" time="0.112" /><testcase classname="backend.tests.test_deep_verification.TestAdminCRUDEdgeCases" name="test_admin_delete_nonexistent_returns_404" time="0.110" /><testcase classname="backend.tests.test_deep_verification.TestAdminCRUDEdgeCases" name="test_admin_endpoints_require_auth" time="0.308" /><testcase classname="backend.tests.test_deep_verification.TestIntegrationHealth" name="test_system_health_shows_services" time="0.116" /><testcase classname="backend.tests.test_deep_verification.TestAIChatbot" name="test_ai_chatbot_returns_coherent_response" time="5.068" /><testcase classname="backend.tests.test_deep_verification.TestSEOAndSitemap" name="test_organization_schema_valid_jsonld" time="0.127" /><testcase classname="backend.tests.test_deep_verification.TestSEOAndSitemap" name="test_sitemap_data_covers_dynamic_pages" time="0.103" /><testcase classname="backend.tests.test_deep_verification.TestAdminSubmissionsRetrieval" name="test_admin_stats_returns_counts" time="0.103" /></testsuite></testsuites>