<?xml version="1.0" encoding="utf-8"?><testsuites name="pytest tests"><testsuite name="pytest" errors="0" failures="1" skipped="0" tests="19" time="6.828" timestamp="2026-03-01T19:25:21.745440+00:00" hostname="agent-env-be3fd01a-8d31-46c4-9b83-53929d594129"><testcase classname="backend.tests.test_comprehensive_e2e_iteration60.TestHealthAndPublicAPI" name="test_health_endpoint" time="0.260" /><testcase classname="backend.tests.test_comprehensive_e2e_iteration60.TestHealthAndPublicAPI" name="test_solutions_endpoint" time="0.141" /><testcase classname="backend.tests.test_comprehensive_e2e_iteration60.TestHealthAndPublicAPI" name="test_services_endpoint" time="0.107" /><testcase classname="backend.tests.test_comprehensive_e2e_iteration60.TestHealthAndPublicAPI" name="test_projects_endpoint" time="0.157" /><testcase classname="backend.tests.test_comprehensive_e2e_iteration60.TestHealthAndPublicAPI" name="test_articles_endpoint" time="0.123" /><testcase classname="backend.tests.test_comprehensive_e2e_iteration60.TestHealthAndPublicAPI" name="test_testimonials_endpoint" time="0.117" /><testcase classname="backend.tests.test_comprehensive_e2e_iteration60.TestHealthAndPublicAPI" name="test_cms_sections_endpoint" time="0.113" /><testcase classname="backend.tests.test_comprehensive_e2e_iteration60.TestAdminAuth" name="test_admin_login_success" time="0.360" /><testcase classname="backend.tests.test_comprehensive_e2e_iteration60.TestAdminAuth" name="test_admin_login_invalid_credentials" time="0.113" /><testcase classname="backend.tests.test_comprehensive_e2e_iteration60.TestFormSubmissions" name="test_contact_submission" time="1.440" /><testcase classname="backend.tests.test_comprehensive_e2e_iteration60.TestFormSubmissions" name="test_consultation_submission" time="1.744" /><testcase classname="backend.tests.test_comprehensive_e2e_iteration60.TestCalculator" name="test_calculator_cost" time="0.115" /><testcase classname="backend.tests.test_comprehensive_e2e_iteration60.TestBrandsAndPackages" name="test_brands_endpoint" time="0.111" /><testcase classname="backend.tests.test_comprehensive_e2e_iteration60.TestBrandsAndPackages" name="test_packages_endpoint" time="0.096"><failure message="assert 404 == 200&#10; +  where 404 = &lt;Response [404]&gt;.status_code">backend/tests/test_comprehensive_e2e_iteration60.py:192: in test_packages_endpoint
    assert response.status_code == 200
E   assert 404 == 200
E    +  where 404 = &lt;Response [404]&gt;.status_code</failure></testcase><testcase classname="backend.tests.test_comprehensive_e2e_iteration60.TestAdminDashboard" name="test_admin_stats" time="0.467" /><testcase classname="backend.tests.test_comprehensive_e2e_iteration60.TestAdminDashboard" name="test_admin_solutions_list" time="0.551" /><testcase classname="backend.tests.test_comprehensive_e2e_iteration60.TestAdminDashboard" name="test_admin_consultations_list" time="0.434" /><testcase classname="backend.tests.test_comprehensive_e2e_iteration60.TestCMSEndpoints" name="test_cms_pages" time="0.119" /><testcase classname="backend.tests.test_comprehensive_e2e_iteration60.TestCMSEndpoints" name="test_faq_endpoint" time="0.107" /></testsuite></testsuites>