<?xml version="1.0" encoding="utf-8"?><testsuites name="pytest tests"><testsuite name="pytest" errors="0" failures="0" skipped="0" tests="14" time="1.554" timestamp="2026-02-24T21:02:59.098121+00:00" hostname="agent-env-631c99bc-3978-4a09-b9b8-70321324b377"><testcase classname="backend.tests.test_email_hot_leads.TestEmailServiceStructure" name="test_send_hot_lead_alert_method_exists" time="0.001" /><testcase classname="backend.tests.test_email_hot_leads.TestEmailServiceStructure" name="test_send_lead_acknowledgement_method_exists" time="0.000" /><testcase classname="backend.tests.test_email_hot_leads.TestEmailServiceStructure" name="test_send_email_supports_from_and_cc" time="0.000" /><testcase classname="backend.tests.test_email_hot_leads.TestSalesIntelligenceEmailTrigger" name="test_send_hot_lead_emails_task_exists" time="0.000" /><testcase classname="backend.tests.test_email_hot_leads.TestSalesIntelligenceEmailTrigger" name="test_email_triggered_for_hot_leads_only" time="0.000" /><testcase classname="backend.tests.test_email_hot_leads.TestSalesIntelligenceEmailTrigger" name="test_email_sent_flag_update" time="0.000" /><testcase classname="backend.tests.test_email_hot_leads.TestSalesDashboardAPIStillWorks" name="test_dashboard_stats_api" time="0.790" /><testcase classname="backend.tests.test_email_hot_leads.TestSalesDashboardAPIStillWorks" name="test_pipeline_api_with_min_score_filter" time="0.274" /><testcase classname="backend.tests.test_email_hot_leads.TestSalesDashboardAPIStillWorks" name="test_lead_status_update_api" time="0.373" /><testcase classname="backend.tests.test_email_hot_leads.TestEmailServiceConfiguration" name="test_sender_and_sales_email_defined" time="0.000" /><testcase classname="backend.tests.test_email_hot_leads.TestEmailServiceConfiguration" name="test_hot_lead_alert_uses_correct_recipients" time="0.000" /><testcase classname="backend.tests.test_email_hot_leads.TestEmailServiceConfiguration" name="test_lead_acknowledgement_uses_correct_recipients" time="0.000" /><testcase classname="backend.tests.test_email_hot_leads.TestEmailTemplateStructure" name="test_hot_lead_alert_is_branded_html" time="0.000" /><testcase classname="backend.tests.test_email_hot_leads.TestEmailTemplateStructure" name="test_lead_acknowledgement_is_branded_html" time="0.000" /></testsuite></testsuites>