<?xml version="1.0" encoding="utf-8"?><testsuites name="pytest tests"><testsuite name="pytest" errors="0" failures="0" skipped="0" tests="16" time="19.809" timestamp="2026-03-06T08:10:26.455178+00:00" hostname="agent-env-c81a113a-cc17-4cc4-879f-90f8fc3c475d"><testcase classname="tests.test_file_manager_migration.TestProductImageMigration" name="test_products_endpoint_returns_cdn_urls" time="0.180" /><testcase classname="tests.test_file_manager_migration.TestProductImageMigration" name="test_specific_product_has_cdn_url" time="0.112" /><testcase classname="tests.test_file_manager_migration.TestProductImageMigration" name="test_no_emergent_urls_in_product_responses" time="0.118" /><testcase classname="tests.test_file_manager_migration.TestProductImageMigration" name="test_product_count_and_pagination" time="0.142" /><testcase classname="tests.test_file_manager_migration.TestFileManagementList" name="test_management_list_returns_files" time="17.865" /><testcase classname="tests.test_file_manager_migration.TestFileManagementList" name="test_management_list_file_count" time="0.192" /><testcase classname="tests.test_file_manager_migration.TestFileManagementList" name="test_management_list_file_structure" time="0.122" /><testcase classname="tests.test_file_manager_migration.TestFileManagementList" name="test_management_list_cdn_urls" time="0.123" /><testcase classname="tests.test_file_manager_migration.TestFileManagementList" name="test_management_list_categories" time="0.115" /><testcase classname="tests.test_file_manager_migration.TestFileManagementList" name="test_management_list_total_size" time="0.120" /><testcase classname="tests.test_file_manager_migration.TestCatalogsAndBrands" name="test_catalogues_use_cdn_urls" time="0.103" /><testcase classname="tests.test_file_manager_migration.TestCatalogsAndBrands" name="test_brands_endpoint" time="0.102" /><testcase classname="tests.test_file_manager_migration.TestImageUpload" name="test_upload_image_endpoint_exists" time="0.106" /><testcase classname="tests.test_file_manager_migration.TestHealthAndBasicAPIs" name="test_health_endpoint" time="0.118" /><testcase classname="tests.test_file_manager_migration.TestHealthAndBasicAPIs" name="test_catalog_categories_endpoint" time="0.112" /><testcase classname="tests.test_file_manager_migration.TestHealthAndBasicAPIs" name="test_catalog_brands_endpoint" time="0.108" /></testsuite></testsuites>