<?xml version="1.0" encoding="utf-8"?><testsuites name="pytest tests"><testsuite name="pytest" errors="0" failures="42" skipped="0" tests="96" time="21.755" timestamp="2026-02-26T11:24:20.179720+00:00" hostname="agent-env-2a413a3a-70c9-4f9d-96f9-fd4109e07356"><testcase classname="backend.tests.test_full_regression_final.TestAuthAndAdmin" name="test_01_admin_login" time="0.476"><failure message="AssertionError: assert 'token' in {'access_token': 'eyJhbGciOiJIUzI1NiIsInR5cCI6IkpXVCJ9.eyJzdWIiOiJhZG1pbiIsImV4cCI6MTc3MjE5MTQ2MH0.LgtJT5b6Xexr4P7dyabUnNVgRkf3_ysyO2FuLZYqzIU', 'token_type': 'bearer'}">backend/tests/test_full_regression_final.py:35: in test_01_admin_login
    assert "token" in data
E   AssertionError: assert 'token' in {'access_token': 'eyJhbGciOiJIUzI1NiIsInR5cCI6IkpXVCJ9.eyJzdWIiOiJhZG1pbiIsImV4cCI6MTc3MjE5MTQ2MH0.LgtJT5b6Xexr4P7dyabUnNVgRkf3_ysyO2FuLZYqzIU', 'token_type': 'bearer'}</failure></testcase><testcase classname="backend.tests.test_full_regression_final.TestAuthAndAdmin" name="test_02_admin_verify" time="0.499"><failure message="assert 401 == 200&#10; +  where 401 = &lt;Response [401]&gt;.status_code">backend/tests/test_full_regression_final.py:43: in test_02_admin_verify
    assert response.status_code == 200
E   assert 401 == 200
E    +  where 401 = &lt;Response [401]&gt;.status_code</failure></testcase><testcase classname="backend.tests.test_full_regression_final.TestAuthAndAdmin" name="test_03_admin_me" time="0.105"><failure message="assert 404 == 200&#10; +  where 404 = &lt;Response [404]&gt;.status_code">backend/tests/test_full_regression_final.py:50: in test_03_admin_me
    assert response.status_code == 200
E   assert 404 == 200
E    +  where 404 = &lt;Response [404]&gt;.status_code</failure></testcase><testcase classname="backend.tests.test_full_regression_final.TestAuthAndAdmin" name="test_04_admin_stats" time="0.145"><failure message="assert 401 == 200&#10; +  where 401 = &lt;Response [401]&gt;.status_code">backend/tests/test_full_regression_final.py:59: in test_04_admin_stats
    assert response.status_code == 200
E   assert 401 == 200
E    +  where 401 = &lt;Response [401]&gt;.status_code</failure></testcase><testcase classname="backend.tests.test_full_regression_final.TestAuthAndAdmin" name="test_05_system_health" time="0.096"><failure message="assert 401 == 200&#10; +  where 401 = &lt;Response [401]&gt;.status_code">backend/tests/test_full_regression_final.py:70: in test_05_system_health
    assert response.status_code == 200
E   assert 401 == 200
E    +  where 401 = &lt;Response [401]&gt;.status_code</failure></testcase><testcase classname="backend.tests.test_full_regression_final.TestAuthAndAdmin" name="test_06_system_version" time="0.108" /><testcase classname="backend.tests.test_full_regression_final.TestAuthAndAdmin" name="test_07_activity_logs" time="0.154"><failure message="assert 401 == 200&#10; +  where 401 = &lt;Response [401]&gt;.status_code">backend/tests/test_full_regression_final.py:85: in test_07_activity_logs
    assert response.status_code == 200
E   assert 401 == 200
E    +  where 401 = &lt;Response [401]&gt;.status_code</failure></testcase><testcase classname="backend.tests.test_full_regression_final.TestAuthAndAdmin" name="test_08_cache_stats" time="0.110"><failure message="assert 401 == 200&#10; +  where 401 = &lt;Response [401]&gt;.status_code">backend/tests/test_full_regression_final.py:92: in test_08_cache_stats
    assert response.status_code == 200
E   assert 401 == 200
E    +  where 401 = &lt;Response [401]&gt;.status_code</failure></testcase><testcase classname="backend.tests.test_full_regression_final.TestPublicContentRead" name="test_09_solutions" time="0.182" /><testcase classname="backend.tests.test_full_regression_final.TestPublicContentRead" name="test_10_solutions_mega_menu" time="0.126" /><testcase classname="backend.tests.test_full_regression_final.TestPublicContentRead" name="test_11_services" time="0.116" /><testcase classname="backend.tests.test_full_regression_final.TestPublicContentRead" name="test_12_projects" time="0.145" /><testcase classname="backend.tests.test_full_regression_final.TestPublicContentRead" name="test_13_brands" time="0.117" /><testcase classname="backend.tests.test_full_regression_final.TestPublicContentRead" name="test_14_products" time="0.115" /><testcase classname="backend.tests.test_full_regression_final.TestPublicContentRead" name="test_15_articles" time="0.265" /><testcase classname="backend.tests.test_full_regression_final.TestPublicContentRead" name="test_16_articles_categories" time="0.108" /><testcase classname="backend.tests.test_full_regression_final.TestPublicContentRead" name="test_17_testimonials" time="0.104" /><testcase classname="backend.tests.test_full_regression_final.TestPublicContentRead" name="test_18_videos" time="0.108" /><testcase classname="backend.tests.test_full_regression_final.TestPublicContentRead" name="test_19_news" time="0.128"><failure message="assert 500 == 200&#10; +  where 500 = &lt;Response [500]&gt;.status_code">backend/tests/test_full_regression_final.py:175: in test_19_news
    assert response.status_code == 200
E   assert 500 == 200
E    +  where 500 = &lt;Response [500]&gt;.status_code</failure></testcase><testcase classname="backend.tests.test_full_regression_final.TestPublicContentRead" name="test_20_catalogues" time="0.112" /><testcase classname="backend.tests.test_full_regression_final.TestPublicContentRead" name="test_21_specialty_rooms" time="0.124" /><testcase classname="backend.tests.test_full_regression_final.TestPublicContentRead" name="test_22_locations" time="0.116" /><testcase classname="backend.tests.test_full_regression_final.TestCMSAndSettings" name="test_23_settings" time="0.111" /><testcase classname="backend.tests.test_full_regression_final.TestCMSAndSettings" name="test_24_settings_page_careers" time="0.106" /><testcase classname="backend.tests.test_full_regression_final.TestCMSAndSettings" name="test_25_cms_sections_support" time="0.106" /><testcase classname="backend.tests.test_full_regression_final.TestCMSAndSettings" name="test_26_admin_update_cms" time="0.531"><failure message="AssertionError: Update failed: {&quot;detail&quot;:&quot;Could not validate credentials&quot;}&#10;assert 401 in [200, 201]&#10; +  where 401 = &lt;Response [401]&gt;.status_code">backend/tests/test_full_regression_final.py:236: in test_26_admin_update_cms
    assert put_resp.status_code in [200, 201], f"Update failed: {put_resp.text}"
E   AssertionError: Update failed: {"detail":"Could not validate credentials"}
E   assert 401 in [200, 201]
E    +  where 401 = &lt;Response [401]&gt;.status_code</failure></testcase><testcase classname="backend.tests.test_full_regression_final.TestGeoPages" name="test_27_geo_pages" time="0.110" /><testcase classname="backend.tests.test_full_regression_final.TestIntelligence" name="test_28_intelligence_features" time="0.301" /><testcase classname="backend.tests.test_full_regression_final.TestIntelligence" name="test_29_intelligence_categories" time="0.131" /><testcase classname="backend.tests.test_full_regression_final.TestIntelligence" name="test_30_intelligence_calculate_score" time="0.122"><failure message="assert 422 == 200&#10; +  where 422 = &lt;Response [422]&gt;.status_code">backend/tests/test_full_regression_final.py:279: in test_30_intelligence_calculate_score
    assert response.status_code == 200
E   assert 422 == 200
E    +  where 422 = &lt;Response [422]&gt;.status_code</failure></testcase><testcase classname="backend.tests.test_full_regression_final.TestIntelligence" name="test_31_intelligence_recommend_systems" time="0.103"><failure message="assert 422 == 200&#10; +  where 422 = &lt;Response [422]&gt;.status_code">backend/tests/test_full_regression_final.py:292: in test_31_intelligence_recommend_systems
    assert response.status_code == 200
E   assert 422 == 200
E    +  where 422 = &lt;Response [422]&gt;.status_code</failure></testcase><testcase classname="backend.tests.test_full_regression_final.TestIntelligence" name="test_32_intelligence_stats" time="0.110" /><testcase classname="backend.tests.test_full_regression_final.TestPackagesAndPricing" name="test_33_packages_property_types" time="0.140" /><testcase classname="backend.tests.test_full_regression_final.TestPackagesAndPricing" name="test_34_packages_specialty_rooms" time="0.104" /><testcase classname="backend.tests.test_full_regression_final.TestPackagesAndPricing" name="test_35_packages_enhancements" time="0.116" /><testcase classname="backend.tests.test_full_regression_final.TestPackagesAndPricing" name="test_36_packages_control_systems" time="0.106" /><testcase classname="backend.tests.test_full_regression_final.TestPackagesAndPricing" name="test_37_packages_brand_options" time="0.112" /><testcase classname="backend.tests.test_full_regression_final.TestPackagesAndPricing" name="test_38_pricing_all" time="0.107" /><testcase classname="backend.tests.test_full_regression_final.TestPackagesAndPricing" name="test_39_pricing_calculator_solutions" time="0.142" /><testcase classname="backend.tests.test_full_regression_final.TestPackagesAndPricing" name="test_40_pricing_budget_ranges" time="0.099" /><testcase classname="backend.tests.test_full_regression_final.TestPackagesAndPricing" name="test_41_pricing_package_bundles" time="0.105" /><testcase classname="backend.tests.test_full_regression_final.TestPackagesAndPricing" name="test_42_pricing_system_pricing" time="0.107" /><testcase classname="backend.tests.test_full_regression_final.TestPackagesAndPricing" name="test_43_pricing_upgrade_features" time="0.103" /><testcase classname="backend.tests.test_full_regression_final.TestPackagesAndPricing" name="test_44_pricing_tier_pricing" time="0.100" /><testcase classname="backend.tests.test_full_regression_final.TestCalculator" name="test_45_calculator_cost" time="0.104" /><testcase classname="backend.tests.test_full_regression_final.TestCalculator" name="test_46_calculator_roi" time="0.099" /><testcase classname="backend.tests.test_full_regression_final.TestFormSubmissions" name="test_47_consultation" time="2.630" /><testcase classname="backend.tests.test_full_regression_final.TestFormSubmissions" name="test_48_experience_centre_booking" time="0.108"><failure message="assert 422 in [200, 201]&#10; +  where 422 = &lt;Response [422]&gt;.status_code">backend/tests/test_full_regression_final.py:429: in test_48_experience_centre_booking
    assert response.status_code in [200, 201]
E   assert 422 in [200, 201]
E    +  where 422 = &lt;Response [422]&gt;.status_code</failure></testcase><testcase classname="backend.tests.test_full_regression_final.TestFormSubmissions" name="test_49_contact_booking" time="0.108"><failure message="assert 422 in [200, 201]&#10; +  where 422 = &lt;Response [422]&gt;.status_code">backend/tests/test_full_regression_final.py:440: in test_49_contact_booking
    assert response.status_code in [200, 201]
E   assert 422 in [200, 201]
E    +  where 422 = &lt;Response [422]&gt;.status_code</failure></testcase><testcase classname="backend.tests.test_full_regression_final.TestFormSubmissions" name="test_50_contact" time="0.100"><failure message="assert 422 in [200, 201]&#10; +  where 422 = &lt;Response [422]&gt;.status_code">backend/tests/test_full_regression_final.py:450: in test_50_contact
    assert response.status_code in [200, 201]
E   assert 422 in [200, 201]
E    +  where 422 = &lt;Response [422]&gt;.status_code</failure></testcase><testcase classname="backend.tests.test_full_regression_final.TestFormSubmissions" name="test_51_schedule_visit" time="0.102"><failure message="assert 422 in [200, 201]&#10; +  where 422 = &lt;Response [422]&gt;.status_code">backend/tests/test_full_regression_final.py:462: in test_51_schedule_visit
    assert response.status_code in [200, 201]
E   assert 422 in [200, 201]
E    +  where 422 = &lt;Response [422]&gt;.status_code</failure></testcase><testcase classname="backend.tests.test_full_regression_final.TestFormSubmissions" name="test_52_leads" time="0.128" /><testcase classname="backend.tests.test_full_regression_final.TestFormSubmissions" name="test_53_leads_exit_intent" time="0.127" /><testcase classname="backend.tests.test_full_regression_final.TestFormSubmissions" name="test_54_package_inquiry_submit" time="0.124"><failure message="AssertionError: Package inquiry failed: 422 - {&quot;detail&quot;:[{&quot;type&quot;:&quot;missing&quot;,&quot;loc&quot;:[&quot;body&quot;,&quot;customer_name&quot;],&quot;msg&quot;:&quot;Field required&quot;,&quot;input&quot;:{&quot;name&quot;:&quot;TEST_PkgInquiry_f3d83db7&quot;,&quot;email&quot;:&quot;inquiry@example.com&quot;,&quot;phone&quot;:&quot;+971501234567&quot;,&quot;property_type&quot;:&quot;villa&quot;,&quot;budget_range&quot;:&quot;200000-500000&quot;,&quot;message&quot;:&quot;Package inquiry test&quot;},&quot;url&quot;:&quot;https://errors.pydantic.dev/2.12/v/missing&quot;},{&quot;type&quot;:&quot;missing&quot;,&quot;loc&quot;:[&quot;body&quot;,&quot;customer_email&quot;],&quot;msg&quot;:&quot;Field required&quot;,&quot;input&quot;:{&quot;name&quot;:&quot;TEST_PkgInquiry_f3d83db7&quot;,&quot;email&quot;:&quot;inquiry@example.com&quot;,&quot;phone&quot;:&quot;+971501234567&quot;,&quot;property_type&quot;:&quot;villa&quot;,&quot;budget_range&quot;:&quot;200000-500000&quot;,&quot;message&quot;:&quot;Package inquiry test&quot;},&quot;url&quot;:&quot;https://errors.pydantic.dev/2.12/v/missing&quot;},{&quot;type&quot;:&quot;missing&quot;,&quot;loc&quot;:[&quot;body&quot;,&quot;customer_phone&quot;],&quot;msg&quot;:&quot;Field required&quot;,&quot;input&quot;:{&quot;name&quot;:&quot;TEST_PkgInquiry_f3d83db7&quot;,&quot;email&quot;:&quot;inquiry@example.com&quot;,&quot;phone&quot;:&quot;+971501234567&quot;,&quot;property_type&quot;:&quot;villa&quot;,&quot;budget_range&quot;:&quot;200000-500000&quot;,&quot;message&quot;:&quot;Package inquiry test&quot;},&quot;url&quot;:&quot;https://errors.pydantic.dev/2.12/v/missing&quot;},{&quot;type&quot;:&quot;missing&quot;,&quot;loc&quot;:[&quot;body&quot;,&quot;package_tier&quot;],&quot;msg&quot;:&quot;Field required&quot;,&quot;input&quot;:{&quot;name&quot;:&quot;TEST_PkgInquiry_f3d83db7&quot;,&quot;email&quot;:&quot;inquiry@example.com&quot;,&quot;phone&quot;:&quot;+971501234567&quot;,&quot;property_type&quot;:&quot;villa&quot;,&quot;budget_range&quot;:&quot;200000-500000&quot;,&quot;message&quot;:&quot;Package inquiry test&quot;},&quot;url&quot;:&quot;https://errors.pydantic.dev/2.12/v/missing&quot;},{&quot;type&quot;:&quot;missing&quot;,&quot;loc&quot;:[&quot;body&quot;,&quot;base_price&quot;],&quot;msg&quot;:&quot;Field required&quot;,&quot;input&quot;:{&quot;name&quot;:&quot;TEST_PkgInquiry_f3d83db7&quot;,&quot;email&quot;:&quot;inquiry@example.com&quot;,&quot;phone&quot;:&quot;+971501234567&quot;,&quot;property_type&quot;:&quot;villa&quot;,&quot;budget_range&quot;:&quot;200000-500000&quot;,&quot;message&quot;:&quot;Package inquiry test&quot;},&quot;url&quot;:&quot;https://errors.pydantic.dev/2.12/v/missing&quot;},{&quot;type&quot;:&quot;missing&quot;,&quot;loc&quot;:[&quot;body&quot;,&quot;total_price&quot;],&quot;msg&quot;:&quot;Field required&quot;,&quot;input&quot;:{&quot;name&quot;:&quot;TEST_PkgInquiry_f3d83db7&quot;,&quot;email&quot;:&quot;inquiry@example.com&quot;,&quot;phone&quot;:&quot;+971501234567&quot;,&quot;property_type&quot;:&quot;villa&quot;,&quot;budget_range&quot;:&quot;200000-500000&quot;,&quot;message&quot;:&quot;Package inquiry test&quot;},&quot;url&quot;:&quot;https://errors.pydantic.dev/2.12/v/missing&quot;}]}&#10;assert 422 in [200, 201]&#10; +  where 422 = &lt;Response [422]&gt;.status_code">backend/tests/test_full_regression_final.py:497: in test_54_package_inquiry_submit
    assert response.status_code in [200, 201], f"Package inquiry failed: {response.status_code} - {response.text}"
E   AssertionError: Package inquiry failed: 422 - {"detail":[{"type":"missing","loc":["body","customer_name"],"msg":"Field required","input":{"name":"TEST_PkgInquiry_f3d83db7","email":"inquiry@example.com","phone":"+971501234567","property_type":"villa","budget_range":"200000-500000","message":"Package inquiry test"},"url":"https://errors.pydantic.dev/2.12/v/missing"},{"type":"missing","loc":["body","customer_email"],"msg":"Field required","input":{"name":"TEST_PkgInquiry_f3d83db7","email":"inquiry@example.com","phone":"+971501234567","property_type":"villa","budget_range":"200000-500000","message":"Package inquiry test"},"url":"https://errors.pydantic.dev/2.12/v/missing"},{"type":"missing","loc":["body","customer_phone"],"msg":"Field required","input":{"name":"TEST_PkgInquiry_f3d83db7","email":"inquiry@example.com","phone":"+971501234567","property_type":"villa","budget_range":"200000-500000","message":"Package inquiry test"},"url":"https://errors.pydantic.dev/2.12/v/missing"},{"type":"missing","loc":["body","package_tier"],"msg":"Field required","input":{"name":"TEST_PkgInquiry_f3d83db7","email":"inquiry@example.com","phone":"+971501234567","property_type":"villa","budget_range":"200000-500000","message":"Package inquiry test"},"url":"https://errors.pydantic.dev/2.12/v/missing"},{"type":"missing","loc":["body","base_price"],"msg":"Field required","input":{"name":"TEST_PkgInquiry_f3d83db7","email":"inquiry@example.com","phone":"+971501234567","property_type":"villa","budget_range":"200000-500000","message":"Package inquiry test"},"url":"https://errors.pydantic.dev/2.12/v/missing"},{"type":"missing","loc":["body","total_price"],"msg":"Field required","input":{"name":"TEST_PkgInquiry_f3d83db7","email":"inquiry@example.com","phone":"+971501234567","property_type":"villa","budget_range":"200000-500000","message":"Package inquiry test"},"url":"https://errors.pydantic.dev/2.12/v/missing"}]}
E   assert 422 in [200, 201]
E    +  where 422 = &lt;Response [422]&gt;.status_code</failure></testcase><testcase classname="backend.tests.test_full_regression_final.TestFormSubmissions" name="test_55_villa_designer_submit" time="0.107"><failure message="assert 422 in [200, 201]&#10; +  where 422 = &lt;Response [422]&gt;.status_code">backend/tests/test_full_regression_final.py:509: in test_55_villa_designer_submit
    assert response.status_code in [200, 201]
E   assert 422 in [200, 201]
E    +  where 422 = &lt;Response [422]&gt;.status_code</failure></testcase><testcase classname="backend.tests.test_full_regression_final.TestFormSubmissions" name="test_56_contractors_project_request" time="0.103"><failure message="assert 422 in [200, 201]&#10; +  where 422 = &lt;Response [422]&gt;.status_code">backend/tests/test_full_regression_final.py:522: in test_56_contractors_project_request
    assert response.status_code in [200, 201]
E   assert 422 in [200, 201]
E    +  where 422 = &lt;Response [422]&gt;.status_code</failure></testcase><testcase classname="backend.tests.test_full_regression_final.TestFormSubmissions" name="test_57_architects_resource_request" time="0.106"><failure message="assert 422 in [200, 201]&#10; +  where 422 = &lt;Response [422]&gt;.status_code">backend/tests/test_full_regression_final.py:535: in test_57_architects_resource_request
    assert response.status_code in [200, 201]
E   assert 422 in [200, 201]
E    +  where 422 = &lt;Response [422]&gt;.status_code</failure></testcase><testcase classname="backend.tests.test_full_regression_final.TestFormSubmissions" name="test_58_developers_toolkit_request" time="0.108"><failure message="assert 422 in [200, 201]&#10; +  where 422 = &lt;Response [422]&gt;.status_code">backend/tests/test_full_regression_final.py:548: in test_58_developers_toolkit_request
    assert response.status_code in [200, 201]
E   assert 422 in [200, 201]
E    +  where 422 = &lt;Response [422]&gt;.status_code</failure></testcase><testcase classname="backend.tests.test_full_regression_final.TestSmartHomeFeatures" name="test_59_smart_home_features" time="0.117" /><testcase classname="backend.tests.test_full_regression_final.TestSmartHomeFeatures" name="test_60_smart_home_protocols" time="0.106" /><testcase classname="backend.tests.test_full_regression_final.TestSmartHomeFeatures" name="test_61_smart_home_systems" time="0.105" /><testcase classname="backend.tests.test_full_regression_final.TestSmartHomeFeatures" name="test_62_smart_home_calculate_package" time="0.113"><failure message="assert 422 == 200&#10; +  where 422 = &lt;Response [422]&gt;.status_code">backend/tests/test_full_regression_final.py:581: in test_62_smart_home_calculate_package
    assert response.status_code == 200
E   assert 422 == 200
E    +  where 422 = &lt;Response [422]&gt;.status_code</failure></testcase><testcase classname="backend.tests.test_full_regression_final.TestSmartHomeFeatures" name="test_63_smart_home_save_project" time="0.122"><failure message="assert 422 in [200, 201]&#10; +  where 422 = &lt;Response [422]&gt;.status_code">backend/tests/test_full_regression_final.py:592: in test_63_smart_home_save_project
    assert response.status_code in [200, 201]
E   assert 422 in [200, 201]
E    +  where 422 = &lt;Response [422]&gt;.status_code</failure></testcase><testcase classname="backend.tests.test_full_regression_final.TestSmartHomeFeatures" name="test_64_smart_home_book_consultation" time="0.096"><failure message="assert 422 in [200, 201]&#10; +  where 422 = &lt;Response [422]&gt;.status_code">backend/tests/test_full_regression_final.py:604: in test_64_smart_home_book_consultation
    assert response.status_code in [200, 201]
E   assert 422 in [200, 201]
E    +  where 422 = &lt;Response [422]&gt;.status_code</failure></testcase><testcase classname="backend.tests.test_full_regression_final.TestAIChatbot" name="test_65_ai_chat_message" time="4.421" /><testcase classname="backend.tests.test_full_regression_final.TestAIChatbot" name="test_66_ai_chat_session" time="0.128" /><testcase classname="backend.tests.test_full_regression_final.TestSEO" name="test_67_seo_schema_organization" time="0.113" /><testcase classname="backend.tests.test_full_regression_final.TestSEO" name="test_68_seo_schema_services" time="0.103" /><testcase classname="backend.tests.test_full_regression_final.TestSEO" name="test_69_seo_schema_products" time="0.098" /><testcase classname="backend.tests.test_full_regression_final.TestSEO" name="test_70_seo_schema_faq" time="0.103" /><testcase classname="backend.tests.test_full_regression_final.TestSEO" name="test_71_seo_sitemap_data" time="0.122" /><testcase classname="backend.tests.test_full_regression_final.TestSEO" name="test_72_seo_meta_homepage" time="0.100" /><testcase classname="backend.tests.test_full_regression_final.TestAdminCRUD" name="test_73_solutions_crud" time="0.444"><failure message="AssertionError: Create failed: {&quot;detail&quot;:&quot;Could not validate credentials&quot;}&#10;assert 401 in [200, 201]&#10; +  where 401 = &lt;Response [401]&gt;.status_code">backend/tests/test_full_regression_final.py:695: in test_73_solutions_crud
    assert create_resp.status_code in [200, 201], f"Create failed: {create_resp.text}"
E   AssertionError: Create failed: {"detail":"Could not validate credentials"}
E   assert 401 in [200, 201]
E    +  where 401 = &lt;Response [401]&gt;.status_code</failure></testcase><testcase classname="backend.tests.test_full_regression_final.TestAdminCRUD" name="test_74_projects_crud" time="0.134"><failure message="AssertionError: Create failed: {&quot;detail&quot;:&quot;Could not validate credentials&quot;}&#10;assert 401 in [200, 201]&#10; +  where 401 = &lt;Response [401]&gt;.status_code">backend/tests/test_full_regression_final.py:725: in test_74_projects_crud
    assert create_resp.status_code in [200, 201], f"Create failed: {create_resp.text}"
E   AssertionError: Create failed: {"detail":"Could not validate credentials"}
E   assert 401 in [200, 201]
E    +  where 401 = &lt;Response [401]&gt;.status_code</failure></testcase><testcase classname="backend.tests.test_full_regression_final.TestAdminCRUD" name="test_75_brands_crud" time="0.097"><failure message="AssertionError: Create failed: {&quot;detail&quot;:&quot;Could not validate credentials&quot;}&#10;assert 401 in [200, 201]&#10; +  where 401 = &lt;Response [401]&gt;.status_code">backend/tests/test_full_regression_final.py:751: in test_75_brands_crud
    assert create_resp.status_code in [200, 201], f"Create failed: {create_resp.text}"
E   AssertionError: Create failed: {"detail":"Could not validate credentials"}
E   assert 401 in [200, 201]
E    +  where 401 = &lt;Response [401]&gt;.status_code</failure></testcase><testcase classname="backend.tests.test_full_regression_final.TestAdminCRUD" name="test_76_articles_crud" time="0.101"><failure message="AssertionError: Create failed: {&quot;detail&quot;:&quot;Could not validate credentials&quot;}&#10;assert 401 in [200, 201]&#10; +  where 401 = &lt;Response [401]&gt;.status_code">backend/tests/test_full_regression_final.py:778: in test_76_articles_crud
    assert create_resp.status_code in [200, 201], f"Create failed: {create_resp.text}"
E   AssertionError: Create failed: {"detail":"Could not validate credentials"}
E   assert 401 in [200, 201]
E    +  where 401 = &lt;Response [401]&gt;.status_code</failure></testcase><testcase classname="backend.tests.test_full_regression_final.TestAdminCRUD" name="test_77_news_crud" time="0.101"><failure message="AssertionError: Create failed: {&quot;detail&quot;:&quot;Invalid token&quot;}&#10;assert 401 in [200, 201]&#10; +  where 401 = &lt;Response [401]&gt;.status_code">backend/tests/test_full_regression_final.py:803: in test_77_news_crud
    assert create_resp.status_code in [200, 201], f"Create failed: {create_resp.text}"
E   AssertionError: Create failed: {"detail":"Invalid token"}
E   assert 401 in [200, 201]
E    +  where 401 = &lt;Response [401]&gt;.status_code</failure></testcase><testcase classname="backend.tests.test_full_regression_final.TestAdminCRUD" name="test_78_videos_crud" time="0.120"><failure message="AssertionError: Create failed: {&quot;detail&quot;:&quot;Invalid token&quot;}&#10;assert 401 in [200, 201]&#10; +  where 401 = &lt;Response [401]&gt;.status_code">backend/tests/test_full_regression_final.py:828: in test_78_videos_crud
    assert create_resp.status_code in [200, 201], f"Create failed: {create_resp.text}"
E   AssertionError: Create failed: {"detail":"Invalid token"}
E   assert 401 in [200, 201]
E    +  where 401 = &lt;Response [401]&gt;.status_code</failure></testcase><testcase classname="backend.tests.test_full_regression_final.TestAdminCRUD" name="test_79_testimonials_crud" time="0.104"><failure message="AssertionError: Create failed: {&quot;detail&quot;:&quot;Invalid token&quot;}&#10;assert 401 in [200, 201]&#10; +  where 401 = &lt;Response [401]&gt;.status_code">backend/tests/test_full_regression_final.py:854: in test_79_testimonials_crud
    assert create_resp.status_code in [200, 201], f"Create failed: {create_resp.text}"
E   AssertionError: Create failed: {"detail":"Invalid token"}
E   assert 401 in [200, 201]
E    +  where 401 = &lt;Response [401]&gt;.status_code</failure></testcase><testcase classname="backend.tests.test_full_regression_final.TestAdminCRUD" name="test_80_blog_posts_crud" time="0.105"><failure message="AssertionError: Create failed: {&quot;detail&quot;:&quot;Invalid token&quot;}&#10;assert 401 in [200, 201]&#10; +  where 401 = &lt;Response [401]&gt;.status_code">backend/tests/test_full_regression_final.py:887: in test_80_blog_posts_crud
    assert create_resp.status_code in [200, 201], f"Create failed: {create_resp.text}"
E   AssertionError: Create failed: {"detail":"Invalid token"}
E   assert 401 in [200, 201]
E    +  where 401 = &lt;Response [401]&gt;.status_code</failure></testcase><testcase classname="backend.tests.test_full_regression_final.TestAdminCRUD" name="test_81_catalogues_crud" time="0.107"><failure message="AssertionError: Create failed: {&quot;detail&quot;:&quot;Could not validate credentials&quot;}&#10;assert 401 in [200, 201]&#10; +  where 401 = &lt;Response [401]&gt;.status_code">backend/tests/test_full_regression_final.py:907: in test_81_catalogues_crud
    assert create_resp.status_code in [200, 201], f"Create failed: {create_resp.text}"
E   AssertionError: Create failed: {"detail":"Could not validate credentials"}
E   assert 401 in [200, 201]
E    +  where 401 = &lt;Response [401]&gt;.status_code</failure></testcase><testcase classname="backend.tests.test_full_regression_final.TestAdminCRUD" name="test_82_products_crud" time="0.109"><failure message="AssertionError: Create failed: {&quot;detail&quot;:&quot;Could not validate credentials&quot;}&#10;assert 401 in [200, 201]&#10; +  where 401 = &lt;Response [401]&gt;.status_code">backend/tests/test_full_regression_final.py:934: in test_82_products_crud
    assert create_resp.status_code in [200, 201], f"Create failed: {create_resp.text}"
E   AssertionError: Create failed: {"detail":"Could not validate credentials"}
E   assert 401 in [200, 201]
E    +  where 401 = &lt;Response [401]&gt;.status_code</failure></testcase><testcase classname="backend.tests.test_full_regression_final.TestAdminExtended" name="test_83_admin_submissions_consultations" time="0.438"><failure message="assert 401 == 200&#10; +  where 401 = &lt;Response [401]&gt;.status_code">backend/tests/test_full_regression_final.py:964: in test_83_admin_submissions_consultations
    assert response.status_code == 200
E   assert 401 == 200
E    +  where 401 = &lt;Response [401]&gt;.status_code</failure></testcase><testcase classname="backend.tests.test_full_regression_final.TestAdminExtended" name="test_84_admin_submissions_contacts" time="0.107"><failure message="assert 401 == 200&#10; +  where 401 = &lt;Response [401]&gt;.status_code">backend/tests/test_full_regression_final.py:971: in test_84_admin_submissions_contacts
    assert response.status_code == 200
E   assert 401 == 200
E    +  where 401 = &lt;Response [401]&gt;.status_code</failure></testcase><testcase classname="backend.tests.test_full_regression_final.TestAdminExtended" name="test_85_admin_content_solutions" time="0.139" /><testcase classname="backend.tests.test_full_regression_final.TestAdminExtended" name="test_86_admin_content_settings" time="0.119" /><testcase classname="backend.tests.test_full_regression_final.TestAnalytics" name="test_87_analytics_pageview" time="0.103"><failure message="assert 422 in [200, 201]&#10; +  where 422 = &lt;Response [422]&gt;.status_code">backend/tests/test_full_regression_final.py:1006: in test_87_analytics_pageview
    assert response.status_code in [200, 201]
E   assert 422 in [200, 201]
E    +  where 422 = &lt;Response [422]&gt;.status_code</failure></testcase><testcase classname="backend.tests.test_full_regression_final.TestAnalytics" name="test_88_analytics_dashboard" time="0.437"><failure message="assert 401 == 200&#10; +  where 401 = &lt;Response [401]&gt;.status_code">backend/tests/test_full_regression_final.py:1013: in test_88_analytics_dashboard
    assert response.status_code == 200
E   assert 401 == 200
E    +  where 401 = &lt;Response [401]&gt;.status_code</failure></testcase><testcase classname="backend.tests.test_full_regression_final.TestSalesIntelligence" name="test_89_sales_intelligence_pipeline" time="0.426"><failure message="assert 401 == 200&#10; +  where 401 = &lt;Response [401]&gt;.status_code">backend/tests/test_full_regression_final.py:1031: in test_89_sales_intelligence_pipeline
    assert response.status_code == 200
E   assert 401 == 200
E    +  where 401 = &lt;Response [401]&gt;.status_code</failure></testcase><testcase classname="backend.tests.test_full_regression_final.TestSalesIntelligence" name="test_90_sales_intelligence_stats" time="0.099"><failure message="assert 401 == 200&#10; +  where 401 = &lt;Response [401]&gt;.status_code">backend/tests/test_full_regression_final.py:1038: in test_90_sales_intelligence_stats
    assert response.status_code == 200
E   assert 401 == 200
E    +  where 401 = &lt;Response [401]&gt;.status_code</failure></testcase><testcase classname="backend.tests.test_full_regression_final.TestTracking" name="test_91_tracking_settings" time="0.452"><failure message="assert 401 == 200&#10; +  where 401 = &lt;Response [401]&gt;.status_code">backend/tests/test_full_regression_final.py:1056: in test_91_tracking_settings
    assert response.status_code == 200
E   assert 401 == 200
E    +  where 401 = &lt;Response [401]&gt;.status_code</failure></testcase><testcase classname="backend.tests.test_full_regression_final.TestTracking" name="test_92_tracking_public_config" time="0.115" /><testcase classname="backend.tests.test_full_regression_final.TestProjectBuilder" name="test_93_project_builder_dependency_graph" time="0.106"><failure message="assert 422 == 200&#10; +  where 422 = &lt;Response [422]&gt;.status_code">backend/tests/test_full_regression_final.py:1073: in test_93_project_builder_dependency_graph
    assert response.status_code == 200
E   assert 422 == 200
E    +  where 422 = &lt;Response [422]&gt;.status_code</failure></testcase><testcase classname="backend.tests.test_full_regression_final.TestProjectBuilder" name="test_94_project_builder_initialize" time="0.102"><failure message="assert 422 in [200, 201]&#10; +  where 422 = &lt;Response [422]&gt;.status_code">backend/tests/test_full_regression_final.py:1082: in test_94_project_builder_initialize
    assert response.status_code in [200, 201]
E   assert 422 in [200, 201]
E    +  where 422 = &lt;Response [422]&gt;.status_code</failure></testcase><testcase classname="backend.tests.test_full_regression_final.TestHealthAndRoot" name="test_95_api_root" time="0.141" /><testcase classname="backend.tests.test_full_regression_final.TestHealthAndRoot" name="test_96_health" time="0.111" /></testsuite></testsuites>