<?xml version="1.0" encoding="utf-8"?><testsuites name="pytest tests"><testsuite name="pytest" errors="0" failures="1" skipped="0" tests="16" time="2.411" timestamp="2026-03-05T19:06:46.599744+00:00" hostname="agent-env-c81a113a-cc17-4cc4-879f-90f8fc3c475d"><testcase classname="backend.tests.test_fulltext_search_relevance.TestFullTextSearchRelevance" name="test_relevance_sort_with_search_sonos" time="0.214" /><testcase classname="backend.tests.test_fulltext_search_relevance.TestFullTextSearchRelevance" name="test_relevance_sort_multi_term_search" time="0.143" /><testcase classname="backend.tests.test_fulltext_search_relevance.TestFullTextSearchRelevance" name="test_partial_word_regex_fallback" time="0.117" /><testcase classname="backend.tests.test_fulltext_search_relevance.TestFullTextSearchRelevance" name="test_search_with_name_asc_sort_uses_regex" time="0.114" /><testcase classname="backend.tests.test_fulltext_search_relevance.TestFullTextSearchRelevance" name="test_relevance_sort_without_search_fallback" time="0.122" /><testcase classname="backend.tests.test_fulltext_search_relevance.TestFullTextSearchRelevance" name="test_text_search_with_brand_filter" time="0.126" /><testcase classname="backend.tests.test_fulltext_search_relevance.TestFullTextSearchRelevance" name="test_text_search_with_category_filter" time="0.124" /><testcase classname="backend.tests.test_fulltext_search_relevance.TestSortOptions" name="test_sort_newest_works" time="0.137" /><testcase classname="backend.tests.test_fulltext_search_relevance.TestSortOptions" name="test_sort_oldest_works" time="0.132" /><testcase classname="backend.tests.test_fulltext_search_relevance.TestSortOptions" name="test_sort_name_desc_works" time="0.113"><failure message="AssertionError: Products should be sorted Z-A&#10;assert ['x6 - per pa...- 4 out', ...] == ['x6 - per pa...- 4 out', ...]&#10;  &#10;  At index 8 diff: 'universal din module 4 outputs plus' != 'universal din module 8 out'&#10;  &#10;  Full diff:&#10;    [&#10;        'x6 - per pair',&#10;        'x3 - per pair',...&#10;  &#10;  ...Full output truncated (25 lines hidden), use '-vv' to show">backend/tests/test_fulltext_search_relevance.py:214: in test_sort_name_desc_works
    assert names == sorted_names, "Products should be sorted Z-A"
E   AssertionError: Products should be sorted Z-A
E   assert ['x6 - per pa...- 4 out', ...] == ['x6 - per pa...- 4 out', ...]
E     
E     At index 8 diff: 'universal din module 4 outputs plus' != 'universal din module 8 out'
E     
E     Full diff:
E       [
E           'x6 - per pair',
E           'x3 - per pair',...
E     
E     ...Full output truncated (25 lines hidden), use '-vv' to show</failure></testcase><testcase classname="backend.tests.test_fulltext_search_relevance.TestBasicCatalogFunctionality" name="test_catalog_products_default" time="0.110" /><testcase classname="backend.tests.test_fulltext_search_relevance.TestBasicCatalogFunctionality" name="test_catalog_categories" time="0.120" /><testcase classname="backend.tests.test_fulltext_search_relevance.TestBasicCatalogFunctionality" name="test_catalog_brands" time="0.130" /><testcase classname="backend.tests.test_fulltext_search_relevance.TestBasicCatalogFunctionality" name="test_pagination_works" time="0.153" /><testcase classname="backend.tests.test_fulltext_search_relevance.TestBasicCatalogFunctionality" name="test_category_filter_works" time="0.117" /><testcase classname="backend.tests.test_fulltext_search_relevance.TestBasicCatalogFunctionality" name="test_brand_filter_works" time="0.303" /></testsuite></testsuites>