<?xml version="1.0" encoding="utf-8"?><testsuites name="pytest tests"><testsuite name="pytest" errors="0" failures="0" skipped="0" tests="96" time="80.577" timestamp="2026-02-26T11:31:15.470526+00:00" hostname="agent-env-2a413a3a-70c9-4f9d-96f9-fd4109e07356"><testcase classname="backend.tests.test_full_regression_final.TestAuthAndAdmin" name="test_01_admin_login" time="0.467" /><testcase classname="backend.tests.test_full_regression_final.TestAuthAndAdmin" name="test_02_admin_verify" time="0.444" /><testcase classname="backend.tests.test_full_regression_final.TestAuthAndAdmin" name="test_03_admin_me" time="0.118" /><testcase classname="backend.tests.test_full_regression_final.TestAuthAndAdmin" name="test_04_admin_stats" time="0.109" /><testcase classname="backend.tests.test_full_regression_final.TestAuthAndAdmin" name="test_05_system_health" time="0.109" /><testcase classname="backend.tests.test_full_regression_final.TestAuthAndAdmin" name="test_06_system_version" time="0.104" /><testcase classname="backend.tests.test_full_regression_final.TestAuthAndAdmin" name="test_07_activity_logs" time="0.108" /><testcase classname="backend.tests.test_full_regression_final.TestAuthAndAdmin" name="test_08_cache_stats" time="0.107" /><testcase classname="backend.tests.test_full_regression_final.TestPublicContentRead" name="test_09_solutions" time="0.164" /><testcase classname="backend.tests.test_full_regression_final.TestPublicContentRead" name="test_10_solutions_mega_menu" time="0.122" /><testcase classname="backend.tests.test_full_regression_final.TestPublicContentRead" name="test_11_services" time="0.141" /><testcase classname="backend.tests.test_full_regression_final.TestPublicContentRead" name="test_12_projects" time="0.096" /><testcase classname="backend.tests.test_full_regression_final.TestPublicContentRead" name="test_13_brands" time="0.108" /><testcase classname="backend.tests.test_full_regression_final.TestPublicContentRead" name="test_14_products" time="0.103" /><testcase classname="backend.tests.test_full_regression_final.TestPublicContentRead" name="test_15_articles" time="0.192" /><testcase classname="backend.tests.test_full_regression_final.TestPublicContentRead" name="test_16_articles_categories" time="0.105" /><testcase classname="backend.tests.test_full_regression_final.TestPublicContentRead" name="test_17_testimonials" time="0.107" /><testcase classname="backend.tests.test_full_regression_final.TestPublicContentRead" name="test_18_videos" time="0.104" /><testcase classname="backend.tests.test_full_regression_final.TestPublicContentRead" name="test_19_news" time="0.110" /><testcase classname="backend.tests.test_full_regression_final.TestPublicContentRead" name="test_20_catalogues" time="0.106" /><testcase classname="backend.tests.test_full_regression_final.TestPublicContentRead" name="test_21_specialty_rooms" time="0.110" /><testcase classname="backend.tests.test_full_regression_final.TestPublicContentRead" name="test_22_locations" time="0.104" /><testcase classname="backend.tests.test_full_regression_final.TestCMSAndSettings" name="test_23_settings" time="0.103" /><testcase classname="backend.tests.test_full_regression_final.TestCMSAndSettings" name="test_24_settings_page_careers" time="0.111" /><testcase classname="backend.tests.test_full_regression_final.TestCMSAndSettings" name="test_25_cms_sections_support" time="0.099" /><testcase classname="backend.tests.test_full_regression_final.TestCMSAndSettings" name="test_26_admin_update_cms" time="0.444" /><testcase classname="backend.tests.test_full_regression_final.TestGeoPages" name="test_27_geo_pages" time="0.125" /><testcase classname="backend.tests.test_full_regression_final.TestIntelligence" name="test_28_intelligence_features" time="0.272" /><testcase classname="backend.tests.test_full_regression_final.TestIntelligence" name="test_29_intelligence_categories" time="0.118" /><testcase classname="backend.tests.test_full_regression_final.TestIntelligence" name="test_30_intelligence_calculate_score" time="0.465" /><testcase classname="backend.tests.test_full_regression_final.TestIntelligence" name="test_31_intelligence_recommend_systems" time="0.105" /><testcase classname="backend.tests.test_full_regression_final.TestIntelligence" name="test_32_intelligence_stats" time="0.121" /><testcase classname="backend.tests.test_full_regression_final.TestPackagesAndPricing" name="test_33_packages_property_types" time="0.107" /><testcase classname="backend.tests.test_full_regression_final.TestPackagesAndPricing" name="test_34_packages_specialty_rooms" time="0.106" /><testcase classname="backend.tests.test_full_regression_final.TestPackagesAndPricing" name="test_35_packages_enhancements" time="0.101" /><testcase classname="backend.tests.test_full_regression_final.TestPackagesAndPricing" name="test_36_packages_control_systems" time="0.108" /><testcase classname="backend.tests.test_full_regression_final.TestPackagesAndPricing" name="test_37_packages_brand_options" time="0.101" /><testcase classname="backend.tests.test_full_regression_final.TestPackagesAndPricing" name="test_38_pricing_all" time="0.113" /><testcase classname="backend.tests.test_full_regression_final.TestPackagesAndPricing" name="test_39_pricing_calculator_solutions" time="0.100" /><testcase classname="backend.tests.test_full_regression_final.TestPackagesAndPricing" name="test_40_pricing_budget_ranges" time="0.105" /><testcase classname="backend.tests.test_full_regression_final.TestPackagesAndPricing" name="test_41_pricing_package_bundles" time="0.122" /><testcase classname="backend.tests.test_full_regression_final.TestPackagesAndPricing" name="test_42_pricing_system_pricing" time="0.102" /><testcase classname="backend.tests.test_full_regression_final.TestPackagesAndPricing" name="test_43_pricing_upgrade_features" time="0.104" /><testcase classname="backend.tests.test_full_regression_final.TestPackagesAndPricing" name="test_44_pricing_tier_pricing" time="0.102" /><testcase classname="backend.tests.test_full_regression_final.TestCalculator" name="test_45_calculator_cost" time="0.102" /><testcase classname="backend.tests.test_full_regression_final.TestCalculator" name="test_46_calculator_roi" time="0.107" /><testcase classname="backend.tests.test_full_regression_final.TestFormSubmissions" name="test_47_consultation" time="2.151" /><testcase classname="backend.tests.test_full_regression_final.TestFormSubmissions" name="test_48_experience_centre_booking" time="0.103" /><testcase classname="backend.tests.test_full_regression_final.TestFormSubmissions" name="test_49_contact_booking" time="0.114" /><testcase classname="backend.tests.test_full_regression_final.TestFormSubmissions" name="test_50_contact" time="0.820" /><testcase classname="backend.tests.test_full_regression_final.TestFormSubmissions" name="test_51_schedule_visit" time="0.105" /><testcase classname="backend.tests.test_full_regression_final.TestFormSubmissions" name="test_52_leads" time="0.104" /><testcase classname="backend.tests.test_full_regression_final.TestFormSubmissions" name="test_53_leads_exit_intent" time="0.130" /><testcase classname="backend.tests.test_full_regression_final.TestFormSubmissions" name="test_54_package_inquiry_submit" time="1.567" /><testcase classname="backend.tests.test_full_regression_final.TestFormSubmissions" name="test_55_villa_designer_submit" time="0.117" /><testcase classname="backend.tests.test_full_regression_final.TestFormSubmissions" name="test_56_contractors_project_request" time="0.110" /><testcase classname="backend.tests.test_full_regression_final.TestFormSubmissions" name="test_57_architects_resource_request" time="0.113" /><testcase classname="backend.tests.test_full_regression_final.TestFormSubmissions" name="test_58_developers_toolkit_request" time="0.099" /><testcase classname="backend.tests.test_full_regression_final.TestSmartHomeFeatures" name="test_59_smart_home_features" time="0.112" /><testcase classname="backend.tests.test_full_regression_final.TestSmartHomeFeatures" name="test_60_smart_home_protocols" time="0.101" /><testcase classname="backend.tests.test_full_regression_final.TestSmartHomeFeatures" name="test_61_smart_home_systems" time="0.099" /><testcase classname="backend.tests.test_full_regression_final.TestSmartHomeFeatures" name="test_62_smart_home_calculate_package" time="0.106" /><testcase classname="backend.tests.test_full_regression_final.TestSmartHomeFeatures" name="test_63_smart_home_save_project" time="0.111" /><testcase classname="backend.tests.test_full_regression_final.TestSmartHomeFeatures" name="test_64_smart_home_book_consultation" time="0.101" /><testcase classname="backend.tests.test_full_regression_final.TestAIChatbot" name="test_65_ai_chat_message" time="4.901" /><testcase classname="backend.tests.test_full_regression_final.TestAIChatbot" name="test_66_ai_chat_session" time="36.085" /><testcase classname="backend.tests.test_full_regression_final.TestSEO" name="test_67_seo_schema_organization" time="0.182" /><testcase classname="backend.tests.test_full_regression_final.TestSEO" name="test_68_seo_schema_services" time="0.155" /><testcase classname="backend.tests.test_full_regression_final.TestSEO" name="test_69_seo_schema_products" time="0.140" /><testcase classname="backend.tests.test_full_regression_final.TestSEO" name="test_70_seo_schema_faq" time="19.490" /><testcase classname="backend.tests.test_full_regression_final.TestSEO" name="test_71_seo_sitemap_data" time="0.140" /><testcase classname="backend.tests.test_full_regression_final.TestSEO" name="test_72_seo_meta_homepage" time="0.114" /><testcase classname="backend.tests.test_full_regression_final.TestAdminCRUD" name="test_73_solutions_crud" time="0.648" /><testcase classname="backend.tests.test_full_regression_final.TestAdminCRUD" name="test_74_projects_crud" time="0.320" /><testcase classname="backend.tests.test_full_regression_final.TestAdminCRUD" name="test_75_brands_crud" time="0.321" /><testcase classname="backend.tests.test_full_regression_final.TestAdminCRUD" name="test_76_articles_crud" time="0.322" /><testcase classname="backend.tests.test_full_regression_final.TestAdminCRUD" name="test_77_news_crud" time="0.329" /><testcase classname="backend.tests.test_full_regression_final.TestAdminCRUD" name="test_78_videos_crud" time="0.327" /><testcase classname="backend.tests.test_full_regression_final.TestAdminCRUD" name="test_79_testimonials_crud" time="0.301" /><testcase classname="backend.tests.test_full_regression_final.TestAdminCRUD" name="test_80_blog_posts_crud" time="0.113" /><testcase classname="backend.tests.test_full_regression_final.TestAdminCRUD" name="test_81_catalogues_crud" time="0.321" /><testcase classname="backend.tests.test_full_regression_final.TestAdminCRUD" name="test_82_products_crud" time="0.365" /><testcase classname="backend.tests.test_full_regression_final.TestAdminExtended" name="test_83_admin_submissions_consultations" time="0.426" /><testcase classname="backend.tests.test_full_regression_final.TestAdminExtended" name="test_84_admin_submissions_contacts" time="0.103" /><testcase classname="backend.tests.test_full_regression_final.TestAdminExtended" name="test_85_admin_content_solutions" time="0.132" /><testcase classname="backend.tests.test_full_regression_final.TestAdminExtended" name="test_86_admin_content_settings" time="0.116" /><testcase classname="backend.tests.test_full_regression_final.TestAnalytics" name="test_87_analytics_pageview" time="0.108" /><testcase classname="backend.tests.test_full_regression_final.TestAnalytics" name="test_88_analytics_dashboard" time="0.468" /><testcase classname="backend.tests.test_full_regression_final.TestSalesIntelligence" name="test_89_sales_intelligence_pipeline" time="0.506" /><testcase classname="backend.tests.test_full_regression_final.TestSalesIntelligence" name="test_90_sales_intelligence_stats" time="0.155" /><testcase classname="backend.tests.test_full_regression_final.TestTracking" name="test_91_tracking_settings" time="0.432" /><testcase classname="backend.tests.test_full_regression_final.TestTracking" name="test_92_tracking_public_config" time="0.103" /><testcase classname="backend.tests.test_full_regression_final.TestProjectBuilder" name="test_93_project_builder_dependency_graph" time="0.138" /><testcase classname="backend.tests.test_full_regression_final.TestProjectBuilder" name="test_94_project_builder_initialize" time="0.111" /><testcase classname="backend.tests.test_full_regression_final.TestHealthAndRoot" name="test_95_api_root" time="0.103" /><testcase classname="backend.tests.test_full_regression_final.TestHealthAndRoot" name="test_96_health" time="0.099" /></testsuite></testsuites>