<?xml version="1.0" encoding="utf-8"?><testsuites name="pytest tests"><testsuite name="pytest" errors="0" failures="2" skipped="0" tests="16" time="2.884" timestamp="2026-02-25T18:56:53.732991+00:00" hostname="agent-env-efbff260-06f8-4f3e-ab1b-ae42ec8549a0"><testcase classname="tests.test_gallery_images.TestBoardroomsAuditoriumsSolution" name="test_boardrooms_solution_api_returns_200" time="0.180" /><testcase classname="tests.test_gallery_images.TestBoardroomsAuditoriumsSolution" name="test_boardrooms_solution_has_gallery_images" time="0.198" /><testcase classname="tests.test_gallery_images.TestBoardroomsAuditoriumsSolution" name="test_gallery_images_are_real_stock_photos" time="0.140" /><testcase classname="tests.test_gallery_images.TestBoardroomsAuditoriumsSolution" name="test_boardrooms_solution_has_required_fields" time="0.157" /><testcase classname="tests.test_gallery_images.TestBoardroomsAuditoriumsSolution" name="test_boardrooms_solution_faqs" time="0.115" /><testcase classname="tests.test_gallery_images.TestSolutionsListingAPI" name="test_solutions_list_returns_200" time="0.167" /><testcase classname="tests.test_gallery_images.TestSolutionsListingAPI" name="test_solutions_list_has_items" time="0.166" /><testcase classname="tests.test_gallery_images.TestSolutionsListingAPI" name="test_solutions_mega_menu_returns_200" time="0.195" /><testcase classname="tests.test_gallery_images.TestStaticSolutionPages" name="test_lighting_automation_api_returns_200" time="0.252" /><testcase classname="tests.test_gallery_images.TestStaticSolutionPages" name="test_lighting_automation_has_required_fields" time="0.142" /><testcase classname="tests.test_gallery_images.TestHomepageAndCoreAPIs" name="test_settings_api_returns_200" time="0.135" /><testcase classname="tests.test_gallery_images.TestHomepageAndCoreAPIs" name="test_projects_api_returns_200" time="0.133" /><testcase classname="tests.test_gallery_images.TestHomepageAndCoreAPIs" name="test_services_api_returns_200" time="0.143" /><testcase classname="tests.test_gallery_images.TestHomepageAndCoreAPIs" name="test_testimonials_api_returns_200" time="0.186" /><testcase classname="tests.test_gallery_images.TestAdminAuthentication" name="test_admin_login_with_valid_credentials" time="0.248"><failure message="AssertionError: Expected 200, got 404&#10;assert 404 == 200&#10; +  where 404 = &lt;Response [404]&gt;.status_code">tests/test_gallery_images.py:162: in test_admin_login_with_valid_credentials
    assert response.status_code == 200, f"Expected 200, got {response.status_code}"
E   AssertionError: Expected 200, got 404
E   assert 404 == 200
E    +  where 404 = &lt;Response [404]&gt;.status_code</failure></testcase><testcase classname="tests.test_gallery_images.TestAdminAuthentication" name="test_admin_login_with_invalid_credentials" time="0.122"><failure message="AssertionError: Expected 401, got 404&#10;assert 404 == 401&#10; +  where 404 = &lt;Response [404]&gt;.status_code">tests/test_gallery_images.py:174: in test_admin_login_with_invalid_credentials
    assert response.status_code == 401, f"Expected 401, got {response.status_code}"
E   AssertionError: Expected 401, got 404
E   assert 404 == 401
E    +  where 404 = &lt;Response [404]&gt;.status_code</failure></testcase></testsuite></testsuites>