<?xml version="1.0" encoding="utf-8"?><testsuites name="pytest tests"><testsuite name="pytest" errors="0" failures="0" skipped="0" tests="16" time="3.077" timestamp="2026-02-25T18:57:17.385331+00:00" hostname="agent-env-efbff260-06f8-4f3e-ab1b-ae42ec8549a0"><testcase classname="tests.test_gallery_images.TestBoardroomsAuditoriumsSolution" name="test_boardrooms_solution_api_returns_200" time="0.149" /><testcase classname="tests.test_gallery_images.TestBoardroomsAuditoriumsSolution" name="test_boardrooms_solution_has_gallery_images" time="0.130" /><testcase classname="tests.test_gallery_images.TestBoardroomsAuditoriumsSolution" name="test_gallery_images_are_real_stock_photos" time="0.153" /><testcase classname="tests.test_gallery_images.TestBoardroomsAuditoriumsSolution" name="test_boardrooms_solution_has_required_fields" time="0.196" /><testcase classname="tests.test_gallery_images.TestBoardroomsAuditoriumsSolution" name="test_boardrooms_solution_faqs" time="0.125" /><testcase classname="tests.test_gallery_images.TestSolutionsListingAPI" name="test_solutions_list_returns_200" time="0.186" /><testcase classname="tests.test_gallery_images.TestSolutionsListingAPI" name="test_solutions_list_has_items" time="0.177" /><testcase classname="tests.test_gallery_images.TestSolutionsListingAPI" name="test_solutions_mega_menu_returns_200" time="0.135" /><testcase classname="tests.test_gallery_images.TestStaticSolutionPages" name="test_lighting_automation_api_returns_200" time="0.112" /><testcase classname="tests.test_gallery_images.TestStaticSolutionPages" name="test_lighting_automation_has_required_fields" time="0.156" /><testcase classname="tests.test_gallery_images.TestHomepageAndCoreAPIs" name="test_settings_api_returns_200" time="0.176" /><testcase classname="tests.test_gallery_images.TestHomepageAndCoreAPIs" name="test_projects_api_returns_200" time="0.235" /><testcase classname="tests.test_gallery_images.TestHomepageAndCoreAPIs" name="test_services_api_returns_200" time="0.208" /><testcase classname="tests.test_gallery_images.TestHomepageAndCoreAPIs" name="test_testimonials_api_returns_200" time="0.123" /><testcase classname="tests.test_gallery_images.TestAdminAuthentication" name="test_admin_login_with_valid_credentials" time="0.403" /><testcase classname="tests.test_gallery_images.TestAdminAuthentication" name="test_admin_login_with_invalid_credentials" time="0.351" /></testsuite></testsuites>