<?xml version="1.0" encoding="utf-8"?><testsuites name="pytest tests"><testsuite name="pytest" errors="0" failures="0" skipped="0" tests="17" time="4.222" timestamp="2026-02-26T04:31:48.471257+00:00" hostname="agent-env-dea4c369-a3c6-429f-9840-8995dbb5f76b"><testcase classname="backend.tests.test_geo_pages_api.TestGeoPagesList" name="test_get_all_geo_pages" time="0.301" /><testcase classname="backend.tests.test_geo_pages_api.TestGeoPagesList" name="test_geo_pages_have_required_fields" time="0.128" /><testcase classname="backend.tests.test_geo_pages_api.TestGeoPageBySlug" name="test_get_dubai_palm_jumeirah" time="0.121" /><testcase classname="backend.tests.test_geo_pages_api.TestGeoPageBySlug" name="test_get_uae_dubai" time="0.120" /><testcase classname="backend.tests.test_geo_pages_api.TestGeoPageBySlug" name="test_get_saudi_arabia_riyadh" time="0.140" /><testcase classname="backend.tests.test_geo_pages_api.TestGeoPageBySlug" name="test_get_uae_ajman" time="0.118" /><testcase classname="backend.tests.test_geo_pages_api.TestGeoPageBySlug" name="test_get_nonexistent_page" time="0.132" /><testcase classname="backend.tests.test_geo_pages_api.TestGeoPageUpdate" name="test_update_geo_page_hero_title" time="0.450" /><testcase classname="backend.tests.test_geo_pages_api.TestGeoPageUpdate" name="test_update_geo_page_communities" time="0.559" /><testcase classname="backend.tests.test_geo_pages_api.TestGeoPageUpdate" name="test_update_nonexistent_page" time="0.116" /><testcase classname="backend.tests.test_geo_pages_api.TestGeoPageContent" name="test_page_has_stats" time="0.112" /><testcase classname="backend.tests.test_geo_pages_api.TestGeoPageContent" name="test_page_has_communities" time="0.108" /><testcase classname="backend.tests.test_geo_pages_api.TestGeoPageContent" name="test_page_has_services" time="0.119" /><testcase classname="backend.tests.test_geo_pages_api.TestGeoPageContent" name="test_page_has_faqs" time="0.114" /><testcase classname="backend.tests.test_geo_pages_api.TestMultipleGeoPages" name="test_dubai_pages_exist" time="0.597" /><testcase classname="backend.tests.test_geo_pages_api.TestMultipleGeoPages" name="test_uae_emirate_pages_exist" time="0.445" /><testcase classname="backend.tests.test_geo_pages_api.TestMultipleGeoPages" name="test_international_pages_exist" time="0.342" /></testsuite></testsuites>