<?xml version="1.0" encoding="utf-8"?><testsuites name="pytest tests"><testsuite name="pytest" errors="0" failures="0" skipped="0" tests="24" time="34.879" timestamp="2026-02-15T17:55:13.899070+00:00" hostname="agent-env-078f76ca-dfea-4689-8b09-f3b822b2791d"><testcase classname="backend.tests.test_go_live_qa.TestPhase7APIEndpoints" name="test_health_endpoint" time="0.263" /><testcase classname="backend.tests.test_go_live_qa.TestPhase7APIEndpoints" name="test_solutions_endpoint" time="0.202" /><testcase classname="backend.tests.test_go_live_qa.TestPhase7APIEndpoints" name="test_tracking_public_config" time="0.131" /><testcase classname="backend.tests.test_go_live_qa.TestPhase7APIEndpoints" name="test_geo_pages_endpoint" time="0.115" /><testcase classname="backend.tests.test_go_live_qa.TestPhase7APIEndpoints" name="test_contact_submission" time="1.553" /><testcase classname="backend.tests.test_go_live_qa.TestPhase6SEOIndexing" name="test_sitemap_exists" time="0.590" /><testcase classname="backend.tests.test_go_live_qa.TestPhase6SEOIndexing" name="test_sitemap_contains_geo_pages" time="0.528" /><testcase classname="backend.tests.test_go_live_qa.TestPhase3FunctionalQAPersonas" name="test_persona_villa_owner_solutions" time="0.163" /><testcase classname="backend.tests.test_go_live_qa.TestPhase3FunctionalQAPersonas" name="test_persona_commercial_solutions" time="0.157" /><testcase classname="backend.tests.test_go_live_qa.TestPhase4IntelligenceBuilderValidation" name="test_smart_home_features_endpoint" time="0.113" /><testcase classname="backend.tests.test_go_live_qa.TestPhase4IntelligenceBuilderValidation" name="test_project_builder_systems" time="0.125" /><testcase classname="backend.tests.test_go_live_qa.TestPhase5FormsLeadCapture" name="test_experience_centre_booking_api" time="1.308" /><testcase classname="backend.tests.test_go_live_qa.TestPhase5FormsLeadCapture" name="test_consultation_booking_api" time="1.371" /><testcase classname="backend.tests.test_go_live_qa.TestGeoPagesFrontend" name="test_dubai_geo_pages" time="5.392" /><testcase classname="backend.tests.test_go_live_qa.TestGeoPagesFrontend" name="test_saudi_geo_pages" time="3.152" /><testcase classname="backend.tests.test_go_live_qa.TestGeoPagesFrontend" name="test_gcc_geo_pages" time="3.429" /><testcase classname="backend.tests.test_go_live_qa.TestServicePages" name="test_service_pages_load" time="8.283" /><testcase classname="backend.tests.test_go_live_qa.TestPartnerPages" name="test_partner_pages_load" time="2.123" /><testcase classname="backend.tests.test_go_live_qa.TestCorePages" name="test_homepage_loads" time="0.223" /><testcase classname="backend.tests.test_go_live_qa.TestCorePages" name="test_contact_page_loads" time="1.714" /><testcase classname="backend.tests.test_go_live_qa.TestCorePages" name="test_experience_centre_page_loads" time="1.196" /><testcase classname="backend.tests.test_go_live_qa.TestCorePages" name="test_project_builder_page_loads" time="1.765" /><testcase classname="backend.tests.test_go_live_qa.TestAdminAuthentication" name="test_admin_login" time="0.410" /><testcase classname="backend.tests.test_go_live_qa.TestAdminAuthentication" name="test_admin_verify" time="0.448" /></testsuite></testsuites>