<?xml version="1.0" encoding="utf-8"?><testsuites name="pytest tests"><testsuite name="pytest" errors="0" failures="0" skipped="0" tests="8" time="2.841" timestamp="2026-02-16T14:49:23.704108+00:00" hostname="agent-env-4be9600a-bdf8-4110-9366-6bb0664a8a6a"><testcase classname="tests.test_intelligence_features_admin.TestIntelligenceFeaturesAdmin" name="test_admin_login" time="0.492" /><testcase classname="tests.test_intelligence_features_admin.TestIntelligenceFeaturesAdmin" name="test_get_intelligence_stats" time="0.617" /><testcase classname="tests.test_intelligence_features_admin.TestIntelligenceFeaturesAdmin" name="test_get_intelligence_features_list" time="0.192" /><testcase classname="tests.test_intelligence_features_admin.TestIntelligenceFeaturesAdmin" name="test_create_feature" time="0.116" /><testcase classname="tests.test_intelligence_features_admin.TestIntelligenceFeaturesAdmin" name="test_toggle_featured" time="0.547" /><testcase classname="tests.test_intelligence_features_admin.TestIntelligenceFeaturesAdmin" name="test_delete_feature" time="0.298" /><testcase classname="tests.test_intelligence_features_admin.TestIntelligenceFeaturesAdmin" name="test_create_feature_duplicate_slug" time="0.417" /><testcase classname="tests.test_intelligence_features_admin.TestIntelligenceFeaturesAdmin" name="test_unauthorized_access" time="0.113" /></testsuite></testsuites>