<?xml version="1.0" encoding="utf-8"?><testsuites name="pytest tests"><testsuite name="pytest" errors="0" failures="0" skipped="1" tests="22" time="31.463" timestamp="2026-02-26T09:05:46.868440+00:00" hostname="agent-env-2a413a3a-70c9-4f9d-96f9-fd4109e07356"><testcase classname="tests.test_modal_form_endpoints.TestConsultationAndBookingModals" name="test_consultation_form_submit" time="2.068" /><testcase classname="tests.test_modal_form_endpoints.TestConsultationAndBookingModals" name="test_booking_modal_submit" time="2.013" /><testcase classname="tests.test_modal_form_endpoints.TestConsultationAndBookingModals" name="test_experience_centre_booking" time="2.015" /><testcase classname="tests.test_modal_form_endpoints.TestContactAndLeadForms" name="test_contact_form_submit" time="1.551" /><testcase classname="tests.test_modal_form_endpoints.TestScheduleVisit" name="test_schedule_visit" time="1.990" /><testcase classname="tests.test_modal_form_endpoints.TestCalculatorAndPricing" name="test_calculator_cost_estimate" time="0.115" /><testcase classname="tests.test_modal_form_endpoints.TestCalculatorAndPricing" name="test_calculator_submit_full" time="2.945" /><testcase classname="tests.test_modal_form_endpoints.TestCalculatorAndPricing" name="test_calculator_quote_preview" time="0.145" /><testcase classname="tests.test_modal_form_endpoints.TestCalculatorAndPricing" name="test_calculator_roi" time="0.104" /><testcase classname="tests.test_modal_form_endpoints.TestProfessionalForms" name="test_contractor_project_request" time="0.100" /><testcase classname="tests.test_modal_form_endpoints.TestProfessionalForms" name="test_architect_resource_request" time="2.459" /><testcase classname="tests.test_modal_form_endpoints.TestProfessionalForms" name="test_developer_toolkit_request" time="1.447" /><testcase classname="tests.test_modal_form_endpoints.TestSpecialSubmissions" name="test_villa_designer_submit" time="0.109" /><testcase classname="tests.test_modal_form_endpoints.TestSpecialSubmissions" name="test_smart_home_save_project" time="0.105" /><testcase classname="tests.test_modal_form_endpoints.TestSpecialSubmissions" name="test_smart_home_book_consultation" time="0.100" /><testcase classname="tests.test_modal_form_endpoints.TestAIChatbot" name="test_ai_chat_message" time="6.112" /><testcase classname="tests.test_modal_form_endpoints.TestAIChatbot" name="test_ai_chat_followup" time="7.438" /><testcase classname="tests.test_modal_form_endpoints.TestProjectBuilder" name="test_project_builder_features" time="0.142" /><testcase classname="tests.test_modal_form_endpoints.TestProjectBuilder" name="test_project_builder_protocols" time="0.105" /><testcase classname="tests.test_modal_form_endpoints.TestProjectBuilder" name="test_project_builder_systems" time="0.101" /><testcase classname="tests.test_modal_form_endpoints.TestProjectBuilder" name="test_project_builder_calculate_package" time="0.106" /><testcase classname="tests.test_modal_form_endpoints.TestAdditionalEndpoints" name="test_package_inquiry_submit" time="0.101"><skipped type="pytest.skip" message="Endpoint not implemented">/app/backend/tests/test_modal_form_endpoints.py:575: Endpoint not implemented</skipped></testcase></testsuite></testsuites>