<?xml version="1.0" encoding="utf-8"?><testsuites name="pytest tests"><testsuite name="pytest" errors="0" failures="2" skipped="1" tests="22" time="30.838" timestamp="2026-02-26T09:04:47.517819+00:00" hostname="agent-env-2a413a3a-70c9-4f9d-96f9-fd4109e07356"><testcase classname="tests.test_modal_form_endpoints.TestConsultationAndBookingModals" name="test_consultation_form_submit" time="2.213" /><testcase classname="tests.test_modal_form_endpoints.TestConsultationAndBookingModals" name="test_booking_modal_submit" time="2.151" /><testcase classname="tests.test_modal_form_endpoints.TestConsultationAndBookingModals" name="test_experience_centre_booking" time="2.450" /><testcase classname="tests.test_modal_form_endpoints.TestContactAndLeadForms" name="test_contact_form_submit" time="1.229" /><testcase classname="tests.test_modal_form_endpoints.TestScheduleVisit" name="test_schedule_visit" time="3.009" /><testcase classname="tests.test_modal_form_endpoints.TestCalculatorAndPricing" name="test_calculator_cost_estimate" time="0.107" /><testcase classname="tests.test_modal_form_endpoints.TestCalculatorAndPricing" name="test_calculator_submit_full" time="0.105"><failure message="AssertionError: Expected 200, got 422: {&quot;detail&quot;:[{&quot;type&quot;:&quot;string_type&quot;,&quot;loc&quot;:[&quot;body&quot;,&quot;privilege_card&quot;],&quot;msg&quot;:&quot;Input should be a valid string&quot;,&quot;input&quot;:false,&quot;url&quot;:&quot;https://errors.pydantic.dev/2.12/v/string_type&quot;}]}&#10;assert 422 == 200&#10; +  where 422 = &lt;Response [422]&gt;.status_code">tests/test_modal_form_endpoints.py:202: in test_calculator_submit_full
    assert response.status_code == 200, f"Expected 200, got {response.status_code}: {response.text}"
E   AssertionError: Expected 200, got 422: {"detail":[{"type":"string_type","loc":["body","privilege_card"],"msg":"Input should be a valid string","input":false,"url":"https://errors.pydantic.dev/2.12/v/string_type"}]}
E   assert 422 == 200
E    +  where 422 = &lt;Response [422]&gt;.status_code</failure></testcase><testcase classname="tests.test_modal_form_endpoints.TestCalculatorAndPricing" name="test_calculator_quote_preview" time="0.107"><failure message="AssertionError: Expected 200, got 422: {&quot;detail&quot;:[{&quot;type&quot;:&quot;string_type&quot;,&quot;loc&quot;:[&quot;body&quot;,&quot;privilege_card&quot;],&quot;msg&quot;:&quot;Input should be a valid string&quot;,&quot;input&quot;:false,&quot;url&quot;:&quot;https://errors.pydantic.dev/2.12/v/string_type&quot;}]}&#10;assert 422 == 200&#10; +  where 422 = &lt;Response [422]&gt;.status_code">tests/test_modal_form_endpoints.py:236: in test_calculator_quote_preview
    assert response.status_code == 200, f"Expected 200, got {response.status_code}: {response.text}"
E   AssertionError: Expected 200, got 422: {"detail":[{"type":"string_type","loc":["body","privilege_card"],"msg":"Input should be a valid string","input":false,"url":"https://errors.pydantic.dev/2.12/v/string_type"}]}
E   assert 422 == 200
E    +  where 422 = &lt;Response [422]&gt;.status_code</failure></testcase><testcase classname="tests.test_modal_form_endpoints.TestCalculatorAndPricing" name="test_calculator_roi" time="0.100" /><testcase classname="tests.test_modal_form_endpoints.TestProfessionalForms" name="test_contractor_project_request" time="0.123" /><testcase classname="tests.test_modal_form_endpoints.TestProfessionalForms" name="test_architect_resource_request" time="2.933" /><testcase classname="tests.test_modal_form_endpoints.TestProfessionalForms" name="test_developer_toolkit_request" time="1.247" /><testcase classname="tests.test_modal_form_endpoints.TestSpecialSubmissions" name="test_villa_designer_submit" time="0.118" /><testcase classname="tests.test_modal_form_endpoints.TestSpecialSubmissions" name="test_smart_home_save_project" time="0.122" /><testcase classname="tests.test_modal_form_endpoints.TestSpecialSubmissions" name="test_smart_home_book_consultation" time="0.107" /><testcase classname="tests.test_modal_form_endpoints.TestAIChatbot" name="test_ai_chat_message" time="6.387" /><testcase classname="tests.test_modal_form_endpoints.TestAIChatbot" name="test_ai_chat_followup" time="7.654" /><testcase classname="tests.test_modal_form_endpoints.TestProjectBuilder" name="test_project_builder_features" time="0.145" /><testcase classname="tests.test_modal_form_endpoints.TestProjectBuilder" name="test_project_builder_protocols" time="0.106" /><testcase classname="tests.test_modal_form_endpoints.TestProjectBuilder" name="test_project_builder_systems" time="0.100" /><testcase classname="tests.test_modal_form_endpoints.TestProjectBuilder" name="test_project_builder_calculate_package" time="0.110" /><testcase classname="tests.test_modal_form_endpoints.TestAdditionalEndpoints" name="test_package_inquiry_submit" time="0.104"><skipped type="pytest.skip" message="Endpoint not implemented">/app/backend/tests/test_modal_form_endpoints.py:575: Endpoint not implemented</skipped></testcase></testsuite></testsuites>