<?xml version="1.0" encoding="utf-8"?><testsuites name="pytest tests"><testsuite name="pytest" errors="0" failures="1" skipped="0" tests="61" time="33.880" timestamp="2026-02-26T12:10:22.890612+00:00" hostname="agent-env-68d209e0-f13e-448c-b086-6cba44e5f12e"><testcase classname="tests.test_patch_endpoints.TestPatchEndpoints" name="test_patch_solution_success" time="0.914"><failure message="assert 404 == 200&#10; +  where 404 = &lt;Response [404]&gt;.status_code">tests/test_patch_endpoints.py:51: in test_patch_solution_success
    assert resp.status_code == 200
E   assert 404 == 200
E    +  where 404 = &lt;Response [404]&gt;.status_code</failure></testcase><testcase classname="tests.test_patch_endpoints.TestPatchEndpoints" name="test_patch_solution_empty_body" time="0.619" /><testcase classname="tests.test_patch_endpoints.TestPatchEndpoints" name="test_patch_solution_not_found" time="0.469" /><testcase classname="tests.test_patch_endpoints.TestPatchEndpoints" name="test_patch_project_success" time="0.661" /><testcase classname="tests.test_patch_endpoints.TestPatchEndpoints" name="test_patch_project_empty_body" time="0.593" /><testcase classname="tests.test_patch_endpoints.TestPatchEndpoints" name="test_patch_project_not_found" time="0.450" /><testcase classname="tests.test_patch_endpoints.TestPatchEndpoints" name="test_patch_article_success" time="0.607" /><testcase classname="tests.test_patch_endpoints.TestPatchEndpoints" name="test_patch_article_empty_body" time="0.626" /><testcase classname="tests.test_patch_endpoints.TestPatchEndpoints" name="test_patch_article_not_found" time="0.489" /><testcase classname="tests.test_patch_endpoints.TestPatchEndpoints" name="test_patch_news_success" time="0.570" /><testcase classname="tests.test_patch_endpoints.TestPatchEndpoints" name="test_patch_news_empty_body" time="0.609" /><testcase classname="tests.test_patch_endpoints.TestPatchEndpoints" name="test_patch_news_not_found" time="0.433" /><testcase classname="tests.test_patch_endpoints.TestPatchEndpoints" name="test_patch_brand_success" time="0.553" /><testcase classname="tests.test_patch_endpoints.TestPatchEndpoints" name="test_patch_brand_empty_body" time="0.548" /><testcase classname="tests.test_patch_endpoints.TestPatchEndpoints" name="test_patch_brand_not_found" time="0.448" /><testcase classname="tests.test_patch_endpoints.TestPatchEndpoints" name="test_patch_product_success" time="0.540" /><testcase classname="tests.test_patch_endpoints.TestPatchEndpoints" name="test_patch_product_empty_body" time="0.567" /><testcase classname="tests.test_patch_endpoints.TestPatchEndpoints" name="test_patch_product_not_found" time="0.456" /><testcase classname="tests.test_patch_endpoints.TestPatchEndpoints" name="test_patch_video_success" time="0.568" /><testcase classname="tests.test_patch_endpoints.TestPatchEndpoints" name="test_patch_video_empty_body" time="0.548" /><testcase classname="tests.test_patch_endpoints.TestPatchEndpoints" name="test_patch_video_not_found" time="0.446" /><testcase classname="tests.test_patch_endpoints.TestPatchEndpoints" name="test_patch_catalogue_success" time="0.570" /><testcase classname="tests.test_patch_endpoints.TestPatchEndpoints" name="test_patch_catalogue_empty_body" time="0.631" /><testcase classname="tests.test_patch_endpoints.TestPatchEndpoints" name="test_patch_catalogue_not_found" time="0.451" /><testcase classname="tests.test_patch_endpoints.TestPatchEndpoints" name="test_patch_solutions_full_success" time="0.619" /><testcase classname="tests.test_patch_endpoints.TestPatchEndpoints" name="test_patch_solutions_full_empty_body" time="0.606" /><testcase classname="tests.test_patch_endpoints.TestPatchEndpoints" name="test_patch_solutions_full_not_found" time="0.433" /><testcase classname="tests.test_patch_endpoints.TestPatchEndpoints" name="test_patch_service_success" time="0.869" /><testcase classname="tests.test_patch_endpoints.TestPatchEndpoints" name="test_patch_service_empty_body" time="0.629" /><testcase classname="tests.test_patch_endpoints.TestPatchEndpoints" name="test_patch_service_not_found" time="0.451" /><testcase classname="tests.test_patch_endpoints.TestPatchEndpoints" name="test_patch_intelligence_feature_success" time="0.644" /><testcase classname="tests.test_patch_endpoints.TestPatchEndpoints" name="test_patch_intelligence_feature_empty_body" time="0.616" /><testcase classname="tests.test_patch_endpoints.TestPatchEndpoints" name="test_patch_intelligence_feature_not_found" time="0.482" /><testcase classname="tests.test_patch_endpoints.TestPatchEndpoints" name="test_patch_control_system_success" time="0.578" /><testcase classname="tests.test_patch_endpoints.TestPatchEndpoints" name="test_patch_control_system_empty_body" time="0.606" /><testcase classname="tests.test_patch_endpoints.TestPatchEndpoints" name="test_patch_control_system_not_found" time="0.435" /><testcase classname="tests.test_patch_endpoints.TestPatchEndpoints" name="test_patch_testimonial_success" time="0.588" /><testcase classname="tests.test_patch_endpoints.TestPatchEndpoints" name="test_patch_testimonial_empty_body" time="0.542" /><testcase classname="tests.test_patch_endpoints.TestPatchEndpoints" name="test_patch_testimonial_not_found" time="0.453" /><testcase classname="tests.test_patch_endpoints.TestPatchEndpoints" name="test_patch_blog_success" time="0.535" /><testcase classname="tests.test_patch_endpoints.TestPatchEndpoints" name="test_patch_blog_empty_body" time="0.604" /><testcase classname="tests.test_patch_endpoints.TestPatchEndpoints" name="test_patch_blog_not_found" time="0.469" /><testcase classname="tests.test_patch_endpoints.TestPatchEndpoints" name="test_patch_property_package_success" time="0.607" /><testcase classname="tests.test_patch_endpoints.TestPatchEndpoints" name="test_patch_property_package_empty_body" time="0.643" /><testcase classname="tests.test_patch_endpoints.TestPatchEndpoints" name="test_patch_property_package_not_found" time="0.441" /><testcase classname="tests.test_patch_endpoints.TestPatchEndpoints" name="test_patch_enhancement_success" time="0.608" /><testcase classname="tests.test_patch_endpoints.TestPatchEndpoints" name="test_patch_enhancement_empty_body" time="0.606" /><testcase classname="tests.test_patch_endpoints.TestPatchEndpoints" name="test_patch_enhancement_not_found" time="0.480" /><testcase classname="tests.test_patch_endpoints.TestPatchEndpoints" name="test_patch_specialty_room_success" time="0.564" /><testcase classname="tests.test_patch_endpoints.TestPatchEndpoints" name="test_patch_specialty_room_empty_body" time="0.565" /><testcase classname="tests.test_patch_endpoints.TestPatchEndpoints" name="test_patch_specialty_room_not_found" time="0.461" /><testcase classname="tests.test_patch_endpoints.TestPatchEndpoints" name="test_patch_product_category_ext_success" time="0.549" /><testcase classname="tests.test_patch_endpoints.TestPatchEndpoints" name="test_patch_product_category_ext_empty_body" time="0.577" /><testcase classname="tests.test_patch_endpoints.TestPatchEndpoints" name="test_patch_product_category_ext_not_found" time="0.453" /><testcase classname="tests.test_patch_endpoints.TestPatchEndpoints" name="test_patch_without_auth_solutions" time="0.467" /><testcase classname="tests.test_patch_endpoints.TestPatchEndpoints" name="test_patch_without_auth_projects" time="0.454" /><testcase classname="tests.test_patch_endpoints.TestPatchEndpoints" name="test_patch_without_auth_articles" time="0.454" /><testcase classname="tests.test_patch_endpoints.TestPatchEndpoints" name="test_patch_without_auth_intelligence_features" time="0.463" /><testcase classname="tests.test_patch_endpoints.TestPutEndpointsStillWork" name="test_put_solution_still_works" time="0.594" /><testcase classname="tests.test_patch_endpoints.TestPutEndpointsStillWork" name="test_put_project_still_works" time="0.565" /><testcase classname="tests.test_patch_endpoints.TestPutEndpointsStillWork" name="test_put_brand_still_works" time="0.568" /></testsuite></testsuites>