<?xml version="1.0" encoding="utf-8"?><testsuites name="pytest tests"><testsuite name="pytest" errors="0" failures="0" skipped="0" tests="61" time="33.100" timestamp="2026-02-26T12:11:47.507239+00:00" hostname="agent-env-68d209e0-f13e-448c-b086-6cba44e5f12e"><testcase classname="tests.test_patch_endpoints.TestPatchEndpoints" name="test_patch_solution_success" time="0.748" /><testcase classname="tests.test_patch_endpoints.TestPatchEndpoints" name="test_patch_solution_empty_body" time="0.597" /><testcase classname="tests.test_patch_endpoints.TestPatchEndpoints" name="test_patch_solution_not_found" time="0.444" /><testcase classname="tests.test_patch_endpoints.TestPatchEndpoints" name="test_patch_project_success" time="0.646" /><testcase classname="tests.test_patch_endpoints.TestPatchEndpoints" name="test_patch_project_empty_body" time="0.545" /><testcase classname="tests.test_patch_endpoints.TestPatchEndpoints" name="test_patch_project_not_found" time="0.444" /><testcase classname="tests.test_patch_endpoints.TestPatchEndpoints" name="test_patch_article_success" time="0.607" /><testcase classname="tests.test_patch_endpoints.TestPatchEndpoints" name="test_patch_article_empty_body" time="0.653" /><testcase classname="tests.test_patch_endpoints.TestPatchEndpoints" name="test_patch_article_not_found" time="0.452" /><testcase classname="tests.test_patch_endpoints.TestPatchEndpoints" name="test_patch_news_success" time="0.565" /><testcase classname="tests.test_patch_endpoints.TestPatchEndpoints" name="test_patch_news_empty_body" time="0.574" /><testcase classname="tests.test_patch_endpoints.TestPatchEndpoints" name="test_patch_news_not_found" time="0.439" /><testcase classname="tests.test_patch_endpoints.TestPatchEndpoints" name="test_patch_brand_success" time="0.579" /><testcase classname="tests.test_patch_endpoints.TestPatchEndpoints" name="test_patch_brand_empty_body" time="0.562" /><testcase classname="tests.test_patch_endpoints.TestPatchEndpoints" name="test_patch_brand_not_found" time="0.448" /><testcase classname="tests.test_patch_endpoints.TestPatchEndpoints" name="test_patch_product_success" time="0.532" /><testcase classname="tests.test_patch_endpoints.TestPatchEndpoints" name="test_patch_product_empty_body" time="0.591" /><testcase classname="tests.test_patch_endpoints.TestPatchEndpoints" name="test_patch_product_not_found" time="0.443" /><testcase classname="tests.test_patch_endpoints.TestPatchEndpoints" name="test_patch_video_success" time="0.556" /><testcase classname="tests.test_patch_endpoints.TestPatchEndpoints" name="test_patch_video_empty_body" time="0.549" /><testcase classname="tests.test_patch_endpoints.TestPatchEndpoints" name="test_patch_video_not_found" time="0.440" /><testcase classname="tests.test_patch_endpoints.TestPatchEndpoints" name="test_patch_catalogue_success" time="0.556" /><testcase classname="tests.test_patch_endpoints.TestPatchEndpoints" name="test_patch_catalogue_empty_body" time="0.545" /><testcase classname="tests.test_patch_endpoints.TestPatchEndpoints" name="test_patch_catalogue_not_found" time="0.478" /><testcase classname="tests.test_patch_endpoints.TestPatchEndpoints" name="test_patch_solutions_full_success" time="0.635" /><testcase classname="tests.test_patch_endpoints.TestPatchEndpoints" name="test_patch_solutions_full_empty_body" time="0.634" /><testcase classname="tests.test_patch_endpoints.TestPatchEndpoints" name="test_patch_solutions_full_not_found" time="0.466" /><testcase classname="tests.test_patch_endpoints.TestPatchEndpoints" name="test_patch_service_success" time="0.600" /><testcase classname="tests.test_patch_endpoints.TestPatchEndpoints" name="test_patch_service_empty_body" time="0.595" /><testcase classname="tests.test_patch_endpoints.TestPatchEndpoints" name="test_patch_service_not_found" time="0.434" /><testcase classname="tests.test_patch_endpoints.TestPatchEndpoints" name="test_patch_intelligence_feature_success" time="0.615" /><testcase classname="tests.test_patch_endpoints.TestPatchEndpoints" name="test_patch_intelligence_feature_empty_body" time="0.660" /><testcase classname="tests.test_patch_endpoints.TestPatchEndpoints" name="test_patch_intelligence_feature_not_found" time="0.496" /><testcase classname="tests.test_patch_endpoints.TestPatchEndpoints" name="test_patch_control_system_success" time="0.552" /><testcase classname="tests.test_patch_endpoints.TestPatchEndpoints" name="test_patch_control_system_empty_body" time="0.540" /><testcase classname="tests.test_patch_endpoints.TestPatchEndpoints" name="test_patch_control_system_not_found" time="0.472" /><testcase classname="tests.test_patch_endpoints.TestPatchEndpoints" name="test_patch_testimonial_success" time="0.553" /><testcase classname="tests.test_patch_endpoints.TestPatchEndpoints" name="test_patch_testimonial_empty_body" time="0.610" /><testcase classname="tests.test_patch_endpoints.TestPatchEndpoints" name="test_patch_testimonial_not_found" time="0.471" /><testcase classname="tests.test_patch_endpoints.TestPatchEndpoints" name="test_patch_blog_success" time="0.541" /><testcase classname="tests.test_patch_endpoints.TestPatchEndpoints" name="test_patch_blog_empty_body" time="0.569" /><testcase classname="tests.test_patch_endpoints.TestPatchEndpoints" name="test_patch_blog_not_found" time="0.451" /><testcase classname="tests.test_patch_endpoints.TestPatchEndpoints" name="test_patch_property_package_success" time="0.597" /><testcase classname="tests.test_patch_endpoints.TestPatchEndpoints" name="test_patch_property_package_empty_body" time="0.581" /><testcase classname="tests.test_patch_endpoints.TestPatchEndpoints" name="test_patch_property_package_not_found" time="0.474" /><testcase classname="tests.test_patch_endpoints.TestPatchEndpoints" name="test_patch_enhancement_success" time="0.558" /><testcase classname="tests.test_patch_endpoints.TestPatchEndpoints" name="test_patch_enhancement_empty_body" time="0.565" /><testcase classname="tests.test_patch_endpoints.TestPatchEndpoints" name="test_patch_enhancement_not_found" time="0.459" /><testcase classname="tests.test_patch_endpoints.TestPatchEndpoints" name="test_patch_specialty_room_success" time="0.553" /><testcase classname="tests.test_patch_endpoints.TestPatchEndpoints" name="test_patch_specialty_room_empty_body" time="0.583" /><testcase classname="tests.test_patch_endpoints.TestPatchEndpoints" name="test_patch_specialty_room_not_found" time="0.443" /><testcase classname="tests.test_patch_endpoints.TestPatchEndpoints" name="test_patch_product_category_ext_success" time="0.583" /><testcase classname="tests.test_patch_endpoints.TestPatchEndpoints" name="test_patch_product_category_ext_empty_body" time="0.580" /><testcase classname="tests.test_patch_endpoints.TestPatchEndpoints" name="test_patch_product_category_ext_not_found" time="0.451" /><testcase classname="tests.test_patch_endpoints.TestPatchEndpoints" name="test_patch_without_auth_solutions" time="0.464" /><testcase classname="tests.test_patch_endpoints.TestPatchEndpoints" name="test_patch_without_auth_projects" time="0.446" /><testcase classname="tests.test_patch_endpoints.TestPatchEndpoints" name="test_patch_without_auth_articles" time="0.469" /><testcase classname="tests.test_patch_endpoints.TestPatchEndpoints" name="test_patch_without_auth_intelligence_features" time="0.452" /><testcase classname="tests.test_patch_endpoints.TestPutEndpointsStillWork" name="test_put_solution_still_works" time="0.679" /><testcase classname="tests.test_patch_endpoints.TestPutEndpointsStillWork" name="test_put_project_still_works" time="0.585" /><testcase classname="tests.test_patch_endpoints.TestPutEndpointsStillWork" name="test_put_brand_still_works" time="0.581" /></testsuite></testsuites>