<?xml version="1.0" encoding="utf-8"?><testsuites name="pytest tests"><testsuite name="pytest" errors="0" failures="0" skipped="0" tests="19" time="3.102" timestamp="2026-02-26T13:44:23.721316+00:00" hostname="agent-env-68d209e0-f13e-448c-b086-6cba44e5f12e"><testcase classname="backend.tests.test_perf_optimization.TestHealthAndCoreAPIs" name="test_health_endpoint" time="0.204" /><testcase classname="backend.tests.test_perf_optimization.TestHealthAndCoreAPIs" name="test_api_root" time="0.113" /><testcase classname="backend.tests.test_perf_optimization.TestSolutionsListingAndDetail" name="test_solutions_listing_returns_array" time="0.134" /><testcase classname="backend.tests.test_perf_optimization.TestSolutionsListingAndDetail" name="test_solutions_listing_has_required_fields" time="0.108" /><testcase classname="backend.tests.test_perf_optimization.TestSolutionsListingAndDetail" name="test_solution_detail_returns_full_content" time="0.265" /><testcase classname="backend.tests.test_perf_optimization.TestSolutionsListingAndDetail" name="test_smart_residential_living_detail" time="0.121" /><testcase classname="backend.tests.test_perf_optimization.TestArticlesListingAndDetail" name="test_articles_listing_returns_array" time="0.134" /><testcase classname="backend.tests.test_perf_optimization.TestArticlesListingAndDetail" name="test_articles_listing_has_required_fields" time="0.106" /><testcase classname="backend.tests.test_perf_optimization.TestBrandsAPI" name="test_brands_listing_returns_array" time="0.113" /><testcase classname="backend.tests.test_perf_optimization.TestBrandsAPI" name="test_brands_have_required_fields" time="0.115" /><testcase classname="backend.tests.test_perf_optimization.TestServicesAPI" name="test_services_listing_returns_array" time="0.117" /><testcase classname="backend.tests.test_perf_optimization.TestProjectsAPI" name="test_projects_listing_returns_array" time="0.140" /><testcase classname="backend.tests.test_perf_optimization.TestCachingBehavior" name="test_solutions_caching" time="0.242" /><testcase classname="backend.tests.test_perf_optimization.TestCachingBehavior" name="test_articles_caching" time="0.269" /><testcase classname="backend.tests.test_perf_optimization.TestMegaMenuEndpoint" name="test_solutions_mega_menu" time="0.122" /><testcase classname="backend.tests.test_perf_optimization.TestNewsAPI" name="test_news_listing" time="0.146" /><testcase classname="backend.tests.test_perf_optimization.TestVideosAPI" name="test_videos_listing" time="0.122" /><testcase classname="backend.tests.test_perf_optimization.TestProductsAPI" name="test_products_listing" time="0.132" /><testcase classname="backend.tests.test_perf_optimization.TestAdminLogin" name="test_admin_login_success" time="0.330" /></testsuite></testsuites>