<?xml version="1.0" encoding="utf-8"?><testsuites name="pytest tests"><testsuite name="pytest" errors="0" failures="0" skipped="0" tests="15" time="6.360" timestamp="2026-02-24T19:58:45.118458+00:00" hostname="agent-env-631c99bc-3978-4a09-b9b8-70321324b377"><testcase classname="backend.tests.test_phase2_social_proof.TestPageRoutes" name="test_homepage_loads" time="0.349" /><testcase classname="backend.tests.test_phase2_social_proof.TestPageRoutes" name="test_faq_page_loads" time="0.191" /><testcase classname="backend.tests.test_phase2_social_proof.TestPageRoutes" name="test_testimonials_page_loads" time="0.223" /><testcase classname="backend.tests.test_phase2_social_proof.TestPageRoutes" name="test_experience_centre_page_loads" time="0.188" /><testcase classname="backend.tests.test_phase2_social_proof.TestPageRoutes" name="test_consultation_page_loads" time="1.190" /><testcase classname="backend.tests.test_phase2_social_proof.TestPageRoutes" name="test_intelligence_page_loads" time="0.249" /><testcase classname="backend.tests.test_phase2_social_proof.TestExperienceCentreBookingAPI" name="test_booking_submission_success" time="0.937" /><testcase classname="backend.tests.test_phase2_social_proof.TestExperienceCentreBookingAPI" name="test_booking_with_phone_validation" time="1.304" /><testcase classname="backend.tests.test_phase2_social_proof.TestExperienceCentreBookingAPI" name="test_booking_missing_required_fields" time="0.122" /><testcase classname="backend.tests.test_phase2_social_proof.TestTestimonialsAPI" name="test_get_testimonials" time="0.209" /><testcase classname="backend.tests.test_phase2_social_proof.TestTestimonialsAPI" name="test_testimonials_have_required_fields" time="0.142" /><testcase classname="backend.tests.test_phase2_social_proof.TestFAQAPIIntegration" name="test_solutions_api_for_faqs" time="0.204" /><testcase classname="backend.tests.test_phase2_social_proof.TestFAQAPIIntegration" name="test_services_api_for_faqs" time="0.118" /><testcase classname="backend.tests.test_phase2_social_proof.TestAdminLogin" name="test_admin_login_success" time="0.372" /><testcase classname="backend.tests.test_phase2_social_proof.TestHealthChecks" name="test_api_health" time="0.498" /></testsuite></testsuites>