<?xml version="1.0" encoding="utf-8"?><testsuites name="pytest tests"><testsuite name="pytest" errors="0" failures="0" skipped="0" tests="14" time="5.647" timestamp="2026-02-25T15:24:00.367053+00:00" hostname="agent-env-78ebdb8d-78fb-480d-aa10-fabe7e457f0e"><testcase classname="backend.tests.test_phase_c_seo_a11y.TestBackendHealth" name="test_health_endpoint" time="0.230" /><testcase classname="backend.tests.test_phase_c_seo_a11y.TestBackendHealth" name="test_cms_sections_endpoint" time="0.172" /><testcase classname="backend.tests.test_phase_c_seo_a11y.TestSEOManagement" name="test_seo_global_can_be_stored" time="0.661" /><testcase classname="backend.tests.test_phase_c_seo_a11y.TestSEOManagement" name="test_seo_page_specific_can_be_stored" time="0.683" /><testcase classname="backend.tests.test_phase_c_seo_a11y.TestSEOManagement" name="test_seo_robots_directive_options" time="1.631" /><testcase classname="backend.tests.test_phase_c_seo_a11y.TestSEOManagement" name="test_seo_bulk_fetch" time="0.173" /><testcase classname="backend.tests.test_phase_c_seo_a11y.TestCMSSectionsCount" name="test_seo_sections_keys" time="0.741" /><testcase classname="backend.tests.test_phase_c_seo_a11y.TestFrontendPages" name="test_homepage_loads" time="0.234" /><testcase classname="backend.tests.test_phase_c_seo_a11y.TestFrontendPages" name="test_solution_page_loads" time="0.216" /><testcase classname="backend.tests.test_phase_c_seo_a11y.TestFrontendPages" name="test_about_page_loads" time="0.231" /><testcase classname="backend.tests.test_phase_c_seo_a11y.TestFrontendPages" name="test_contact_page_loads" time="0.164" /><testcase classname="backend.tests.test_phase_c_seo_a11y.TestAccessibilityAttributesBackend" name="test_cms_homepage_hero_endpoint" time="0.157" /><testcase classname="backend.tests.test_phase_c_seo_a11y.TestAccessibilityAttributesBackend" name="test_cms_site_footer_endpoint" time="0.144" /><testcase classname="backend.tests.test_phase_c_seo_a11y.TestAdminCMSCategories" name="test_seo_category_sections" time="0.148" /></testsuite></testsuites>