<?xml version="1.0" encoding="utf-8"?><testsuites name="pytest tests"><testsuite name="pytest" errors="0" failures="2" skipped="0" tests="14" time="4.853" timestamp="2026-02-25T15:23:42.423160+00:00" hostname="agent-env-78ebdb8d-78fb-480d-aa10-fabe7e457f0e"><testcase classname="backend.tests.test_phase_c_seo_a11y.TestBackendHealth" name="test_health_endpoint" time="0.239" /><testcase classname="backend.tests.test_phase_c_seo_a11y.TestBackendHealth" name="test_cms_sections_endpoint" time="0.371" /><testcase classname="backend.tests.test_phase_c_seo_a11y.TestSEOManagement" name="test_seo_global_can_be_stored" time="0.644" /><testcase classname="backend.tests.test_phase_c_seo_a11y.TestSEOManagement" name="test_seo_page_specific_can_be_stored" time="0.604"><failure message="AssertionError: assert None == 'About LEXA | TEST'&#10; +  where None = &lt;built-in method get of dict object at 0xfeb342659c00&gt;('title')&#10; +    where &lt;built-in method get of dict object at 0xfeb342659c00&gt; = {'key': 'seo_about', 'value': {'canonical_url': '', 'description': 'TEST about page description', 'keywords': 'about, lexa, test', 'og_description': 'TEST about OG description', ...}}.get">backend/tests/test_phase_c_seo_a11y.py:103: in test_seo_page_specific_can_be_stored
    assert data.get('title') == test_data['title']
E   AssertionError: assert None == 'About LEXA | TEST'
E    +  where None = &lt;built-in method get of dict object at 0xfeb342659c00&gt;('title')
E    +    where &lt;built-in method get of dict object at 0xfeb342659c00&gt; = {'key': 'seo_about', 'value': {'canonical_url': '', 'description': 'TEST about page description', 'keywords': 'about, lexa, test', 'og_description': 'TEST about OG description', ...}}.get</failure></testcase><testcase classname="backend.tests.test_phase_c_seo_a11y.TestSEOManagement" name="test_seo_robots_directive_options" time="0.633"><failure message="AssertionError: assert None == 'index, follow'&#10; +  where None = &lt;built-in method get of dict object at 0xfeb3424d7300&gt;('robots')&#10; +    where &lt;built-in method get of dict object at 0xfeb3424d7300&gt; = {'key': 'seo_test_robots', 'value': {'description': 'Testing robots directive', 'robots': 'index, follow', 'title': 'TEST Page with index, follow'}}.get">backend/tests/test_phase_c_seo_a11y.py:134: in test_seo_robots_directive_options
    assert data.get('robots') == robots
E   AssertionError: assert None == 'index, follow'
E    +  where None = &lt;built-in method get of dict object at 0xfeb3424d7300&gt;('robots')
E    +    where &lt;built-in method get of dict object at 0xfeb3424d7300&gt; = {'key': 'seo_test_robots', 'value': {'description': 'Testing robots directive', 'robots': 'index, follow', 'title': 'TEST Page with index, follow'}}.get</failure></testcase><testcase classname="backend.tests.test_phase_c_seo_a11y.TestSEOManagement" name="test_seo_bulk_fetch" time="0.121" /><testcase classname="backend.tests.test_phase_c_seo_a11y.TestCMSSectionsCount" name="test_seo_sections_keys" time="0.682" /><testcase classname="backend.tests.test_phase_c_seo_a11y.TestFrontendPages" name="test_homepage_loads" time="0.239" /><testcase classname="backend.tests.test_phase_c_seo_a11y.TestFrontendPages" name="test_solution_page_loads" time="0.231" /><testcase classname="backend.tests.test_phase_c_seo_a11y.TestFrontendPages" name="test_about_page_loads" time="0.177" /><testcase classname="backend.tests.test_phase_c_seo_a11y.TestFrontendPages" name="test_contact_page_loads" time="0.178" /><testcase classname="backend.tests.test_phase_c_seo_a11y.TestAccessibilityAttributesBackend" name="test_cms_homepage_hero_endpoint" time="0.147" /><testcase classname="backend.tests.test_phase_c_seo_a11y.TestAccessibilityAttributesBackend" name="test_cms_site_footer_endpoint" time="0.253" /><testcase classname="backend.tests.test_phase_c_seo_a11y.TestAdminCMSCategories" name="test_seo_category_sections" time="0.130" /></testsuite></testsuites>