<?xml version="1.0" encoding="utf-8"?><testsuites name="pytest tests"><testsuite name="pytest" errors="0" failures="0" skipped="0" tests="12" time="2.444" timestamp="2026-02-25T15:09:28.004590+00:00" hostname="agent-env-78ebdb8d-78fb-480d-aa10-fabe7e457f0e"><testcase classname="tests.test_phase_b_perf.TestCmsApiWithCacheHeaders" name="test_health_endpoint" time="0.190" /><testcase classname="tests.test_phase_b_perf.TestCmsApiWithCacheHeaders" name="test_cms_section_endpoint_returns_data" time="0.110" /><testcase classname="tests.test_phase_b_perf.TestCmsApiWithCacheHeaders" name="test_cms_section_returns_cache_headers" time="0.147" /><testcase classname="tests.test_phase_b_perf.TestCmsApiWithCacheHeaders" name="test_cms_bulk_sections_endpoint" time="0.292" /><testcase classname="tests.test_phase_b_perf.TestRegisterDefaultsEndpoint" name="test_register_defaults_missing_key" time="0.124" /><testcase classname="tests.test_phase_b_perf.TestRegisterDefaultsEndpoint" name="test_register_defaults_missing_defaults" time="0.133" /><testcase classname="tests.test_phase_b_perf.TestRegisterDefaultsEndpoint" name="test_register_defaults_idempotent" time="0.409" /><testcase classname="tests.test_phase_b_perf.TestSolutionsApi" name="test_get_all_solutions" time="0.249" /><testcase classname="tests.test_phase_b_perf.TestSolutionsApi" name="test_get_solution_by_slug" time="0.185" /><testcase classname="tests.test_phase_b_perf.TestSolutionsApi" name="test_solutions_mega_menu" time="0.111" /><testcase classname="tests.test_phase_b_perf.TestServicesApi" name="test_get_services" time="0.126" /><testcase classname="tests.test_phase_b_perf.TestArticlesApi" name="test_get_articles" time="0.210" /></testsuite></testsuites>