<?xml version="1.0" encoding="utf-8"?><testsuites name="pytest tests"><testsuite name="pytest" errors="0" failures="0" skipped="0" tests="17" time="5.014" timestamp="2026-02-24T19:53:08.794930+00:00" hostname="agent-env-631c99bc-3978-4a09-b9b8-70321324b377"><testcase classname="tests.test_ppt_bug_fixes.TestVideoFiles" name="test_hero_v3_video_accessible" time="0.296" /><testcase classname="tests.test_ppt_bug_fixes.TestVideoFiles" name="test_hero_video_01_arrival" time="0.117" /><testcase classname="tests.test_ppt_bug_fixes.TestVideoFiles" name="test_hero_video_02_interior" time="0.136" /><testcase classname="tests.test_ppt_bug_fixes.TestTestimonialsAPI" name="test_get_testimonials_returns_200" time="0.170" /><testcase classname="tests.test_ppt_bug_fixes.TestTestimonialsAPI" name="test_testimonials_returns_array" time="0.136" /><testcase classname="tests.test_ppt_bug_fixes.TestTestimonialsAPI" name="test_testimonials_has_required_fields" time="0.139" /><testcase classname="tests.test_ppt_bug_fixes.TestTestimonialsAPI" name="test_testimonials_count" time="0.206" /><testcase classname="tests.test_ppt_bug_fixes.TestSolutionsAPI" name="test_get_solutions_returns_200" time="0.220" /><testcase classname="tests.test_ppt_bug_fixes.TestSolutionsAPI" name="test_solutions_returns_array" time="0.172" /><testcase classname="tests.test_ppt_bug_fixes.TestIntelligenceAPI" name="test_get_features_returns_200" time="0.270" /><testcase classname="tests.test_ppt_bug_fixes.TestIntelligenceAPI" name="test_features_returns_features_array" time="0.231" /><testcase classname="tests.test_ppt_bug_fixes.TestIntelligenceAPI" name="test_features_count" time="0.379" /><testcase classname="tests.test_ppt_bug_fixes.TestAdminIntelligenceAPI" name="test_admin_login" time="0.371" /><testcase classname="tests.test_ppt_bug_fixes.TestAdminIntelligenceAPI" name="test_admin_get_intelligence_features" time="0.544" /><testcase classname="tests.test_ppt_bug_fixes.TestAdminIntelligenceAPI" name="test_admin_get_control_systems" time="0.548" /><testcase classname="tests.test_ppt_bug_fixes.TestAdminIntelligenceAPI" name="test_admin_get_stats" time="0.746" /><testcase classname="tests.test_ppt_bug_fixes.TestServicesAPI" name="test_get_services_returns_200" time="0.224" /></testsuite></testsuites>