<?xml version="1.0" encoding="utf-8"?><testsuites name="pytest tests"><testsuite name="pytest" errors="0" failures="0" skipped="0" tests="13" time="1.822" timestamp="2026-03-05T09:17:43.382266+00:00" hostname="agent-env-1faafc10-f995-409d-8fde-74086cfd17cd"><testcase classname="backend.tests.test_product_catalog.TestProductCatalogListing" name="test_list_products_returns_pagination" time="0.150" /><testcase classname="backend.tests.test_product_catalog.TestProductCatalogListing" name="test_search_products_by_name" time="0.118" /><testcase classname="backend.tests.test_product_catalog.TestProductCatalogListing" name="test_filter_by_category" time="0.118" /><testcase classname="backend.tests.test_product_catalog.TestProductCatalogListing" name="test_filter_by_brand" time="0.117" /><testcase classname="backend.tests.test_product_catalog.TestProductCatalogListing" name="test_sort_by_name_descending" time="0.115" /><testcase classname="backend.tests.test_product_catalog.TestProductCatalogListing" name="test_pagination_works" time="0.220" /><testcase classname="backend.tests.test_product_catalog.TestProductDetailBySlug" name="test_get_product_by_slug" time="0.119" /><testcase classname="backend.tests.test_product_catalog.TestProductDetailBySlug" name="test_get_nonexistent_product_returns_404" time="0.106" /><testcase classname="backend.tests.test_product_catalog.TestCategoriesBrandsSeries" name="test_get_categories" time="0.123" /><testcase classname="backend.tests.test_product_catalog.TestCategoriesBrandsSeries" name="test_get_brands" time="0.111" /><testcase classname="backend.tests.test_product_catalog.TestCategoriesBrandsSeries" name="test_get_series" time="0.107" /><testcase classname="backend.tests.test_product_catalog.TestProductImages" name="test_product_image_url_format" time="0.107" /><testcase classname="backend.tests.test_product_catalog.TestProductImages" name="test_product_image_accessible" time="0.228" /></testsuite></testsuites>