<?xml version="1.0" encoding="utf-8"?><testsuites name="pytest tests"><testsuite name="pytest" errors="0" failures="1" skipped="0" tests="13" time="2.471" timestamp="2026-03-05T18:19:16.909626+00:00" hostname="agent-env-1faafc10-f995-409d-8fde-74086cfd17cd"><testcase classname="backend.tests.test_product_enrichment.TestProductEnrichmentAPI" name="test_api_accessible" time="0.139" /><testcase classname="backend.tests.test_product_enrichment.TestProductEnrichmentAPI" name="test_michi_x5_s2_has_description_and_specs" time="0.118" /><testcase classname="backend.tests.test_product_enrichment.TestProductEnrichmentAPI" name="test_t5_cryo_encoding_fix" time="0.123" /><testcase classname="backend.tests.test_product_enrichment.TestProductEnrichmentAPI" name="test_streaming_amplifier_has_specs_and_features" time="0.116" /><testcase classname="backend.tests.test_product_enrichment.TestProductEnrichmentAPI" name="test_dali_presence_detector_has_features" time="0.131" /><testcase classname="backend.tests.test_product_enrichment.TestProductEnrichmentAPI" name="test_aavik_i880_tesla_coil_description" time="0.116" /><testcase classname="backend.tests.test_product_enrichment.TestProductEnrichmentAPI" name="test_ethernet_cable_cat8_description" time="0.114" /><testcase classname="backend.tests.test_product_enrichment.TestProductEnrichmentAPI" name="test_all_products_have_descriptions" time="0.388"><failure message="AssertionError: Expected all products to have descriptions, but 14 are missing&#10;assert 203 == 217">backend/tests/test_product_enrichment.py:200: in test_all_products_have_descriptions
    assert with_desc == total, f"Expected all products to have descriptions, but {len(without_desc)} are missing"
E   AssertionError: Expected all products to have descriptions, but 14 are missing
E   assert 203 == 217</failure></testcase><testcase classname="backend.tests.test_product_enrichment.TestSpecificationFormatting" name="test_spec_with_colon_format" time="0.132" /><testcase classname="backend.tests.test_product_enrichment.TestSpecificationFormatting" name="test_spec_without_colon_format" time="0.133" /><testcase classname="backend.tests.test_product_enrichment.TestProductCounts" name="test_total_product_count" time="0.105" /><testcase classname="backend.tests.test_product_enrichment.TestProductCounts" name="test_products_with_specs_count" time="0.388" /><testcase classname="backend.tests.test_product_enrichment.TestProductCounts" name="test_products_with_features_count" time="0.374" /></testsuite></testsuites>