<?xml version="1.0" encoding="utf-8"?><testsuites name="pytest tests"><testsuite name="pytest" errors="0" failures="0" skipped="0" tests="12" time="9.818" timestamp="2026-03-02T09:16:35.910448+00:00" hostname="agent-env-417639f0-7c15-4d20-a4ea-509292e701c6"><testcase classname="backend.tests.test_projects_api.TestProjectsListAPI" name="test_get_all_projects_returns_200" time="8.171" /><testcase classname="backend.tests.test_projects_api.TestProjectsListAPI" name="test_get_all_projects_returns_list" time="0.120" /><testcase classname="backend.tests.test_projects_api.TestProjectsListAPI" name="test_projects_have_required_fields" time="0.098" /><testcase classname="backend.tests.test_projects_api.TestProjectsListAPI" name="test_projects_have_systems_field" time="0.106" /><testcase classname="backend.tests.test_projects_api.TestProjectsListAPI" name="test_project_types_are_valid" time="0.136" /><testcase classname="backend.tests.test_projects_api.TestProjectDetailAPI" name="test_get_project_by_slug_returns_200" time="0.213" /><testcase classname="backend.tests.test_projects_api.TestProjectDetailAPI" name="test_get_project_detail_has_required_fields" time="0.217" /><testcase classname="backend.tests.test_projects_api.TestProjectDetailAPI" name="test_get_project_returns_404_for_invalid_slug" time="0.103" /><testcase classname="backend.tests.test_projects_api.TestProjectDetailAPI" name="test_project_detail_has_brands_and_products" time="0.207" /><testcase classname="backend.tests.test_projects_api.TestProjectFiltering" name="test_filter_by_category" time="0.103" /><testcase classname="backend.tests.test_projects_api.TestProjectFiltering" name="test_project_counts" time="0.099" /><testcase classname="backend.tests.test_projects_api.TestProjectImages" name="test_projects_have_valid_images" time="0.100" /></testsuite></testsuites>