<?xml version="1.0" encoding="utf-8"?><testsuites name="pytest tests"><testsuite name="pytest" errors="0" failures="0" skipped="0" tests="43" time="35.891" timestamp="2026-02-15T14:09:14.216562+00:00" hostname="agent-env-8883d588-0c2d-48c6-828c-8e8d63934d9f"><testcase classname="backend.tests.test_comprehensive.TestGeoPages" name="test_get_all_geo_pages" time="0.209" /><testcase classname="backend.tests.test_comprehensive.TestGeoPages" name="test_geo_pages_have_required_fields" time="0.150" /><testcase classname="backend.tests.test_comprehensive.TestGeoPages" name="test_geo_pages_by_region_dubai" time="0.106" /><testcase classname="backend.tests.test_comprehensive.TestGeoPages" name="test_geo_pages_by_region_abu_dhabi" time="0.103" /><testcase classname="backend.tests.test_comprehensive.TestExperienceCentreBooking" name="test_booking_submission" time="1.521" /><testcase classname="backend.tests.test_comprehensive.TestArchitectPartnerPortal" name="test_architect_resource_request" time="2.922" /><testcase classname="backend.tests.test_comprehensive.TestDeveloperPartnerPortal" name="test_developer_toolkit_request" time="1.356" /><testcase classname="backend.tests.test_comprehensive.TestFrontendPages" name="test_uae_geo_pages[/dubai/palm-jumeirah-smart-homes]" time="2.329" /><testcase classname="backend.tests.test_comprehensive.TestFrontendPages" name="test_uae_geo_pages[/dubai/emirates-hills-villa-automation]" time="0.642" /><testcase classname="backend.tests.test_comprehensive.TestFrontendPages" name="test_uae_geo_pages[/abu-dhabi/luxury-home-automation]" time="0.612" /><testcase classname="backend.tests.test_comprehensive.TestFrontendPages" name="test_uae_geo_pages[/sharjah/smart-home-automation]" time="0.589" /><testcase classname="backend.tests.test_comprehensive.TestFrontendPages" name="test_saudi_geo_pages[/saudi-arabia/riyadh-smart-homes]" time="0.772" /><testcase classname="backend.tests.test_comprehensive.TestFrontendPages" name="test_saudi_geo_pages[/saudi-arabia/jeddah-home-automation]" time="0.998" /><testcase classname="backend.tests.test_comprehensive.TestFrontendPages" name="test_saudi_geo_pages[/saudi-arabia/neom-smart-living]" time="0.627" /><testcase classname="backend.tests.test_comprehensive.TestFrontendPages" name="test_saudi_geo_pages[/saudi-arabia/dammam-villa-automation]" time="0.620" /><testcase classname="backend.tests.test_comprehensive.TestFrontendPages" name="test_gcc_geo_pages[/qatar/doha-smart-homes]" time="0.536" /><testcase classname="backend.tests.test_comprehensive.TestFrontendPages" name="test_gcc_geo_pages[/kuwait/kuwait-city-home-automation]" time="0.573" /><testcase classname="backend.tests.test_comprehensive.TestFrontendPages" name="test_gcc_geo_pages[/bahrain/manama-smart-homes]" time="0.662" /><testcase classname="backend.tests.test_comprehensive.TestFrontendPages" name="test_gcc_geo_pages[/oman/muscat-home-automation]" time="0.521" /><testcase classname="backend.tests.test_comprehensive.TestFrontendPages" name="test_mena_africa_geo_pages[/egypt/cairo-smart-homes]" time="0.230" /><testcase classname="backend.tests.test_comprehensive.TestFrontendPages" name="test_mena_africa_geo_pages[/jordan/amman-home-automation]" time="1.218" /><testcase classname="backend.tests.test_comprehensive.TestFrontendPages" name="test_mena_africa_geo_pages[/lebanon/beirut-smart-homes]" time="0.566" /><testcase classname="backend.tests.test_comprehensive.TestFrontendPages" name="test_mena_africa_geo_pages[/morocco/casablanca-home-automation]" time="0.564" /><testcase classname="backend.tests.test_comprehensive.TestFrontendPages" name="test_mena_africa_geo_pages[/nigeria/lagos-smart-homes]" time="0.587" /><testcase classname="backend.tests.test_comprehensive.TestFrontendPages" name="test_mena_africa_geo_pages[/kenya/nairobi-home-automation]" time="0.592" /><testcase classname="backend.tests.test_comprehensive.TestFrontendPages" name="test_seo_service_pages[/services/high-end-audio]" time="0.621" /><testcase classname="backend.tests.test_comprehensive.TestFrontendPages" name="test_seo_service_pages[/services/home-theater]" time="0.649" /><testcase classname="backend.tests.test_comprehensive.TestFrontendPages" name="test_seo_service_pages[/services/home-cinema]" time="0.675" /><testcase classname="backend.tests.test_comprehensive.TestFrontendPages" name="test_seo_service_pages[/services/luxury-villa-automation]" time="1.145" /><testcase classname="backend.tests.test_comprehensive.TestFrontendPages" name="test_seo_service_pages[/services/multi-room-audio]" time="1.331" /><testcase classname="backend.tests.test_comprehensive.TestFrontendPages" name="test_seo_service_pages[/services/outdoor-audio]" time="1.039" /><testcase classname="backend.tests.test_comprehensive.TestFrontendPages" name="test_seo_service_pages[/services/smart-lighting]" time="1.628" /><testcase classname="backend.tests.test_comprehensive.TestFrontendPages" name="test_partner_portal_pages[/partners/architects]" time="1.130" /><testcase classname="backend.tests.test_comprehensive.TestFrontendPages" name="test_partner_portal_pages[/partners/developers]" time="1.081" /><testcase classname="backend.tests.test_comprehensive.TestFrontendPages" name="test_core_pages[/]" time="0.232" /><testcase classname="backend.tests.test_comprehensive.TestFrontendPages" name="test_core_pages[/contact]" time="1.192" /><testcase classname="backend.tests.test_comprehensive.TestFrontendPages" name="test_core_pages[/services]" time="1.287" /><testcase classname="backend.tests.test_comprehensive.TestFrontendPages" name="test_core_pages[/solutions]" time="1.103" /><testcase classname="backend.tests.test_comprehensive.TestFrontendPages" name="test_core_pages[/experience-centre]" time="0.222" /><testcase classname="backend.tests.test_comprehensive.TestSitemap" name="test_sitemap_returns_xml" time="1.603" /><testcase classname="backend.tests.test_comprehensive.TestSitemap" name="test_sitemap_contains_urls" time="0.800" /><testcase classname="backend.tests.test_comprehensive.TestHealthAndBasics" name="test_api_health" time="0.138" /><testcase classname="backend.tests.test_comprehensive.TestHealthAndBasics" name="test_homepage_loads" time="0.324" /></testsuite></testsuites>