<?xml version="1.0" encoding="utf-8"?><testsuites name="pytest tests"><testsuite name="pytest" errors="0" failures="0" skipped="0" tests="13" time="1.950" timestamp="2026-03-05T18:51:18.434524+00:00" hostname="agent-env-1faafc10-f995-409d-8fde-74086cfd17cd"><testcase classname="backend.tests.test_recommendations_engine.TestRecommendationsEndpoint" name="test_recommendations_returns_8_items_with_rec_reason" time="0.209" /><testcase classname="backend.tests.test_recommendations_engine.TestRecommendationsEndpoint" name="test_recommendations_prioritize_same_series_first" time="0.113" /><testcase classname="backend.tests.test_recommendations_engine.TestRecommendationsEndpoint" name="test_recommendations_ku44_i_has_cross_brand_recs" time="0.114" /><testcase classname="backend.tests.test_recommendations_engine.TestRecommendationsEndpoint" name="test_recommendations_tiered_priority" time="0.132" /><testcase classname="backend.tests.test_recommendations_engine.TestRecommendationsEndpoint" name="test_recommendations_404_for_unknown_product" time="0.145" /><testcase classname="backend.tests.test_recommendations_engine.TestRecommendationsEndpoint" name="test_recommendations_excludes_self" time="0.162" /><testcase classname="backend.tests.test_recommendations_engine.TestFeaturedProductsEndpoint" name="test_featured_returns_exactly_8_products" time="0.116" /><testcase classname="backend.tests.test_recommendations_engine.TestFeaturedProductsEndpoint" name="test_featured_all_products_have_images" time="0.127" /><testcase classname="backend.tests.test_recommendations_engine.TestFeaturedProductsEndpoint" name="test_featured_products_have_required_fields" time="0.154" /><testcase classname="backend.tests.test_recommendations_engine.TestFeaturedProductsEndpoint" name="test_featured_products_are_diverse" time="0.122" /><testcase classname="backend.tests.test_recommendations_engine.TestFeaturedProductsEndpoint" name="test_featured_limit_parameter" time="0.107" /><testcase classname="backend.tests.test_recommendations_engine.TestRecommendationDataIntegrity" name="test_recommendation_products_have_valid_slugs" time="0.137" /><testcase classname="backend.tests.test_recommendations_engine.TestRecommendationDataIntegrity" name="test_featured_products_linkable_to_detail_pages" time="0.237" /></testsuite></testsuites>