<?xml version="1.0" encoding="utf-8"?><testsuites name="pytest tests"><testsuite name="pytest" errors="0" failures="0" skipped="0" tests="7" time="0.944" timestamp="2026-02-26T11:56:30.861879+00:00" hostname="agent-env-68d209e0-f13e-448c-b086-6cba44e5f12e"><testcase classname="tests.test_regression_api.TestRegressionAPI" name="test_get_latest_returns_valid_json" time="0.137" /><testcase classname="tests.test_regression_api.TestRegressionAPI" name="test_get_latest_passed_count" time="0.112" /><testcase classname="tests.test_regression_api.TestRegressionAPI" name="test_get_history_returns_runs_array" time="0.103" /><testcase classname="tests.test_regression_api.TestRegressionAPI" name="test_get_history_with_limit" time="0.100" /><testcase classname="tests.test_regression_api.TestRegressionAPI" name="test_get_history_run_structure" time="0.100" /><testcase classname="tests.test_regression_api.TestRegressionAPI" name="test_post_run_triggers_test" time="0.108" /><testcase classname="tests.test_regression_api.TestRegressionAPI" name="test_post_run_idempotent" time="0.221" /></testsuite></testsuites>