<?xml version="1.0" encoding="utf-8"?><testsuites name="pytest tests"><testsuite name="pytest" errors="0" failures="0" skipped="0" tests="12" time="11.145" timestamp="2026-03-06T07:24:14.606542+00:00" hostname="agent-env-c81a113a-cc17-4cc4-879f-90f8fc3c475d"><testcase classname="tests.test_remote_storage_migration.TestCDNUrlsInCatalog" name="test_products_list_has_cdn_urls" time="0.112" /><testcase classname="tests.test_remote_storage_migration.TestCDNUrlsInCatalog" name="test_single_product_has_cdn_url" time="0.212" /><testcase classname="tests.test_remote_storage_migration.TestCDNUrlsInCatalog" name="test_cdn_images_are_accessible" time="0.216" /><testcase classname="tests.test_remote_storage_migration.TestRemoteUpload" name="test_image_upload_returns_cdn_url" time="4.669" /><testcase classname="tests.test_remote_storage_migration.TestRemoteUpload" name="test_uploaded_image_is_accessible" time="1.315" /><testcase classname="tests.test_remote_storage_migration.TestRemoteUpload" name="test_upload_with_images_category" time="3.950" /><testcase classname="tests.test_remote_storage_migration.TestRemoteUpload" name="test_upload_rejects_invalid_file_type" time="0.097" /><testcase classname="tests.test_remote_storage_migration.TestLegacyFileServing" name="test_legacy_endpoint_returns_404_for_missing_file" time="0.107" /><testcase classname="tests.test_remote_storage_migration.TestLegacyFileServing" name="test_legacy_endpoint_serves_existing_local_file" time="0.117" /><testcase classname="tests.test_remote_storage_migration.TestCleanup" name="test_cleanup_test_uploads" time="0.000" /><testcase classname="tests.test_remote_storage_migration.TestCataloguesAndBrands" name="test_catalogues_have_cdn_urls" time="0.114" /><testcase classname="tests.test_remote_storage_migration.TestCataloguesAndBrands" name="test_brands_have_cdn_urls" time="0.114" /></testsuite></testsuites>