<?xml version="1.0" encoding="utf-8"?><testsuites name="pytest tests"><testsuite name="pytest" errors="0" failures="0" skipped="0" tests="20" time="5.576" timestamp="2026-02-24T20:50:29.570278+00:00" hostname="agent-env-631c99bc-3978-4a09-b9b8-70321324b377"><testcase classname="tests.test_sales_intelligence.TestSalesIntelligenceAuth" name="test_dashboard_stats_requires_auth" time="0.262" /><testcase classname="tests.test_sales_intelligence.TestSalesIntelligenceAuth" name="test_pipeline_requires_auth" time="0.166" /><testcase classname="tests.test_sales_intelligence.TestSalesIntelligenceAuth" name="test_routing_rules_requires_auth" time="0.147" /><testcase classname="tests.test_sales_intelligence.TestSalesIntelligenceAuth" name="test_activity_feed_requires_auth" time="0.135" /><testcase classname="tests.test_sales_intelligence.TestDashboardStats" name="test_dashboard_stats_returns_expected_fields" time="0.566" /><testcase classname="tests.test_sales_intelligence.TestDashboardStats" name="test_dashboard_stats_total_leads_count" time="0.270" /><testcase classname="tests.test_sales_intelligence.TestDashboardStats" name="test_dashboard_stats_score_distribution" time="0.211" /><testcase classname="tests.test_sales_intelligence.TestDashboardStats" name="test_dashboard_stats_stage_counts" time="0.276" /><testcase classname="tests.test_sales_intelligence.TestPipelineEndpoint" name="test_pipeline_returns_leads" time="0.194" /><testcase classname="tests.test_sales_intelligence.TestPipelineEndpoint" name="test_pipeline_filter_by_status" time="0.166" /><testcase classname="tests.test_sales_intelligence.TestPipelineEndpoint" name="test_pipeline_filter_by_source" time="0.240" /><testcase classname="tests.test_sales_intelligence.TestPipelineEndpoint" name="test_pipeline_filter_by_min_score" time="0.217" /><testcase classname="tests.test_sales_intelligence.TestLeadStatusUpdate" name="test_update_lead_status" time="0.350" /><testcase classname="tests.test_sales_intelligence.TestLeadStatusUpdate" name="test_update_lead_status_invalid" time="0.351" /><testcase classname="tests.test_sales_intelligence.TestLeadAssignment" name="test_assign_lead" time="0.548" /><testcase classname="tests.test_sales_intelligence.TestRoutingRules" name="test_get_routing_rules" time="0.119" /><testcase classname="tests.test_sales_intelligence.TestRoutingRules" name="test_create_routing_rule" time="0.352" /><testcase classname="tests.test_sales_intelligence.TestActivityFeed" name="test_activity_feed" time="0.251" /><testcase classname="tests.test_sales_intelligence.TestLeadDetail" name="test_get_lead_detail" time="0.424" /><testcase classname="tests.test_sales_intelligence.TestLeadDetail" name="test_get_lead_detail_not_found" time="0.225" /></testsuite></testsuites>