<?xml version="1.0" encoding="utf-8"?><testsuites name="pytest tests"><testsuite name="pytest" errors="0" failures="0" skipped="0" tests="7" time="1.616" timestamp="2026-02-25T14:22:33.265843+00:00" hostname="agent-env-78ebdb8d-78fb-480d-aa10-fabe7e457f0e"><testcase classname="backend.tests.test_seed_from_current.TestRegisterDefaultsEndpoint" name="test_register_defaults_missing_key" time="0.175" /><testcase classname="backend.tests.test_seed_from_current.TestRegisterDefaultsEndpoint" name="test_register_defaults_missing_defaults" time="0.126" /><testcase classname="backend.tests.test_seed_from_current.TestRegisterDefaultsEndpoint" name="test_register_defaults_creates_new_entry" time="0.268" /><testcase classname="backend.tests.test_seed_from_current.TestRegisterDefaultsEndpoint" name="test_register_defaults_idempotent" time="0.401" /><testcase classname="backend.tests.test_seed_from_current.TestCmsDataStructure" name="test_seeded_data_has_all_sections" time="0.222" /><testcase classname="backend.tests.test_seed_from_current.TestBulkCmsFetch" name="test_bulk_fetch_includes_seeded_keys" time="0.357" /><testcase classname="backend.tests.test_seed_from_current.TestCleanup" name="test_cleanup_test_data" time="0.000" /></testsuite></testsuites>