<?xml version="1.0" encoding="utf-8"?><testsuites name="pytest tests"><testsuite name="pytest" errors="0" failures="0" skipped="0" tests="39" time="7.169" timestamp="2026-02-25T20:21:20.701518+00:00" hostname="agent-env-efbff260-06f8-4f3e-ab1b-ae42ec8549a0"><testcase classname="backend.tests.test_services_enrichment.TestServicesEnrichment" name="test_services_list_api" time="0.334" /><testcase classname="backend.tests.test_services_enrichment.TestServicesEnrichment" name="test_service_detail_api[consultation-design]" time="0.184" /><testcase classname="backend.tests.test_services_enrichment.TestServicesEnrichment" name="test_service_detail_api[home-cinema-multi-room-av]" time="0.238" /><testcase classname="backend.tests.test_services_enrichment.TestServicesEnrichment" name="test_service_detail_api[security-surveillance-systems]" time="0.154" /><testcase classname="backend.tests.test_services_enrichment.TestServicesEnrichment" name="test_service_detail_api[network-infrastructure-it]" time="0.203" /><testcase classname="backend.tests.test_services_enrichment.TestServicesEnrichment" name="test_service_detail_api[system-engineering-integration]" time="0.120" /><testcase classname="backend.tests.test_services_enrichment.TestServicesEnrichment" name="test_service_detail_api[wiring]" time="0.150" /><testcase classname="backend.tests.test_services_enrichment.TestServicesEnrichment" name="test_service_has_brands[consultation-design]" time="0.198" /><testcase classname="backend.tests.test_services_enrichment.TestServicesEnrichment" name="test_service_has_brands[home-cinema-multi-room-av]" time="0.154" /><testcase classname="backend.tests.test_services_enrichment.TestServicesEnrichment" name="test_service_has_brands[security-surveillance-systems]" time="0.118" /><testcase classname="backend.tests.test_services_enrichment.TestServicesEnrichment" name="test_service_has_brands[network-infrastructure-it]" time="0.150" /><testcase classname="backend.tests.test_services_enrichment.TestServicesEnrichment" name="test_service_has_brands[system-engineering-integration]" time="0.137" /><testcase classname="backend.tests.test_services_enrichment.TestServicesEnrichment" name="test_service_has_brands[wiring]" time="0.152" /><testcase classname="backend.tests.test_services_enrichment.TestServicesEnrichment" name="test_service_has_gallery_images[consultation-design]" time="0.213" /><testcase classname="backend.tests.test_services_enrichment.TestServicesEnrichment" name="test_service_has_gallery_images[home-cinema-multi-room-av]" time="0.188" /><testcase classname="backend.tests.test_services_enrichment.TestServicesEnrichment" name="test_service_has_gallery_images[security-surveillance-systems]" time="0.135" /><testcase classname="backend.tests.test_services_enrichment.TestServicesEnrichment" name="test_service_has_gallery_images[network-infrastructure-it]" time="0.207" /><testcase classname="backend.tests.test_services_enrichment.TestServicesEnrichment" name="test_service_has_gallery_images[system-engineering-integration]" time="0.188" /><testcase classname="backend.tests.test_services_enrichment.TestServicesEnrichment" name="test_service_has_gallery_images[wiring]" time="0.141" /><testcase classname="backend.tests.test_services_enrichment.TestServicesEnrichment" name="test_service_has_feature_cards[consultation-design]" time="0.177" /><testcase classname="backend.tests.test_services_enrichment.TestServicesEnrichment" name="test_service_has_feature_cards[home-cinema-multi-room-av]" time="0.137" /><testcase classname="backend.tests.test_services_enrichment.TestServicesEnrichment" name="test_service_has_feature_cards[security-surveillance-systems]" time="0.213" /><testcase classname="backend.tests.test_services_enrichment.TestServicesEnrichment" name="test_service_has_feature_cards[network-infrastructure-it]" time="0.128" /><testcase classname="backend.tests.test_services_enrichment.TestServicesEnrichment" name="test_service_has_feature_cards[system-engineering-integration]" time="0.153" /><testcase classname="backend.tests.test_services_enrichment.TestServicesEnrichment" name="test_service_has_feature_cards[wiring]" time="0.217" /><testcase classname="backend.tests.test_services_enrichment.TestServicesEnrichment" name="test_service_has_related_products[consultation-design]" time="0.162" /><testcase classname="backend.tests.test_services_enrichment.TestServicesEnrichment" name="test_service_has_related_products[home-cinema-multi-room-av]" time="0.127" /><testcase classname="backend.tests.test_services_enrichment.TestServicesEnrichment" name="test_service_has_related_products[security-surveillance-systems]" time="0.162" /><testcase classname="backend.tests.test_services_enrichment.TestServicesEnrichment" name="test_service_has_related_products[network-infrastructure-it]" time="0.156" /><testcase classname="backend.tests.test_services_enrichment.TestServicesEnrichment" name="test_service_has_related_products[system-engineering-integration]" time="0.206" /><testcase classname="backend.tests.test_services_enrichment.TestServicesEnrichment" name="test_service_has_related_products[wiring]" time="0.235" /><testcase classname="backend.tests.test_services_enrichment.TestConsultationDesignService" name="test_consultation_design_has_all_fields" time="0.194" /><testcase classname="backend.tests.test_services_enrichment.TestHomeCinemaService" name="test_home_cinema_service_has_cinema_brands" time="0.194" /><testcase classname="backend.tests.test_services_enrichment.TestSecurityService" name="test_security_service_has_security_brands" time="0.235" /><testcase classname="backend.tests.test_services_enrichment.TestNetworkService" name="test_network_service_has_network_brands" time="0.194" /><testcase classname="backend.tests.test_services_enrichment.TestSolutionsRegressionCheck" name="test_smart_home_solution_still_works" time="0.132" /><testcase classname="backend.tests.test_services_enrichment.TestSolutionsRegressionCheck" name="test_boardrooms_solution_still_works" time="0.130" /><testcase classname="backend.tests.test_services_enrichment.TestSolutionsCMSStats" name="test_solutions_count_matches" time="0.274" /><testcase classname="backend.tests.test_services_enrichment.TestSolutionsCMSStats" name="test_solutions_with_gallery_count" time="0.238" /></testsuite></testsuites>