<?xml version="1.0" encoding="utf-8"?><testsuites name="pytest tests"><testsuite name="pytest" errors="0" failures="20" skipped="0" tests="59" time="11.538" timestamp="2026-02-25T20:20:47.329737+00:00" hostname="agent-env-efbff260-06f8-4f3e-ab1b-ae42ec8549a0"><testcase classname="backend.tests.test_services_enrichment.TestServicesEnrichment" name="test_services_list_api" time="0.190" /><testcase classname="backend.tests.test_services_enrichment.TestServicesEnrichment" name="test_service_detail_api[consultation-design]" time="0.190" /><testcase classname="backend.tests.test_services_enrichment.TestServicesEnrichment" name="test_service_detail_api[home-cinema-multi-room-av]" time="0.203" /><testcase classname="backend.tests.test_services_enrichment.TestServicesEnrichment" name="test_service_detail_api[security-surveillance-systems]" time="0.169" /><testcase classname="backend.tests.test_services_enrichment.TestServicesEnrichment" name="test_service_detail_api[network-infrastructure-it]" time="0.133" /><testcase classname="backend.tests.test_services_enrichment.TestServicesEnrichment" name="test_service_detail_api[system-engineering-integration]" time="0.138" /><testcase classname="backend.tests.test_services_enrichment.TestServicesEnrichment" name="test_service_detail_api[wiring]" time="0.182" /><testcase classname="backend.tests.test_services_enrichment.TestServicesEnrichment" name="test_service_detail_api[installation-commissioning]" time="0.143"><failure message="AssertionError: Service installation-commissioning not found&#10;assert 404 == 200&#10; +  where 404 = &lt;Response [404]&gt;.status_code">backend/tests/test_services_enrichment.py:43: in test_service_detail_api
    assert response.status_code == 200, f"Service {slug} not found"
E   AssertionError: Service installation-commissioning not found
E   assert 404 == 200
E    +  where 404 = &lt;Response [404]&gt;.status_code</failure></testcase><testcase classname="backend.tests.test_services_enrichment.TestServicesEnrichment" name="test_service_detail_api[smart-home-programming]" time="0.137"><failure message="AssertionError: Service smart-home-programming not found&#10;assert 404 == 200&#10; +  where 404 = &lt;Response [404]&gt;.status_code">backend/tests/test_services_enrichment.py:43: in test_service_detail_api
    assert response.status_code == 200, f"Service {slug} not found"
E   AssertionError: Service smart-home-programming not found
E   assert 404 == 200
E    +  where 404 = &lt;Response [404]&gt;.status_code</failure></testcase><testcase classname="backend.tests.test_services_enrichment.TestServicesEnrichment" name="test_service_detail_api[service-maintenance]" time="0.369"><failure message="AssertionError: Service service-maintenance not found&#10;assert 404 == 200&#10; +  where 404 = &lt;Response [404]&gt;.status_code">backend/tests/test_services_enrichment.py:43: in test_service_detail_api
    assert response.status_code == 200, f"Service {slug} not found"
E   AssertionError: Service service-maintenance not found
E   assert 404 == 200
E    +  where 404 = &lt;Response [404]&gt;.status_code</failure></testcase><testcase classname="backend.tests.test_services_enrichment.TestServicesEnrichment" name="test_service_detail_api[warranty-aftercare]" time="0.157"><failure message="AssertionError: Service warranty-aftercare not found&#10;assert 404 == 200&#10; +  where 404 = &lt;Response [404]&gt;.status_code">backend/tests/test_services_enrichment.py:43: in test_service_detail_api
    assert response.status_code == 200, f"Service {slug} not found"
E   AssertionError: Service warranty-aftercare not found
E   assert 404 == 200
E    +  where 404 = &lt;Response [404]&gt;.status_code</failure></testcase><testcase classname="backend.tests.test_services_enrichment.TestServicesEnrichment" name="test_service_has_brands[consultation-design]" time="0.198" /><testcase classname="backend.tests.test_services_enrichment.TestServicesEnrichment" name="test_service_has_brands[home-cinema-multi-room-av]" time="0.257" /><testcase classname="backend.tests.test_services_enrichment.TestServicesEnrichment" name="test_service_has_brands[security-surveillance-systems]" time="0.161" /><testcase classname="backend.tests.test_services_enrichment.TestServicesEnrichment" name="test_service_has_brands[network-infrastructure-it]" time="0.143" /><testcase classname="backend.tests.test_services_enrichment.TestServicesEnrichment" name="test_service_has_brands[system-engineering-integration]" time="0.112" /><testcase classname="backend.tests.test_services_enrichment.TestServicesEnrichment" name="test_service_has_brands[wiring]" time="0.146" /><testcase classname="backend.tests.test_services_enrichment.TestServicesEnrichment" name="test_service_has_brands[installation-commissioning]" time="0.198"><failure message="assert 404 == 200&#10; +  where 404 = &lt;Response [404]&gt;.status_code">backend/tests/test_services_enrichment.py:53: in test_service_has_brands
    assert response.status_code == 200
E   assert 404 == 200
E    +  where 404 = &lt;Response [404]&gt;.status_code</failure></testcase><testcase classname="backend.tests.test_services_enrichment.TestServicesEnrichment" name="test_service_has_brands[smart-home-programming]" time="0.390"><failure message="assert 404 == 200&#10; +  where 404 = &lt;Response [404]&gt;.status_code">backend/tests/test_services_enrichment.py:53: in test_service_has_brands
    assert response.status_code == 200
E   assert 404 == 200
E    +  where 404 = &lt;Response [404]&gt;.status_code</failure></testcase><testcase classname="backend.tests.test_services_enrichment.TestServicesEnrichment" name="test_service_has_brands[service-maintenance]" time="0.140"><failure message="assert 404 == 200&#10; +  where 404 = &lt;Response [404]&gt;.status_code">backend/tests/test_services_enrichment.py:53: in test_service_has_brands
    assert response.status_code == 200
E   assert 404 == 200
E    +  where 404 = &lt;Response [404]&gt;.status_code</failure></testcase><testcase classname="backend.tests.test_services_enrichment.TestServicesEnrichment" name="test_service_has_brands[warranty-aftercare]" time="0.264"><failure message="assert 404 == 200&#10; +  where 404 = &lt;Response [404]&gt;.status_code">backend/tests/test_services_enrichment.py:53: in test_service_has_brands
    assert response.status_code == 200
E   assert 404 == 200
E    +  where 404 = &lt;Response [404]&gt;.status_code</failure></testcase><testcase classname="backend.tests.test_services_enrichment.TestServicesEnrichment" name="test_service_has_gallery_images[consultation-design]" time="0.139" /><testcase classname="backend.tests.test_services_enrichment.TestServicesEnrichment" name="test_service_has_gallery_images[home-cinema-multi-room-av]" time="0.183" /><testcase classname="backend.tests.test_services_enrichment.TestServicesEnrichment" name="test_service_has_gallery_images[security-surveillance-systems]" time="0.140" /><testcase classname="backend.tests.test_services_enrichment.TestServicesEnrichment" name="test_service_has_gallery_images[network-infrastructure-it]" time="0.210" /><testcase classname="backend.tests.test_services_enrichment.TestServicesEnrichment" name="test_service_has_gallery_images[system-engineering-integration]" time="0.124" /><testcase classname="backend.tests.test_services_enrichment.TestServicesEnrichment" name="test_service_has_gallery_images[wiring]" time="0.144" /><testcase classname="backend.tests.test_services_enrichment.TestServicesEnrichment" name="test_service_has_gallery_images[installation-commissioning]" time="0.317"><failure message="assert 404 == 200&#10; +  where 404 = &lt;Response [404]&gt;.status_code">backend/tests/test_services_enrichment.py:65: in test_service_has_gallery_images
    assert response.status_code == 200
E   assert 404 == 200
E    +  where 404 = &lt;Response [404]&gt;.status_code</failure></testcase><testcase classname="backend.tests.test_services_enrichment.TestServicesEnrichment" name="test_service_has_gallery_images[smart-home-programming]" time="0.195"><failure message="assert 404 == 200&#10; +  where 404 = &lt;Response [404]&gt;.status_code">backend/tests/test_services_enrichment.py:65: in test_service_has_gallery_images
    assert response.status_code == 200
E   assert 404 == 200
E    +  where 404 = &lt;Response [404]&gt;.status_code</failure></testcase><testcase classname="backend.tests.test_services_enrichment.TestServicesEnrichment" name="test_service_has_gallery_images[service-maintenance]" time="0.129"><failure message="assert 404 == 200&#10; +  where 404 = &lt;Response [404]&gt;.status_code">backend/tests/test_services_enrichment.py:65: in test_service_has_gallery_images
    assert response.status_code == 200
E   assert 404 == 200
E    +  where 404 = &lt;Response [404]&gt;.status_code</failure></testcase><testcase classname="backend.tests.test_services_enrichment.TestServicesEnrichment" name="test_service_has_gallery_images[warranty-aftercare]" time="0.273"><failure message="assert 404 == 200&#10; +  where 404 = &lt;Response [404]&gt;.status_code">backend/tests/test_services_enrichment.py:65: in test_service_has_gallery_images
    assert response.status_code == 200
E   assert 404 == 200
E    +  where 404 = &lt;Response [404]&gt;.status_code</failure></testcase><testcase classname="backend.tests.test_services_enrichment.TestServicesEnrichment" name="test_service_has_feature_cards[consultation-design]" time="0.208" /><testcase classname="backend.tests.test_services_enrichment.TestServicesEnrichment" name="test_service_has_feature_cards[home-cinema-multi-room-av]" time="0.167" /><testcase classname="backend.tests.test_services_enrichment.TestServicesEnrichment" name="test_service_has_feature_cards[security-surveillance-systems]" time="0.184" /><testcase classname="backend.tests.test_services_enrichment.TestServicesEnrichment" name="test_service_has_feature_cards[network-infrastructure-it]" time="0.155" /><testcase classname="backend.tests.test_services_enrichment.TestServicesEnrichment" name="test_service_has_feature_cards[system-engineering-integration]" time="0.194" /><testcase classname="backend.tests.test_services_enrichment.TestServicesEnrichment" name="test_service_has_feature_cards[wiring]" time="0.250" /><testcase classname="backend.tests.test_services_enrichment.TestServicesEnrichment" name="test_service_has_feature_cards[installation-commissioning]" time="0.161"><failure message="assert 404 == 200&#10; +  where 404 = &lt;Response [404]&gt;.status_code">backend/tests/test_services_enrichment.py:77: in test_service_has_feature_cards
    assert response.status_code == 200
E   assert 404 == 200
E    +  where 404 = &lt;Response [404]&gt;.status_code</failure></testcase><testcase classname="backend.tests.test_services_enrichment.TestServicesEnrichment" name="test_service_has_feature_cards[smart-home-programming]" time="0.176"><failure message="assert 404 == 200&#10; +  where 404 = &lt;Response [404]&gt;.status_code">backend/tests/test_services_enrichment.py:77: in test_service_has_feature_cards
    assert response.status_code == 200
E   assert 404 == 200
E    +  where 404 = &lt;Response [404]&gt;.status_code</failure></testcase><testcase classname="backend.tests.test_services_enrichment.TestServicesEnrichment" name="test_service_has_feature_cards[service-maintenance]" time="0.192"><failure message="assert 404 == 200&#10; +  where 404 = &lt;Response [404]&gt;.status_code">backend/tests/test_services_enrichment.py:77: in test_service_has_feature_cards
    assert response.status_code == 200
E   assert 404 == 200
E    +  where 404 = &lt;Response [404]&gt;.status_code</failure></testcase><testcase classname="backend.tests.test_services_enrichment.TestServicesEnrichment" name="test_service_has_feature_cards[warranty-aftercare]" time="0.157"><failure message="assert 404 == 200&#10; +  where 404 = &lt;Response [404]&gt;.status_code">backend/tests/test_services_enrichment.py:77: in test_service_has_feature_cards
    assert response.status_code == 200
E   assert 404 == 200
E    +  where 404 = &lt;Response [404]&gt;.status_code</failure></testcase><testcase classname="backend.tests.test_services_enrichment.TestServicesEnrichment" name="test_service_has_related_products[consultation-design]" time="0.161" /><testcase classname="backend.tests.test_services_enrichment.TestServicesEnrichment" name="test_service_has_related_products[home-cinema-multi-room-av]" time="0.137" /><testcase classname="backend.tests.test_services_enrichment.TestServicesEnrichment" name="test_service_has_related_products[security-surveillance-systems]" time="0.131" /><testcase classname="backend.tests.test_services_enrichment.TestServicesEnrichment" name="test_service_has_related_products[network-infrastructure-it]" time="0.161" /><testcase classname="backend.tests.test_services_enrichment.TestServicesEnrichment" name="test_service_has_related_products[system-engineering-integration]" time="0.170" /><testcase classname="backend.tests.test_services_enrichment.TestServicesEnrichment" name="test_service_has_related_products[wiring]" time="0.135" /><testcase classname="backend.tests.test_services_enrichment.TestServicesEnrichment" name="test_service_has_related_products[installation-commissioning]" time="0.149"><failure message="assert 404 == 200&#10; +  where 404 = &lt;Response [404]&gt;.status_code">backend/tests/test_services_enrichment.py:96: in test_service_has_related_products
    assert response.status_code == 200
E   assert 404 == 200
E    +  where 404 = &lt;Response [404]&gt;.status_code</failure></testcase><testcase classname="backend.tests.test_services_enrichment.TestServicesEnrichment" name="test_service_has_related_products[smart-home-programming]" time="0.125"><failure message="assert 404 == 200&#10; +  where 404 = &lt;Response [404]&gt;.status_code">backend/tests/test_services_enrichment.py:96: in test_service_has_related_products
    assert response.status_code == 200
E   assert 404 == 200
E    +  where 404 = &lt;Response [404]&gt;.status_code</failure></testcase><testcase classname="backend.tests.test_services_enrichment.TestServicesEnrichment" name="test_service_has_related_products[service-maintenance]" time="0.117"><failure message="assert 404 == 200&#10; +  where 404 = &lt;Response [404]&gt;.status_code">backend/tests/test_services_enrichment.py:96: in test_service_has_related_products
    assert response.status_code == 200
E   assert 404 == 200
E    +  where 404 = &lt;Response [404]&gt;.status_code</failure></testcase><testcase classname="backend.tests.test_services_enrichment.TestServicesEnrichment" name="test_service_has_related_products[warranty-aftercare]" time="0.262"><failure message="assert 404 == 200&#10; +  where 404 = &lt;Response [404]&gt;.status_code">backend/tests/test_services_enrichment.py:96: in test_service_has_related_products
    assert response.status_code == 200
E   assert 404 == 200
E    +  where 404 = &lt;Response [404]&gt;.status_code</failure></testcase><testcase classname="backend.tests.test_services_enrichment.TestConsultationDesignService" name="test_consultation_design_has_all_fields" time="0.585" /><testcase classname="backend.tests.test_services_enrichment.TestHomeCinemaService" name="test_home_cinema_service_has_cinema_brands" time="0.156" /><testcase classname="backend.tests.test_services_enrichment.TestSecurityService" name="test_security_service_has_security_brands" time="0.249" /><testcase classname="backend.tests.test_services_enrichment.TestNetworkService" name="test_network_service_has_network_brands" time="0.160" /><testcase classname="backend.tests.test_services_enrichment.TestSolutionsRegressionCheck" name="test_smart_home_solution_still_works" time="0.190" /><testcase classname="backend.tests.test_services_enrichment.TestSolutionsRegressionCheck" name="test_boardrooms_solution_still_works" time="0.129" /><testcase classname="backend.tests.test_services_enrichment.TestSolutionsCMSStats" name="test_solutions_count_matches" time="0.207" /><testcase classname="backend.tests.test_services_enrichment.TestSolutionsCMSStats" name="test_solutions_with_gallery_count" time="0.294" /></testsuite></testsuites>