<?xml version="1.0" encoding="utf-8"?><testsuites name="pytest tests"><testsuite name="pytest" errors="0" failures="1" skipped="0" tests="12" time="2.627" timestamp="2026-02-26T07:47:20.849475+00:00" hostname="agent-env-2a413a3a-70c9-4f9d-96f9-fd4109e07356"><testcase classname="backend.tests.test_static_to_cms_pages.TestStaticToCmsPagesAPI" name="test_cms_api_page_careers" time="0.954" /><testcase classname="backend.tests.test_static_to_cms_pages.TestStaticToCmsPagesAPI" name="test_cms_api_page_media" time="0.105" /><testcase classname="backend.tests.test_static_to_cms_pages.TestStaticToCmsPagesAPI" name="test_cms_api_page_support" time="0.121" /><testcase classname="backend.tests.test_static_to_cms_pages.TestStaticToCmsPagesAPI" name="test_cms_api_page_warranty" time="0.106" /><testcase classname="backend.tests.test_static_to_cms_pages.TestStaticToCmsPagesAPI" name="test_cms_api_page_developer_toolkit" time="0.113" /><testcase classname="backend.tests.test_static_to_cms_pages.TestStaticToCmsPagesAPI" name="test_cms_api_page_privacy_policy" time="0.162" /><testcase classname="backend.tests.test_static_to_cms_pages.TestStaticToCmsPagesAPI" name="test_cms_api_page_terms" time="0.116" /><testcase classname="backend.tests.test_static_to_cms_pages.TestStaticToCmsPagesAPI" name="test_cms_api_page_terms_of_service" time="0.156" /><testcase classname="backend.tests.test_static_to_cms_pages.TestStaticToCmsPagesAPI" name="test_cms_api_page_privacy" time="0.107" /><testcase classname="backend.tests.test_static_to_cms_pages.TestCmsUpdateEndpoint" name="test_cms_update_endpoint_exists" time="0.211"><failure message="AssertionError: Expected 200/401/403, got 405: {&quot;detail&quot;:&quot;Method Not Allowed&quot;}&#10;assert 405 in [200, 401, 403]&#10; +  where 405 = &lt;Response [405]&gt;.status_code">backend/tests/test_static_to_cms_pages.py:114: in test_cms_update_endpoint_exists
    assert response.status_code in [200, 401, 403], f"Expected 200/401/403, got {response.status_code}: {response.text}"
E   AssertionError: Expected 200/401/403, got 405: {"detail":"Method Not Allowed"}
E   assert 405 in [200, 401, 403]
E    +  where 405 = &lt;Response [405]&gt;.status_code</failure></testcase><testcase classname="backend.tests.test_static_to_cms_pages.TestBulkCmsEndpoint" name="test_bulk_cms_sections" time="0.101" /><testcase classname="backend.tests.test_static_to_cms_pages.TestRegisterDefaultsEndpoint" name="test_register_defaults_endpoint" time="0.107" /></testsuite></testsuites>