<?xml version="1.0" encoding="utf-8"?><testsuites name="pytest tests"><testsuite name="pytest" errors="0" failures="0" skipped="0" tests="17" time="2.129" timestamp="2026-02-26T07:02:28.455289+00:00" hostname="agent-env-ee3891f7-80a5-4799-bda1-60cb6cd42361"><testcase classname="tests.test_static_to_cms_migration.TestArticleEndpoints" name="test_knx_vs_control4_article" time="0.185" /><testcase classname="tests.test_static_to_cms_migration.TestArticleEndpoints" name="test_architect_automation_guide_article" time="0.104" /><testcase classname="tests.test_static_to_cms_migration.TestArticleEndpoints" name="test_best_home_automation_uae_article" time="0.103" /><testcase classname="tests.test_static_to_cms_migration.TestArticleEndpoints" name="test_smart_home_cost_dubai_villas_article" time="0.104" /><testcase classname="tests.test_static_to_cms_migration.TestArticleEndpoints" name="test_smart_home_guide_dubai_2025_article" time="0.107" /><testcase classname="tests.test_static_to_cms_migration.TestLocationEndpoints" name="test_palm_jumeirah_location" time="0.104" /><testcase classname="tests.test_static_to_cms_migration.TestLocationEndpoints" name="test_emirates_hills_location" time="0.108" /><testcase classname="tests.test_static_to_cms_migration.TestLocationEndpoints" name="test_downtown_dubai_location" time="0.120" /><testcase classname="tests.test_static_to_cms_migration.TestIntelligenceFeature" name="test_staff_accountability_feature_exists" time="0.289" /><testcase classname="tests.test_static_to_cms_migration.TestArticleResponseStructure" name="test_article_has_required_fields[knx-vs-control4-luxury]" time="0.105" /><testcase classname="tests.test_static_to_cms_migration.TestArticleResponseStructure" name="test_article_has_required_fields[architect-automation-guide]" time="0.108" /><testcase classname="tests.test_static_to_cms_migration.TestArticleResponseStructure" name="test_article_has_required_fields[best-home-automation-uae]" time="0.107" /><testcase classname="tests.test_static_to_cms_migration.TestArticleResponseStructure" name="test_article_has_required_fields[smart-home-cost-dubai-villas]" time="0.107" /><testcase classname="tests.test_static_to_cms_migration.TestArticleResponseStructure" name="test_article_has_required_fields[smart-home-guide-dubai-2025]" time="0.099" /><testcase classname="tests.test_static_to_cms_migration.TestLocationResponseStructure" name="test_location_has_required_fields[palm-jumeirah]" time="0.101" /><testcase classname="tests.test_static_to_cms_migration.TestLocationResponseStructure" name="test_location_has_required_fields[emirates-hills]" time="0.106" /><testcase classname="tests.test_static_to_cms_migration.TestLocationResponseStructure" name="test_location_has_required_fields[downtown-dubai]" time="0.104" /></testsuite></testsuites>