<?xml version="1.0" encoding="utf-8"?><testsuites name="pytest tests"><testsuite name="pytest" errors="0" failures="0" skipped="0" tests="16" time="10.430" timestamp="2026-03-07T10:39:48.909564+00:00" hostname="agent-env-7f3317db-7cde-45d7-9386-79d73442a0ae"><testcase classname="backend.tests.test_team_members_projects_crud.TestAdminAuthentication" name="test_admin_login_success" time="3.586" /><testcase classname="backend.tests.test_team_members_projects_crud.TestAdminAuthentication" name="test_admin_login_invalid_credentials" time="0.117" /><testcase classname="backend.tests.test_team_members_projects_crud.TestAdminAuthentication" name="test_admin_verify_token" time="0.444" /><testcase classname="backend.tests.test_team_members_projects_crud.TestTeamMembersPublicAPI" name="test_get_team_members_public" time="0.100" /><testcase classname="backend.tests.test_team_members_projects_crud.TestTeamMembersCRUD" name="test_get_all_team_members_admin" time="0.439" /><testcase classname="backend.tests.test_team_members_projects_crud.TestTeamMembersCRUD" name="test_create_team_member" time="0.564" /><testcase classname="backend.tests.test_team_members_projects_crud.TestTeamMembersCRUD" name="test_update_team_member" time="0.631" /><testcase classname="backend.tests.test_team_members_projects_crud.TestTeamMembersCRUD" name="test_delete_team_member" time="0.649" /><testcase classname="backend.tests.test_team_members_projects_crud.TestTeamMembersCRUD" name="test_delete_nonexistent_member_returns_404" time="0.438" /><testcase classname="backend.tests.test_team_members_projects_crud.TestProjectsCRUD" name="test_get_projects_public" time="0.108" /><testcase classname="backend.tests.test_team_members_projects_crud.TestProjectsCRUD" name="test_create_project" time="0.439" /><testcase classname="backend.tests.test_team_members_projects_crud.TestProjectsCRUD" name="test_update_project" time="0.641" /><testcase classname="backend.tests.test_team_members_projects_crud.TestProjectsCRUD" name="test_delete_project" time="0.646" /><testcase classname="backend.tests.test_team_members_projects_crud.TestProjectsCRUD" name="test_delete_nonexistent_project_returns_404" time="0.430" /><testcase classname="backend.tests.test_team_members_projects_crud.TestCleanup" name="test_cleanup_test_team_members" time="0.636" /><testcase classname="backend.tests.test_team_members_projects_crud.TestCleanup" name="test_cleanup_test_projects" time="0.447" /></testsuite></testsuites>