<?xml version="1.0" encoding="utf-8"?><testsuites name="pytest tests"><testsuite name="pytest" errors="0" failures="0" skipped="0" tests="9" time="25.802" timestamp="2026-03-10T09:34:45.873401+00:00" hostname="agent-env-91d752e7-7bec-4914-be2d-d29050d961c2"><testcase classname="backend.tests.test_video_upload_feature.TestVideoUploadEndpoint" name="test_video_upload_endpoint_exists" time="4.991" /><testcase classname="backend.tests.test_video_upload_feature.TestVideoUploadEndpoint" name="test_video_upload_rejects_invalid_extension" time="0.117" /><testcase classname="backend.tests.test_video_upload_feature.TestVideoUploadEndpoint" name="test_video_upload_rejects_invalid_content_type" time="0.126" /><testcase classname="backend.tests.test_video_upload_feature.TestVideoUploadEndpoint" name="test_video_upload_accepts_mp4" time="4.682" /><testcase classname="backend.tests.test_video_upload_feature.TestVideoUploadEndpoint" name="test_video_upload_accepts_webm" time="4.707" /><testcase classname="backend.tests.test_video_upload_feature.TestVideoUploadEndpoint" name="test_video_upload_accepts_mov" time="4.984" /><testcase classname="backend.tests.test_video_upload_feature.TestVideoUploadEndpoint" name="test_video_upload_validates_size_limit" time="4.917" /><testcase classname="backend.tests.test_video_upload_feature.TestAdminSiteSettingsAPI" name="test_site_settings_has_hero_video_field" time="0.510" /><testcase classname="backend.tests.test_video_upload_feature.TestAdminSiteSettingsAPI" name="test_site_settings_can_update_hero_video" time="0.699" /></testsuite></testsuites>