<?xml version="1.0" encoding="utf-8"?><testsuites name="pytest tests"><testsuite name="pytest" errors="0" failures="0" skipped="0" tests="14" time="3.690" timestamp="2026-03-06T09:49:51.088894+00:00" hostname="agent-env-c81a113a-cc17-4cc4-879f-90f8fc3c475d"><testcase classname="backend.tests.test_webp_image_optimization.TestWebPBackendAPI" name="test_catalog_products_returns_webp_urls" time="0.120" /><testcase classname="backend.tests.test_webp_image_optimization.TestWebPBackendAPI" name="test_single_product_returns_webp_url" time="0.221" /><testcase classname="backend.tests.test_webp_image_optimization.TestWebPBackendAPI" name="test_featured_products_have_webp" time="0.122" /><testcase classname="backend.tests.test_webp_image_optimization.TestWebPBackendAPI" name="test_no_png_jpg_urls_in_products" time="0.114" /><testcase classname="backend.tests.test_webp_image_optimization.TestCDNWebPDelivery" name="test_webp_image_accessible" time="0.220" /><testcase classname="backend.tests.test_webp_image_optimization.TestCDNWebPDelivery" name="test_webp_cache_headers" time="0.180" /><testcase classname="backend.tests.test_webp_image_optimization.TestCDNWebPDelivery" name="test_webp_content_type" time="0.176" /><testcase classname="backend.tests.test_webp_image_optimization.TestWebPSizeReduction" name="test_webp_file_size_reasonable" time="1.578" /><testcase classname="backend.tests.test_webp_image_optimization.TestSafeImageAutoUpgrade" name="test_api_health_check" time="0.118" /><testcase classname="backend.tests.test_webp_image_optimization.TestSafeImageAutoUpgrade" name="test_categories_endpoint" time="0.130" /><testcase classname="backend.tests.test_webp_image_optimization.TestSafeImageAutoUpgrade" name="test_brands_endpoint" time="0.147" /><testcase classname="backend.tests.test_webp_image_optimization.TestCatalogAPIIntegrity" name="test_search_with_webp_images" time="0.113" /><testcase classname="backend.tests.test_webp_image_optimization.TestCatalogAPIIntegrity" name="test_filter_by_category_with_webp" time="0.108" /><testcase classname="backend.tests.test_webp_image_optimization.TestCatalogAPIIntegrity" name="test_recommendations_have_webp" time="0.232" /></testsuite></testsuites>