<?xml version="1.0" encoding="utf-8"?><testsuites name="pytest tests"><testsuite name="pytest" errors="0" failures="2" skipped="0" tests="19" time="4.483" timestamp="2026-03-02T10:34:39.062765+00:00" hostname="agent-env-417639f0-7c15-4d20-a4ea-509292e701c6"><testcase classname="backend.tests.test_whatsapp_admin.TestWhatsAppAdminAuth" name="test_status_requires_auth" time="0.242" /><testcase classname="backend.tests.test_whatsapp_admin.TestWhatsAppAdminAuth" name="test_templates_list_requires_auth" time="0.109" /><testcase classname="backend.tests.test_whatsapp_admin.TestWhatsAppAdminAuth" name="test_create_template_requires_auth" time="0.140" /><testcase classname="backend.tests.test_whatsapp_admin.TestWhatsAppAdminAuth" name="test_logs_requires_auth" time="0.113" /><testcase classname="backend.tests.test_whatsapp_admin.TestWhatsAppAdminAuth" name="test_test_endpoint_requires_auth" time="0.103" /><testcase classname="backend.tests.test_whatsapp_admin.TestWhatsAppStatus" name="test_status_returns_correct_fields" time="0.476" /><testcase classname="backend.tests.test_whatsapp_admin.TestWhatsAppTemplates" name="test_list_templates_returns_seeded_templates" time="0.430" /><testcase classname="backend.tests.test_whatsapp_admin.TestWhatsAppTemplates" name="test_create_template" time="0.313" /><testcase classname="backend.tests.test_whatsapp_admin.TestWhatsAppTemplates" name="test_create_duplicate_template_returns_409" time="0.448" /><testcase classname="backend.tests.test_whatsapp_admin.TestWhatsAppTemplates" name="test_update_template_status" time="0.503" /><testcase classname="backend.tests.test_whatsapp_admin.TestWhatsAppTemplates" name="test_delete_template" time="0.296" /><testcase classname="backend.tests.test_whatsapp_admin.TestWhatsAppTemplates" name="test_delete_nonexistent_template_returns_404" time="0.097" /><testcase classname="backend.tests.test_whatsapp_admin.TestWhatsAppLogs" name="test_logs_returns_list" time="0.452" /><testcase classname="backend.tests.test_whatsapp_admin.TestServiceWorker" name="test_sw_accessible" time="0.097" /><testcase classname="backend.tests.test_whatsapp_admin.TestServiceWorker" name="test_sw_contains_v3_cache_names" time="0.100" /><testcase classname="backend.tests.test_whatsapp_admin.TestServiceWorker" name="test_sw_has_api_cache_patterns" time="0.101"><failure message="AssertionError: Missing /api/solutions in cache patterns&#10;assert '/api/solutions' in &quot;// LEXA Service Worker v3 — Enhanced Caching Strategy\n// Cache-first for static assets, stale-while-revalidate for API, offline fallback\n\nconst STATIC_CACHE = 'lexa-static-v3';\nconst API_CACHE = 'lexa-api-v1';\nconst API_MAX_AGE_MS = 5 * 60 * 1000; // 5 minutes TTL for API cache\n\n// Patterns to cache on fetch (static assets)\nconst STATIC_PATTERNS = [\n  /\\/_next\\/static\\/.*/,        // Next.js hashed chunks (immutable)\n  /\\/_next\\/image\\?.*/,         // Next.js optimized images\n  /\\.woff2$/,\n  /\\.woff$/,\n  /\\.css$/,\n  /\\.png$/,\n  /\\.jpg$/,\n  /\\.jpeg$/,\n  /\\.webp$/,\n  /\\.svg$/,\n  /\\.ico$/,\n];\n\n// API patterns to cache with stale-while-revalidate\nconst API_CACHE_PATTERNS = [\n  /\\/api\\/solutions/,\n  /\\/api\\/projects/,\n  /\\/api\\/articles/,\n  /\\/api\\/services/,\n  /\\/api\\/brands/,\n  /\\/api\\/packages/,\n  /\\/api\\/testimonials/,\n  /\\/api\\/locations/,\n  /\\/api\\/settings/,\n];\n\n// Never cache these\nconst NEVER_CACHE = [\n  /\\/api\\/admin/,\n  /\\/api\\/auth/,\n  /\\/api\\/bookings/,\n  /\\/api\\/submissions/,\n  /\\/api\\/analytics/,\n  /\\/api\\/clear-cache/,\n  /google-analytics/,\n  /googletagmanager/,\n  /facebook/,\n  ...d not expired, return immediately\n        if (cached) {\n          const cachedAt = parseInt(cached.headers.get('sw-cached-at') || '0');\n          const age = Date.now() - cachedAt;\n          if (age &lt; API_MAX_AGE_MS) {\n            // Fresh enough — return cached, update in background\n            fetchPromise; // fire-and-forget background update\n            return cached;\n          }\n        }\n\n        // No valid cache — wait for network\n        const networkResponse = await fetchPromise;\n        if (networkResponse) return networkResponse;\n        // Network failed, return stale cache as fallback\n        if (cached) return cached;\n        return new Response(JSON.stringify({ error: 'offline' }), {\n          status: 503,\n          headers: { 'Content-Type': 'application/json' },\n        });\n      })\n    );\n    return;\n  }\n});\n\n// Message handler for cache control\nself.addEventListener('message', (event) =&gt; {\n  if (event.data === 'skipWaiting') self.skipWaiting();\n  if (event.data === 'clearCache') {\n    caches.delete(STATIC_CACHE);\n    caches.delete(API_CACHE);\n  }\n  if (event.data === 'clearAPICache') {\n    caches.delete(API_CACHE);\n  }\n});\n&quot;">backend/tests/test_whatsapp_admin.py:345: in test_sw_has_api_cache_patterns
    assert "/api/solutions" in content, "Missing /api/solutions in cache patterns"
E   AssertionError: Missing /api/solutions in cache patterns
E   assert '/api/solutions' in "// LEXA Service Worker v3 — Enhanced Caching Strategy\n// Cache-first for static assets, stale-while-revalidate for API, offline fallback\n\nconst STATIC_CACHE = 'lexa-static-v3';\nconst API_CACHE = 'lexa-api-v1';\nconst API_MAX_AGE_MS = 5 * 60 * 1000; // 5 minutes TTL for API cache\n\n// Patterns to cache on fetch (static assets)\nconst STATIC_PATTERNS = [\n  /\\/_next\\/static\\/.*/,        // Next.js hashed chunks (immutable)\n  /\\/_next\\/image\\?.*/,         // Next.js optimized images\n  /\\.woff2$/,\n  /\\.woff$/,\n  /\\.css$/,\n  /\\.png$/,\n  /\\.jpg$/,\n  /\\.jpeg$/,\n  /\\.webp$/,\n  /\\.svg$/,\n  /\\.ico$/,\n];\n\n// API patterns to cache with stale-while-revalidate\nconst API_CACHE_PATTERNS = [\n  /\\/api\\/solutions/,\n  /\\/api\\/projects/,\n  /\\/api\\/articles/,\n  /\\/api\\/services/,\n  /\\/api\\/brands/,\n  /\\/api\\/packages/,\n  /\\/api\\/testimonials/,\n  /\\/api\\/locations/,\n  /\\/api\\/settings/,\n];\n\n// Never cache these\nconst NEVER_CACHE = [\n  /\\/api\\/admin/,\n  /\\/api\\/auth/,\n  /\\/api\\/bookings/,\n  /\\/api\\/submissions/,\n  /\\/api\\/analytics/,\n  /\\/api\\/clear-cache/,\n  /google-analytics/,\n  /googletagmanager/,\n  /facebook/,\n  ...d not expired, return immediately\n        if (cached) {\n          const cachedAt = parseInt(cached.headers.get('sw-cached-at') || '0');\n          const age = Date.now() - cachedAt;\n          if (age &lt; API_MAX_AGE_MS) {\n            // Fresh enough — return cached, update in background\n            fetchPromise; // fire-and-forget background update\n            return cached;\n          }\n        }\n\n        // No valid cache — wait for network\n        const networkResponse = await fetchPromise;\n        if (networkResponse) return networkResponse;\n        // Network failed, return stale cache as fallback\n        if (cached) return cached;\n        return new Response(JSON.stringify({ error: 'offline' }), {\n          status: 503,\n          headers: { 'Content-Type': 'application/json' },\n        });\n      })\n    );\n    return;\n  }\n});\n\n// Message handler for cache control\nself.addEventListener('message', (event) =&gt; {\n  if (event.data === 'skipWaiting') self.skipWaiting();\n  if (event.data === 'clearCache') {\n    caches.delete(STATIC_CACHE);\n    caches.delete(API_CACHE);\n  }\n  if (event.data === 'clearAPICache') {\n    caches.delete(API_CACHE);\n  }\n});\n"</failure></testcase><testcase classname="backend.tests.test_whatsapp_admin.TestServiceWorker" name="test_sw_never_cache_admin_and_auth" time="0.103"><failure message="AssertionError: Missing /api/admin in NEVER_CACHE&#10;assert '/api/admin' in &quot;// LEXA Service Worker v3 — Enhanced Caching Strategy\n// Cache-first for static assets, stale-while-revalidate for API, offline fallback\n\nconst STATIC_CACHE = 'lexa-static-v3';\nconst API_CACHE = 'lexa-api-v1';\nconst API_MAX_AGE_MS = 5 * 60 * 1000; // 5 minutes TTL for API cache\n\n// Patterns to cache on fetch (static assets)\nconst STATIC_PATTERNS = [\n  /\\/_next\\/static\\/.*/,        // Next.js hashed chunks (immutable)\n  /\\/_next\\/image\\?.*/,         // Next.js optimized images\n  /\\.woff2$/,\n  /\\.woff$/,\n  /\\.css$/,\n  /\\.png$/,\n  /\\.jpg$/,\n  /\\.jpeg$/,\n  /\\.webp$/,\n  /\\.svg$/,\n  /\\.ico$/,\n];\n\n// API patterns to cache with stale-while-revalidate\nconst API_CACHE_PATTERNS = [\n  /\\/api\\/solutions/,\n  /\\/api\\/projects/,\n  /\\/api\\/articles/,\n  /\\/api\\/services/,\n  /\\/api\\/brands/,\n  /\\/api\\/packages/,\n  /\\/api\\/testimonials/,\n  /\\/api\\/locations/,\n  /\\/api\\/settings/,\n];\n\n// Never cache these\nconst NEVER_CACHE = [\n  /\\/api\\/admin/,\n  /\\/api\\/auth/,\n  /\\/api\\/bookings/,\n  /\\/api\\/submissions/,\n  /\\/api\\/analytics/,\n  /\\/api\\/clear-cache/,\n  /google-analytics/,\n  /googletagmanager/,\n  /facebook/,\n  ...d not expired, return immediately\n        if (cached) {\n          const cachedAt = parseInt(cached.headers.get('sw-cached-at') || '0');\n          const age = Date.now() - cachedAt;\n          if (age &lt; API_MAX_AGE_MS) {\n            // Fresh enough — return cached, update in background\n            fetchPromise; // fire-and-forget background update\n            return cached;\n          }\n        }\n\n        // No valid cache — wait for network\n        const networkResponse = await fetchPromise;\n        if (networkResponse) return networkResponse;\n        // Network failed, return stale cache as fallback\n        if (cached) return cached;\n        return new Response(JSON.stringify({ error: 'offline' }), {\n          status: 503,\n          headers: { 'Content-Type': 'application/json' },\n        });\n      })\n    );\n    return;\n  }\n});\n\n// Message handler for cache control\nself.addEventListener('message', (event) =&gt; {\n  if (event.data === 'skipWaiting') self.skipWaiting();\n  if (event.data === 'clearCache') {\n    caches.delete(STATIC_CACHE);\n    caches.delete(API_CACHE);\n  }\n  if (event.data === 'clearAPICache') {\n    caches.delete(API_CACHE);\n  }\n});\n&quot;">backend/tests/test_whatsapp_admin.py:356: in test_sw_never_cache_admin_and_auth
    assert "/api/admin" in content, "Missing /api/admin in NEVER_CACHE"
E   AssertionError: Missing /api/admin in NEVER_CACHE
E   assert '/api/admin' in "// LEXA Service Worker v3 — Enhanced Caching Strategy\n// Cache-first for static assets, stale-while-revalidate for API, offline fallback\n\nconst STATIC_CACHE = 'lexa-static-v3';\nconst API_CACHE = 'lexa-api-v1';\nconst API_MAX_AGE_MS = 5 * 60 * 1000; // 5 minutes TTL for API cache\n\n// Patterns to cache on fetch (static assets)\nconst STATIC_PATTERNS = [\n  /\\/_next\\/static\\/.*/,        // Next.js hashed chunks (immutable)\n  /\\/_next\\/image\\?.*/,         // Next.js optimized images\n  /\\.woff2$/,\n  /\\.woff$/,\n  /\\.css$/,\n  /\\.png$/,\n  /\\.jpg$/,\n  /\\.jpeg$/,\n  /\\.webp$/,\n  /\\.svg$/,\n  /\\.ico$/,\n];\n\n// API patterns to cache with stale-while-revalidate\nconst API_CACHE_PATTERNS = [\n  /\\/api\\/solutions/,\n  /\\/api\\/projects/,\n  /\\/api\\/articles/,\n  /\\/api\\/services/,\n  /\\/api\\/brands/,\n  /\\/api\\/packages/,\n  /\\/api\\/testimonials/,\n  /\\/api\\/locations/,\n  /\\/api\\/settings/,\n];\n\n// Never cache these\nconst NEVER_CACHE = [\n  /\\/api\\/admin/,\n  /\\/api\\/auth/,\n  /\\/api\\/bookings/,\n  /\\/api\\/submissions/,\n  /\\/api\\/analytics/,\n  /\\/api\\/clear-cache/,\n  /google-analytics/,\n  /googletagmanager/,\n  /facebook/,\n  ...d not expired, return immediately\n        if (cached) {\n          const cachedAt = parseInt(cached.headers.get('sw-cached-at') || '0');\n          const age = Date.now() - cachedAt;\n          if (age &lt; API_MAX_AGE_MS) {\n            // Fresh enough — return cached, update in background\n            fetchPromise; // fire-and-forget background update\n            return cached;\n          }\n        }\n\n        // No valid cache — wait for network\n        const networkResponse = await fetchPromise;\n        if (networkResponse) return networkResponse;\n        // Network failed, return stale cache as fallback\n        if (cached) return cached;\n        return new Response(JSON.stringify({ error: 'offline' }), {\n          status: 503,\n          headers: { 'Content-Type': 'application/json' },\n        });\n      })\n    );\n    return;\n  }\n});\n\n// Message handler for cache control\nself.addEventListener('message', (event) =&gt; {\n  if (event.data === 'skipWaiting') self.skipWaiting();\n  if (event.data === 'clearCache') {\n    caches.delete(STATIC_CACHE);\n    caches.delete(API_CACHE);\n  }\n  if (event.data === 'clearAPICache') {\n    caches.delete(API_CACHE);\n  }\n});\n"</failure></testcase><testcase classname="backend.tests.test_whatsapp_admin.TestServiceWorker" name="test_sw_has_image_svg_ico_patterns" time="0.098" /><testcase classname="backend.tests.test_whatsapp_admin.TestServiceWorker" name="test_sw_has_clear_api_cache_support" time="0.101" /></testsuite></testsuites>