<?xml version="1.0" encoding="utf-8"?><testsuites name="pytest tests"><testsuite name="pytest" errors="0" failures="0" skipped="0" tests="19" time="4.283" timestamp="2026-03-02T10:35:00.977507+00:00" hostname="agent-env-417639f0-7c15-4d20-a4ea-509292e701c6"><testcase classname="backend.tests.test_whatsapp_admin.TestWhatsAppAdminAuth" name="test_status_requires_auth" time="0.132" /><testcase classname="backend.tests.test_whatsapp_admin.TestWhatsAppAdminAuth" name="test_templates_list_requires_auth" time="0.102" /><testcase classname="backend.tests.test_whatsapp_admin.TestWhatsAppAdminAuth" name="test_create_template_requires_auth" time="0.107" /><testcase classname="backend.tests.test_whatsapp_admin.TestWhatsAppAdminAuth" name="test_logs_requires_auth" time="0.106" /><testcase classname="backend.tests.test_whatsapp_admin.TestWhatsAppAdminAuth" name="test_test_endpoint_requires_auth" time="0.105" /><testcase classname="backend.tests.test_whatsapp_admin.TestWhatsAppStatus" name="test_status_returns_correct_fields" time="0.453" /><testcase classname="backend.tests.test_whatsapp_admin.TestWhatsAppTemplates" name="test_list_templates_returns_seeded_templates" time="0.435" /><testcase classname="backend.tests.test_whatsapp_admin.TestWhatsAppTemplates" name="test_create_template" time="0.326" /><testcase classname="backend.tests.test_whatsapp_admin.TestWhatsAppTemplates" name="test_create_duplicate_template_returns_409" time="0.410" /><testcase classname="backend.tests.test_whatsapp_admin.TestWhatsAppTemplates" name="test_update_template_status" time="0.526" /><testcase classname="backend.tests.test_whatsapp_admin.TestWhatsAppTemplates" name="test_delete_template" time="0.337" /><testcase classname="backend.tests.test_whatsapp_admin.TestWhatsAppTemplates" name="test_delete_nonexistent_template_returns_404" time="0.115" /><testcase classname="backend.tests.test_whatsapp_admin.TestWhatsAppLogs" name="test_logs_returns_list" time="0.433" /><testcase classname="backend.tests.test_whatsapp_admin.TestServiceWorker" name="test_sw_accessible" time="0.103" /><testcase classname="backend.tests.test_whatsapp_admin.TestServiceWorker" name="test_sw_contains_v3_cache_names" time="0.095" /><testcase classname="backend.tests.test_whatsapp_admin.TestServiceWorker" name="test_sw_has_api_cache_patterns" time="0.101" /><testcase classname="backend.tests.test_whatsapp_admin.TestServiceWorker" name="test_sw_never_cache_admin_and_auth" time="0.098" /><testcase classname="backend.tests.test_whatsapp_admin.TestServiceWorker" name="test_sw_has_image_svg_ico_patterns" time="0.103" /><testcase classname="backend.tests.test_whatsapp_admin.TestServiceWorker" name="test_sw_has_clear_api_cache_support" time="0.105" /></testsuite></testsuites>